<?xml version="1.0" encoding="UTF-8"?>
<robot generator="Robot 6.1.1 (Python 3.12.0 on win32)" generated="20240208 17:16:44.515" rpa="false" schemaversion="4">
<suite id="s1" name="Americanas-Robot" source="C:\QAx\projects-web\americanas-robot">
<suite id="s1-s1" name="Tests" source="C:\QAx\projects-web\americanas-robot\Tests">
<suite id="s1-s1-s1" name="Signup" source="C:\QAx\projects-web\americanas-robot\Tests\signup.robot">
<test id="s1-s1-s1-t1" name="Deve poder cadastrar um novo cliente" line="12">
<kw name="Iniciar Sessão" library="base" type="SETUP">
<kw name="New Browser" library="Browser">
<arg>browser=${BROWSER}</arg>
<arg>headless=False</arg>
<tag>BrowserControl</tag>
<tag>Setter</tag>
<doc>Create a new playwright Browser with specified options.</doc>
<msg timestamp="20240208 17:16:47.370" level="INFO">{"browser": "chromium", "headless": false, "chromiumSandbox": false, "devtools": false, "handleSIGHUP": true, "handleSIGINT": true, "handleSIGTERM": true, "slowMo": 0.0, "timeout": 30000.0, "tracesDir": "C:\\QAx\\projects-web\\americanas-robot\\logs\\browser\\traces\\ca965c99-7af7-4328-925e-1fc27a0e6834"}</msg>
<msg timestamp="20240208 17:16:51.554" level="INFO">Successfully created browser with options: {"browser":"chromium","headless":false,"chromiumSandbox":false,"devtools":false,"handleSIGHUP":true,"handleSIGINT":true,"handleSIGTERM":true,"slowMo":0,"timeout":30000,"tracesDir":"C:\\QAx\\projects-web\\americanas-robot\\logs\\browser\\traces\\ca965c99-7af7-4328-925e-1fc27a0e6834"}</msg>
<status status="PASS" starttime="20240208 17:16:47.369" endtime="20240208 17:16:51.554"/>
</kw>
<kw name="Set Browser Timeout" library="Browser">
<arg>50 sec</arg>
<tag>Config</tag>
<tag>Setter</tag>
<doc>Sets the timeout used by most input and getter keywords.</doc>
<msg timestamp="20240208 17:16:51.564" level="INFO">No context open.</msg>
<status status="PASS" starttime="20240208 17:16:51.555" endtime="20240208 17:16:51.564"/>
</kw>
<kw name="New Page" library="Browser">
<arg>https://cliente.americanas.com.br/minha-conta/cadastro?next=https://www.americanas.com.br/</arg>
<tag>BrowserControl</tag>
<tag>Setter</tag>
<doc>Open a new Page.</doc>
<msg timestamp="20240208 17:16:59.532" level="INFO">Successfully initialized new page object and opened url: https://cliente.americanas.com.br/minha-conta/cadastro?next=https://www.americanas.com.br/</msg>
<msg timestamp="20240208 17:16:59.532" level="INFO">No context was open. New context was automatically opened when this page is created.</msg>
<status status="PASS" starttime="20240208 17:16:51.564" endtime="20240208 17:16:59.533"/>
</kw>
<kw name="Wait For Elements State" library="Browser">
<arg>css=h2[class="sc-jiazSf iPxXVO"]</arg>
<arg>visible</arg>
<arg>15</arg>
<tag>PageContent</tag>
<tag>Wait</tag>
<doc>Waits for the element found by ``selector`` to satisfy state option.</doc>
<msg timestamp="20240208 17:16:59.638" level="INFO">Waited for Element with selector css=h2[class="sc-jiazSf iPxXVO"] at state visible</msg>
<status status="PASS" starttime="20240208 17:16:59.533" endtime="20240208 17:16:59.639"/>
</kw>
<status status="PASS" starttime="20240208 17:16:47.368" endtime="20240208 17:16:59.639"/>
</kw>
<kw name="Create Dictionary" library="BuiltIn">
<var>${Americanas}</var>
<arg>nome=Samuel Henrique Rocha Neves</arg>
<arg>datadenascimento=16/02/2000</arg>
<arg>CPF=000.000.000-00</arg>
<arg>telefone=77 99835-0867</arg>
<arg>email=naoseioquenaoseioquela@gmail.com</arg>
<arg>senha=12SdQ12</arg>
<doc>Creates and returns a dictionary based on the given ``items``.</doc>
<msg timestamp="20240208 17:16:59.681" level="INFO">${Americanas} = {'nome': 'Samuel Henrique Rocha Neves', 'datadenascimento': '16/02/2000', 'CPF': '000.000.000-00', 'telefone': '77 99835-0867', 'email': 'naoseioquenaoseioquela@gmail.com', 'senha': '12SdQ12'}</msg>
<status status="PASS" starttime="20240208 17:16:59.680" endtime="20240208 17:16:59.681"/>
</kw>
<kw name="Preencher as informações solicitadas" library="signup">
<arg>${Americanas}</arg>
<kw name="Fill Text" library="Browser">
<arg>css=input[name="name"]</arg>
<arg>${Americanas}[nome]</arg>
<tag>PageContent</tag>
<tag>Setter</tag>
<doc>Clears and fills the given ``txt`` into the text field found by ``selector``.</doc>
<msg timestamp="20240208 17:16:59.702" level="INFO">Fills the text 'Samuel Henrique Rocha Neves' in the given field.</msg>
<status status="PASS" starttime="20240208 17:16:59.701" endtime="20240208 17:16:59.809"/>
</kw>
<kw name="Click" library="Browser">
<arg>css=label[data-cy="labelFor__M"]</arg>
<tag>PageContent</tag>
<tag>Setter</tag>
<doc>Simulates mouse click on the element found by ``selector``.</doc>
<status status="PASS" starttime="20240208 17:16:59.810" endtime="20240208 17:16:59.930"/>
</kw>
<kw name="Fill Text" library="Browser">
<arg>css=input[name="birthDate"]</arg>
<arg>${Americanas}[datadenascimento]</arg>
<tag>PageContent</tag>
<tag>Setter</tag>
<doc>Clears and fills the given ``txt`` into the text field found by ``selector``.</doc>
<msg timestamp="20240208 17:16:59.931" level="INFO">Fills the text '16/02/2000' in the given field.</msg>
<status status="PASS" starttime="20240208 17:16:59.931" endtime="20240208 17:17:00.082"/>
</kw>
<kw name="Fill Text" library="Browser">
<arg>css=input[name="cpf"]</arg>
<arg>${Americanas}[CPF]</arg>
<tag>PageContent</tag>
<tag>Setter</tag>
<doc>Clears and fills the given ``txt`` into the text field found by ``selector``.</doc>
<msg timestamp="20240208 17:17:00.084" level="INFO">Fills the text '000.000.000-00' in the given field.</msg>
<status status="PASS" starttime="20240208 17:17:00.084" endtime="20240208 17:17:00.412"/>
</kw>
<kw name="Fill Text" library="Browser">
<arg>css=input[name="phone"]</arg>
<arg>${Americanas}[telefone]</arg>
<tag>PageContent</tag>
<tag>Setter</tag>
<doc>Clears and fills the given ``txt`` into the text field found by ``selector``.</doc>
<msg timestamp="20240208 17:17:00.414" level="INFO">Fills the text '77 99835-0867' in the given field.</msg>
<status status="PASS" starttime="20240208 17:17:00.413" endtime="20240208 17:17:00.566"/>
</kw>
<kw name="Fill Text" library="Browser">
<arg>css=input[name="email"]</arg>
<arg>${Americanas}[email]</arg>
<tag>PageContent</tag>
<tag>Setter</tag>
<doc>Clears and fills the given ``txt`` into the text field found by ``selector``.</doc>
<msg timestamp="20240208 17:17:00.567" level="INFO">Fills the text 'naoseioquenaoseioquela@gmail.com' in the given field.</msg>
<status status="PASS" starttime="20240208 17:17:00.566" endtime="20240208 17:17:00.668"/>
</kw>
<kw name="Fill Text" library="Browser">
<arg>css=input[name="password"]</arg>
<arg>${Americanas}[senha]</arg>
<tag>PageContent</tag>
<tag>Setter</tag>
<doc>Clears and fills the given ``txt`` into the text field found by ``selector``.</doc>
<msg timestamp="20240208 17:17:00.670" level="INFO">Fills the text '12SdQ12' in the given field.</msg>
<status status="PASS" starttime="20240208 17:17:00.669" endtime="20240208 17:17:00.762"/>
</kw>
<kw name="Wait For Elements State" library="Browser">
<arg>css=span[class="sc-SBXiz iYtHZL"]</arg>
<arg>visible</arg>
<arg>5</arg>
<tag>PageContent</tag>
<tag>Wait</tag>
<doc>Waits for the element found by ``selector`` to satisfy state option.</doc>
<msg timestamp="20240208 17:17:00.788" level="INFO">Waited for Element with selector css=span[class="sc-SBXiz iYtHZL"] at state visible</msg>
<status status="PASS" starttime="20240208 17:17:00.763" endtime="20240208 17:17:00.788"/>
</kw>
<status status="PASS" starttime="20240208 17:16:59.700" endtime="20240208 17:17:00.788"/>
</kw>
<kw name="Submeter informações iniciais de cadastro" library="signup">
<kw name="Click" library="Browser">
<arg>css=button[type="submit"]</arg>
<tag>PageContent</tag>
<tag>Setter</tag>
<doc>Simulates mouse click on the element found by ``selector``.</doc>
<status status="PASS" starttime="20240208 17:17:00.790" endtime="20240208 17:17:00.956"/>
</kw>
<status status="PASS" starttime="20240208 17:17:00.789" endtime="20240208 17:17:00.956"/>
</kw>
<kw name="Finalizar Sessão" library="base" type="TEARDOWN">
<kw name="Take Screenshot" library="Browser">
<arg>fullPage=True</arg>
<tag>PageContent</tag>
<doc>Takes a screenshot of the current window or element and saves it to disk.</doc>
<msg timestamp="20240208 17:17:01.819" level="INFO" html="true">&lt;/td&gt;&lt;/tr&gt;&lt;tr&gt;&lt;td colspan="3"&gt;&lt;a href="browser/screenshot/robotframework-browser-screenshot-1.png" target="_blank"&gt;&lt;img src="browser/screenshot/robotframework-browser-screenshot-1.png" width="800px"/&gt;&lt;/a&gt;</msg>
<status status="PASS" starttime="20240208 17:17:00.969" endtime="20240208 17:17:01.819"/>
</kw>
<status status="PASS" starttime="20240208 17:17:00.968" endtime="20240208 17:17:01.819"/>
</kw>
<tag>principal</tag>
<status status="PASS" starttime="20240208 17:16:47.363" endtime="20240208 17:17:01.858"/>
</test>
<test id="s1-s1-s1-t2" name="Não deve poder cadastrar um novo cliente se CPF foi inválido" line="25">
<kw name="Iniciar Sessão" library="base" type="SETUP">
<kw name="New Browser" library="Browser">
<arg>browser=${BROWSER}</arg>
<arg>headless=False</arg>
<tag>BrowserControl</tag>
<tag>Setter</tag>
<doc>Create a new playwright Browser with specified options.</doc>
<msg timestamp="20240208 17:17:02.218" level="INFO">Switching browser to browser=64531c1b-327b-4816-b821-9c6dc1ea0000</msg>
<msg timestamp="20240208 17:17:02.225" level="INFO">Successfully changed active browser: browser=64531c1b-327b-4816-b821-9c6dc1ea0000</msg>
<msg timestamp="20240208 17:17:02.225" level="INFO">Reusing existing browser with id: browser=64531c1b-327b-4816-b821-9c6dc1ea0000</msg>
<status status="PASS" starttime="20240208 17:17:02.217" endtime="20240208 17:17:02.225"/>
</kw>
<kw name="Set Browser Timeout" library="Browser">
<arg>50 sec</arg>
<tag>Config</tag>
<tag>Setter</tag>
<doc>Sets the timeout used by most input and getter keywords.</doc>
<status status="PASS" starttime="20240208 17:17:02.226" endtime="20240208 17:17:02.226"/>
</kw>
<kw name="New Page" library="Browser">
<arg>https://cliente.americanas.com.br/minha-conta/cadastro?next=https://www.americanas.com.br/</arg>
<tag>BrowserControl</tag>
<tag>Setter</tag>
<doc>Open a new Page.</doc>
<msg timestamp="20240208 17:17:13.715" level="INFO">Successfully initialized new page object and opened url: https://cliente.americanas.com.br/minha-conta/cadastro?next=https://www.americanas.com.br/</msg>
<msg timestamp="20240208 17:17:13.716" level="INFO">No context was open. New context was automatically opened when this page is created.</msg>
<status status="PASS" starttime="20240208 17:17:02.227" endtime="20240208 17:17:13.717"/>
</kw>
<kw name="Wait For Elements State" library="Browser">
<arg>css=h2[class="sc-jiazSf iPxXVO"]</arg>
<arg>visible</arg>
<arg>15</arg>
<tag>PageContent</tag>
<tag>Wait</tag>
<doc>Waits for the element found by ``selector`` to satisfy state option.</doc>
<msg timestamp="20240208 17:17:13.807" level="INFO">Waited for Element with selector css=h2[class="sc-jiazSf iPxXVO"] at state visible</msg>
<status status="PASS" starttime="20240208 17:17:13.717" endtime="20240208 17:17:13.807"/>
</kw>
<status status="PASS" starttime="20240208 17:17:02.216" endtime="20240208 17:17:13.808"/>
</kw>
<kw name="Create Dictionary" library="BuiltIn">
<var>${Americanas}</var>
<arg>nome=Samuel Henrique Rocha Neves</arg>
<arg>datadenascimento=16/02/2000</arg>
<arg>CPF=132234234</arg>
<arg>telefone=77 99835-0867</arg>
<arg>email=andesondasilva@gmail.com</arg>
<arg>senha=12SdQ12</arg>
<doc>Creates and returns a dictionary based on the given ``items``.</doc>
<msg timestamp="20240208 17:17:13.824" level="INFO">${Americanas} = {'nome': 'Samuel Henrique Rocha Neves', 'datadenascimento': '16/02/2000', 'CPF': '132234234', 'telefone': '77 99835-0867', 'email': 'andesondasilva@gmail.com', 'senha': '12SdQ12'}</msg>
<status status="PASS" starttime="20240208 17:17:13.822" endtime="20240208 17:17:13.824"/>
</kw>
<kw name="Preencher as informações solicitadas" library="signup">
<arg>${Americanas}</arg>
<kw name="Fill Text" library="Browser">
<arg>css=input[name="name"]</arg>
<arg>${Americanas}[nome]</arg>
<tag>PageContent</tag>
<tag>Setter</tag>
<doc>Clears and fills the given ``txt`` into the text field found by ``selector``.</doc>
<msg timestamp="20240208 17:17:13.826" level="INFO">Fills the text 'Samuel Henrique Rocha Neves' in the given field.</msg>
<status status="PASS" starttime="20240208 17:17:13.825" endtime="20240208 17:17:13.919"/>
</kw>
<kw name="Click" library="Browser">
<arg>css=label[data-cy="labelFor__M"]</arg>
<tag>PageContent</tag>
<tag>Setter</tag>
<doc>Simulates mouse click on the element found by ``selector``.</doc>
<status status="PASS" starttime="20240208 17:17:13.920" endtime="20240208 17:17:14.034"/>
</kw>
<kw name="Fill Text" library="Browser">
<arg>css=input[name="birthDate"]</arg>
<arg>${Americanas}[datadenascimento]</arg>
<tag>PageContent</tag>
<tag>Setter</tag>
<doc>Clears and fills the given ``txt`` into the text field found by ``selector``.</doc>
<msg timestamp="20240208 17:17:14.035" level="INFO">Fills the text '16/02/2000' in the given field.</msg>
<status status="PASS" starttime="20240208 17:17:14.035" endtime="20240208 17:17:14.120"/>
</kw>
<kw name="Fill Text" library="Browser">
<arg>css=input[name="cpf"]</arg>
<arg>${Americanas}[CPF]</arg>
<tag>PageContent</tag>
<tag>Setter</tag>
<doc>Clears and fills the given ``txt`` into the text field found by ``selector``.</doc>
<msg timestamp="20240208 17:17:14.121" level="INFO">Fills the text '132234234' in the given field.</msg>
<status status="PASS" starttime="20240208 17:17:14.120" endtime="20240208 17:17:14.217"/>
</kw>
<kw name="Fill Text" library="Browser">
<arg>css=input[name="phone"]</arg>
<arg>${Americanas}[telefone]</arg>
<tag>PageContent</tag>
<tag>Setter</tag>
<doc>Clears and fills the given ``txt`` into the text field found by ``selector``.</doc>
<msg timestamp="20240208 17:17:14.219" level="INFO">Fills the text '77 99835-0867' in the given field.</msg>
<status status="PASS" starttime="20240208 17:17:14.218" endtime="20240208 17:17:14.508"/>
</kw>
<kw name="Fill Text" library="Browser">
<arg>css=input[name="email"]</arg>
<arg>${Americanas}[email]</arg>
<tag>PageContent</tag>
<tag>Setter</tag>
<doc>Clears and fills the given ``txt`` into the text field found by ``selector``.</doc>
<msg timestamp="20240208 17:17:14.509" level="INFO">Fills the text 'andesondasilva@gmail.com' in the given field.</msg>
<status status="PASS" starttime="20240208 17:17:14.508" endtime="20240208 17:17:14.789"/>
</kw>
<kw name="Fill Text" library="Browser">
<arg>css=input[name="password"]</arg>
<arg>${Americanas}[senha]</arg>
<tag>PageContent</tag>
<tag>Setter</tag>
<doc>Clears and fills the given ``txt`` into the text field found by ``selector``.</doc>
<msg timestamp="20240208 17:17:14.790" level="INFO">Fills the text '12SdQ12' in the given field.</msg>
<status status="PASS" starttime="20240208 17:17:14.789" endtime="20240208 17:17:14.953"/>
</kw>
<kw name="Wait For Elements State" library="Browser">
<arg>css=span[class="sc-SBXiz iYtHZL"]</arg>
<arg>visible</arg>
<arg>5</arg>
<tag>PageContent</tag>
<tag>Wait</tag>
<doc>Waits for the element found by ``selector`` to satisfy state option.</doc>
<msg timestamp="20240208 17:17:14.981" level="INFO">Waited for Element with selector css=span[class="sc-SBXiz iYtHZL"] at state visible</msg>
<status status="PASS" starttime="20240208 17:17:14.953" endtime="20240208 17:17:14.982"/>
</kw>
<status status="PASS" starttime="20240208 17:17:13.824" endtime="20240208 17:17:14.982"/>
</kw>
<kw name="Submeter informações iniciais de cadastro" library="signup">
<kw name="Click" library="Browser">
<arg>css=button[type="submit"]</arg>
<tag>PageContent</tag>
<tag>Setter</tag>
<doc>Simulates mouse click on the element found by ``selector``.</doc>
<status status="PASS" starttime="20240208 17:17:14.989" endtime="20240208 17:17:15.135"/>
</kw>
<status status="PASS" starttime="20240208 17:17:14.989" endtime="20240208 17:17:15.135"/>
</kw>
<kw name="Confirmação de informação inválida" library="signup">
<kw name="Wait For Elements State" library="Browser">
<arg>css=span[class="sc-zGZpD duuBtA"]</arg>
<arg>visible</arg>
<arg>15</arg>
<tag>PageContent</tag>
<tag>Wait</tag>
<doc>Waits for the element found by ``selector`` to satisfy state option.</doc>
<msg timestamp="20240208 17:17:15.158" level="INFO">Waited for Element with selector css=span[class="sc-zGZpD duuBtA"] at state visible</msg>
<status status="PASS" starttime="20240208 17:17:15.141" endtime="20240208 17:17:15.158"/>
</kw>
<status status="PASS" starttime="20240208 17:17:15.140" endtime="20240208 17:17:15.158"/>
</kw>
<kw name="Finalizar Sessão" library="base" type="TEARDOWN">
<kw name="Take Screenshot" library="Browser">
<arg>fullPage=True</arg>
<tag>PageContent</tag>
<doc>Takes a screenshot of the current window or element and saves it to disk.</doc>
<msg timestamp="20240208 17:17:15.989" level="INFO" html="true">&lt;/td&gt;&lt;/tr&gt;&lt;tr&gt;&lt;td colspan="3"&gt;&lt;a href="browser/screenshot/robotframework-browser-screenshot-2.png" target="_blank"&gt;&lt;img src="browser/screenshot/robotframework-browser-screenshot-2.png" width="800px"/&gt;&lt;/a&gt;</msg>
<status status="PASS" starttime="20240208 17:17:15.165" endtime="20240208 17:17:15.989"/>
</kw>
<status status="PASS" starttime="20240208 17:17:15.164" endtime="20240208 17:17:15.989"/>
</kw>
<tag>cpf_inv</tag>
<status status="PASS" starttime="20240208 17:17:02.209" endtime="20240208 17:17:16.017"/>
</test>
<doc>Suite de teste do cadastro em página web</doc>
<status status="PASS" starttime="20240208 17:16:44.589" endtime="20240208 17:17:16.293"/>
</suite>
<status status="PASS" starttime="20240208 17:16:44.583" endtime="20240208 17:17:16.314"/>
</suite>
<status status="PASS" starttime="20240208 17:16:44.519" endtime="20240208 17:17:16.317"/>
</suite>
<statistics>
<total>
<stat pass="2" fail="0" skip="0">All Tests</stat>
</total>
<tag>
<stat pass="1" fail="0" skip="0">cpf_inv</stat>
<stat pass="1" fail="0" skip="0">principal</stat>
</tag>
<suite>
<stat pass="2" fail="0" skip="0" id="s1" name="Americanas-Robot">Americanas-Robot</stat>
<stat pass="2" fail="0" skip="0" id="s1-s1" name="Tests">Americanas-Robot.Tests</stat>
<stat pass="2" fail="0" skip="0" id="s1-s1-s1" name="Signup">Americanas-Robot.Tests.Signup</stat>
</suite>
</statistics>
<errors>
</errors>
</robot>
