<?xml version="1.0" encoding="UTF-8"?>
<robot generator="Robot 6.1.1 (Python 3.12.0 on win32)" generated="20240208 16:22:34.070" rpa="false" schemaversion="4">
<suite id="s1" name="Testeapi-crud" source="C:\QAx\projects-API\Testeapi-crud">
<suite id="s1-s1" name="Tests" source="C:\QAx\projects-API\Testeapi-crud\Tests">
<suite id="s1-s1-s1" name="Api Crud" source="C:\QAx\projects-API\Testeapi-crud\Tests\api_crud.robot">
<test id="s1-s1-s1-t1" name="Cadastrar um novo usuário - POST" line="7">
<kw name="Criar novo usuário" library="base">
<kw name="Generate Random String" library="String">
<var>${aleatória}</var>
<arg>length=8</arg>
<arg>chars=[LETTERS]</arg>
<doc>Generates a string with a desired ``length`` from the given ``chars``.</doc>
<msg timestamp="20240208 16:22:34.341" level="INFO">${aleatória} = CRciZrHb</msg>
<status status="PASS" starttime="20240208 16:22:34.341" endtime="20240208 16:22:34.341"/>
</kw>
<kw name="Convert To Lower Case" library="String">
<var>${aleatória}</var>
<arg>${aleatória}</arg>
<doc>Converts string to lower case.</doc>
<msg timestamp="20240208 16:22:34.342" level="INFO">${aleatória} = crcizrhb</msg>
<status status="PASS" starttime="20240208 16:22:34.341" endtime="20240208 16:22:34.342"/>
</kw>
<kw name="Set Global Variable" library="BuiltIn">
<arg>${email}</arg>
<arg>${aleatória}@emailteste.com</arg>
<doc>Makes a variable available globally in all tests and suites.</doc>
<msg timestamp="20240208 16:22:34.343" level="INFO">${email} = crcizrhb@emailteste.com</msg>
<status status="PASS" starttime="20240208 16:22:34.342" endtime="20240208 16:22:34.344"/>
</kw>
<kw name="Log" library="BuiltIn">
<arg>${email}</arg>
<doc>Logs the given message with the given level.</doc>
<msg timestamp="20240208 16:22:34.344" level="INFO">crcizrhb@emailteste.com</msg>
<status status="PASS" starttime="20240208 16:22:34.344" endtime="20240208 16:22:34.344"/>
</kw>
<status status="PASS" starttime="20240208 16:22:34.340" endtime="20240208 16:22:34.344"/>
</kw>
<kw name="Cadastrar o usuário na API" library="base">
<arg>email=${email}</arg>
<arg>status_code=201</arg>
<kw name="Create Dictionary" library="BuiltIn">
<var>${body}</var>
<arg>nome=Ciclano da Silva</arg>
<arg>email=${email}</arg>
<arg>password=123456</arg>
<arg>administrador=true</arg>
<doc>Creates and returns a dictionary based on the given ``items``.</doc>
<msg timestamp="20240208 16:22:34.346" level="INFO">${body} = {'nome': 'Ciclano da Silva', 'email': 'crcizrhb@emailteste.com', 'password': '123456', 'administrador': 'true'}</msg>
<status status="PASS" starttime="20240208 16:22:34.345" endtime="20240208 16:22:34.346"/>
</kw>
<kw name="Log" library="BuiltIn">
<arg>${body}</arg>
<doc>Logs the given message with the given level.</doc>
<msg timestamp="20240208 16:22:34.346" level="INFO">{'nome': 'Ciclano da Silva', 'email': 'crcizrhb@emailteste.com', 'password': '123456', 'administrador': 'true'}</msg>
<status status="PASS" starttime="20240208 16:22:34.346" endtime="20240208 16:22:34.346"/>
</kw>
<kw name="Criar sessão na API" library="base">
<kw name="Create Dictionary" library="BuiltIn">
<var>${headers}</var>
<arg>accept=application/json</arg>
<arg>Content-Type=application/json</arg>
<doc>Creates and returns a dictionary based on the given ``items``.</doc>
<msg timestamp="20240208 16:22:34.347" level="INFO">${headers} = {'accept': 'application/json', 'Content-Type': 'application/json'}</msg>
<status status="PASS" starttime="20240208 16:22:34.346" endtime="20240208 16:22:34.347"/>
</kw>
<kw name="Create Session" library="RequestsLibrary">
<arg>alias=ServeRest</arg>
<arg>url=https://serverest.dev</arg>
<arg>headers=${headers}</arg>
<doc>Create Session: create a HTTP session to a server</doc>
<msg timestamp="20240208 16:22:34.347" level="INFO">Creating Session using : alias=ServeRest, url=https://serverest.dev, headers={'accept': 'application/json', 'Content-Type': 'application/json'},                     cookies={}, auth=None, timeout=None, proxies=None, verify=False,                     debug=0 </msg>
<status status="PASS" starttime="20240208 16:22:34.347" endtime="20240208 16:22:34.348"/>
</kw>
<status status="PASS" starttime="20240208 16:22:34.346" endtime="20240208 16:22:34.348"/>
</kw>
<kw name="POST On Session" library="RequestsLibrary">
<var>${dados}</var>
<arg>alias=ServeRest</arg>
<arg>url=/usuarios</arg>
<arg>json=${body}</arg>
<arg>expected_status=${status_code}</arg>
<doc>Sends a POST request on a previously created HTTP Session.</doc>
<msg timestamp="20240208 16:22:34.854" level="INFO">POST Request : url=https://serverest.dev/usuarios 
 path_url=/usuarios 
 headers={'User-Agent': 'python-requests/2.31.0', 'Accept-Encoding': 'gzip, deflate', 'accept': 'application/json', 'Connection': 'keep-alive', 'Content-Type': 'application/json', 'Content-Length': '111'} 
 body=b'{"nome": "Ciclano da Silva", "email": "crcizrhb@emailteste.com", "password": "123456", "administrador": "true"}' 
 </msg>
<msg timestamp="20240208 16:22:34.856" level="INFO">POST Response : url=https://serverest.dev/usuarios 
 status=201, reason=Created 
 headers={'access-control-allow-origin': '*', 'x-dns-prefetch-control': 'off', 'x-frame-options': 'SAMEORIGIN', 'strict-transport-security': 'max-age=15552000; includeSubDomains', 'x-download-options': 'noopen', 'x-content-type-options': 'nosniff', 'x-xss-protection': '1; mode=block', 'content-type': 'application/json; charset=utf-8', 'X-Cloud-Trace-Context': 'fd41840ebe2f302fceb4fcc4eb4fe600', 'Date': 'Thu, 08 Feb 2024 19:22:33 GMT', 'Server': 'Google Frontend', 'Content-Length': '82'} 
 body={
    "message": "Cadastro realizado com sucesso",
    "_id": "F6uskNGlMmNufEqw"
} 
 </msg>
<msg timestamp="20240208 16:22:34.856" level="INFO">C:\Users\Cliente\AppData\Local\Programs\Python\Python312\Lib\site-packages\urllib3\connectionpool.py:1100: InsecureRequestWarning: Unverified HTTPS request is being made to host 'serverest.dev'. Adding certificate verification is strongly advised. See: https://urllib3.readthedocs.io/en/latest/advanced-usage.html#tls-warnings
  warnings.warn(</msg>
<msg timestamp="20240208 16:22:34.856" level="INFO">${dados} = &lt;Response [201]&gt;</msg>
<status status="PASS" starttime="20240208 16:22:34.348" endtime="20240208 16:22:34.857"/>
</kw>
<kw name="Log" library="BuiltIn">
<arg>${dados.json()}</arg>
<doc>Logs the given message with the given level.</doc>
<msg timestamp="20240208 16:22:34.858" level="INFO">{'message': 'Cadastro realizado com sucesso', '_id': 'F6uskNGlMmNufEqw'}</msg>
<status status="PASS" starttime="20240208 16:22:34.857" endtime="20240208 16:22:34.858"/>
</kw>
<if>
<branch type="IF" condition="${dados.status_code} == 201">
<kw name="Set Global Variable" library="BuiltIn">
<arg>${id_usuario}</arg>
<arg>${dados.json()["_id"]}</arg>
<doc>Makes a variable available globally in all tests and suites.</doc>
<msg timestamp="20240208 16:22:34.860" level="INFO">${id_usuario} = F6uskNGlMmNufEqw</msg>
<status status="PASS" starttime="20240208 16:22:34.859" endtime="20240208 16:22:34.860"/>
</kw>
<status status="PASS" starttime="20240208 16:22:34.858" endtime="20240208 16:22:34.860"/>
</branch>
<status status="PASS" starttime="20240208 16:22:34.858" endtime="20240208 16:22:34.860"/>
</if>
<kw name="Set Test Variable" library="BuiltIn">
<arg>${resposta}</arg>
<arg>${dados.json()}</arg>
<doc>Makes a variable available everywhere within the scope of the current test.</doc>
<msg timestamp="20240208 16:22:34.862" level="INFO">${resposta} = {'message': 'Cadastro realizado com sucesso', '_id': 'F6uskNGlMmNufEqw'}</msg>
<status status="PASS" starttime="20240208 16:22:34.861" endtime="20240208 16:22:34.862"/>
</kw>
<status status="PASS" starttime="20240208 16:22:34.344" endtime="20240208 16:22:34.862"/>
</kw>
<kw name="Conferir Cadastro" library="base">
<kw name="Log" library="BuiltIn">
<arg>${resposta}</arg>
<doc>Logs the given message with the given level.</doc>
<msg timestamp="20240208 16:22:34.864" level="INFO">{'message': 'Cadastro realizado com sucesso', '_id': 'F6uskNGlMmNufEqw'}</msg>
<status status="PASS" starttime="20240208 16:22:34.863" endtime="20240208 16:22:34.864"/>
</kw>
<kw name="Dictionary Should Contain Item" library="Collections">
<arg>${resposta}</arg>
<arg>message</arg>
<arg>Cadastro realizado com sucesso</arg>
<doc>An item of ``key`` / ``value`` must be found in a ``dictionary``.</doc>
<status status="PASS" starttime="20240208 16:22:34.864" endtime="20240208 16:22:34.864"/>
</kw>
<kw name="Dictionary Should Contain Key" library="Collections">
<arg>${resposta}</arg>
<arg>_id</arg>
<doc>Fails if ``key`` is not found from ``dictionary``.</doc>
<status status="PASS" starttime="20240208 16:22:34.864" endtime="20240208 16:22:34.864"/>
</kw>
<status status="PASS" starttime="20240208 16:22:34.863" endtime="20240208 16:22:34.864"/>
</kw>
<kw name="Delete All Sessions" library="RequestsLibrary">
<doc>Removes all the session objects</doc>
<msg timestamp="20240208 16:22:34.866" level="INFO">Deleting All Sessions</msg>
<status status="PASS" starttime="20240208 16:22:34.865" endtime="20240208 16:22:34.866"/>
</kw>
<tag>POST</tag>
<status status="PASS" starttime="20240208 16:22:34.340" endtime="20240208 16:22:34.866"/>
</test>
<test id="s1-s1-s1-t2" name="Cadastrar usuário que já existente" line="16">
<kw name="Criar novo usuário" library="base">
<kw name="Generate Random String" library="String">
<var>${aleatória}</var>
<arg>length=8</arg>
<arg>chars=[LETTERS]</arg>
<doc>Generates a string with a desired ``length`` from the given ``chars``.</doc>
<msg timestamp="20240208 16:22:34.870" level="INFO">${aleatória} = wKLDeTEE</msg>
<status status="PASS" starttime="20240208 16:22:34.869" endtime="20240208 16:22:34.870"/>
</kw>
<kw name="Convert To Lower Case" library="String">
<var>${aleatória}</var>
<arg>${aleatória}</arg>
<doc>Converts string to lower case.</doc>
<msg timestamp="20240208 16:22:34.870" level="INFO">${aleatória} = wkldetee</msg>
<status status="PASS" starttime="20240208 16:22:34.870" endtime="20240208 16:22:34.870"/>
</kw>
<kw name="Set Global Variable" library="BuiltIn">
<arg>${email}</arg>
<arg>${aleatória}@emailteste.com</arg>
<doc>Makes a variable available globally in all tests and suites.</doc>
<msg timestamp="20240208 16:22:34.871" level="INFO">${email} = wkldetee@emailteste.com</msg>
<status status="PASS" starttime="20240208 16:22:34.870" endtime="20240208 16:22:34.871"/>
</kw>
<kw name="Log" library="BuiltIn">
<arg>${email}</arg>
<doc>Logs the given message with the given level.</doc>
<msg timestamp="20240208 16:22:34.871" level="INFO">wkldetee@emailteste.com</msg>
<status status="PASS" starttime="20240208 16:22:34.871" endtime="20240208 16:22:34.871"/>
</kw>
<status status="PASS" starttime="20240208 16:22:34.869" endtime="20240208 16:22:34.871"/>
</kw>
<kw name="Cadastrar o usuário na API" library="base">
<arg>email=${email}</arg>
<arg>status_code=201</arg>
<kw name="Create Dictionary" library="BuiltIn">
<var>${body}</var>
<arg>nome=Ciclano da Silva</arg>
<arg>email=${email}</arg>
<arg>password=123456</arg>
<arg>administrador=true</arg>
<doc>Creates and returns a dictionary based on the given ``items``.</doc>
<msg timestamp="20240208 16:22:34.873" level="INFO">${body} = {'nome': 'Ciclano da Silva', 'email': 'wkldetee@emailteste.com', 'password': '123456', 'administrador': 'true'}</msg>
<status status="PASS" starttime="20240208 16:22:34.872" endtime="20240208 16:22:34.873"/>
</kw>
<kw name="Log" library="BuiltIn">
<arg>${body}</arg>
<doc>Logs the given message with the given level.</doc>
<msg timestamp="20240208 16:22:34.873" level="INFO">{'nome': 'Ciclano da Silva', 'email': 'wkldetee@emailteste.com', 'password': '123456', 'administrador': 'true'}</msg>
<status status="PASS" starttime="20240208 16:22:34.873" endtime="20240208 16:22:34.873"/>
</kw>
<kw name="Criar sessão na API" library="base">
<kw name="Create Dictionary" library="BuiltIn">
<var>${headers}</var>
<arg>accept=application/json</arg>
<arg>Content-Type=application/json</arg>
<doc>Creates and returns a dictionary based on the given ``items``.</doc>
<msg timestamp="20240208 16:22:34.874" level="INFO">${headers} = {'accept': 'application/json', 'Content-Type': 'application/json'}</msg>
<status status="PASS" starttime="20240208 16:22:34.873" endtime="20240208 16:22:34.874"/>
</kw>
<kw name="Create Session" library="RequestsLibrary">
<arg>alias=ServeRest</arg>
<arg>url=https://serverest.dev</arg>
<arg>headers=${headers}</arg>
<doc>Create Session: create a HTTP session to a server</doc>
<msg timestamp="20240208 16:22:34.874" level="INFO">Creating Session using : alias=ServeRest, url=https://serverest.dev, headers={'accept': 'application/json', 'Content-Type': 'application/json'},                     cookies={}, auth=None, timeout=None, proxies=None, verify=False,                     debug=0 </msg>
<status status="PASS" starttime="20240208 16:22:34.874" endtime="20240208 16:22:34.875"/>
</kw>
<status status="PASS" starttime="20240208 16:22:34.873" endtime="20240208 16:22:34.875"/>
</kw>
<kw name="POST On Session" library="RequestsLibrary">
<var>${dados}</var>
<arg>alias=ServeRest</arg>
<arg>url=/usuarios</arg>
<arg>json=${body}</arg>
<arg>expected_status=${status_code}</arg>
<doc>Sends a POST request on a previously created HTTP Session.</doc>
<msg timestamp="20240208 16:22:35.420" level="INFO">POST Request : url=https://serverest.dev/usuarios 
 path_url=/usuarios 
 headers={'User-Agent': 'python-requests/2.31.0', 'Accept-Encoding': 'gzip, deflate', 'accept': 'application/json', 'Connection': 'keep-alive', 'Content-Type': 'application/json', 'Content-Length': '111'} 
 body=b'{"nome": "Ciclano da Silva", "email": "wkldetee@emailteste.com", "password": "123456", "administrador": "true"}' 
 </msg>
<msg timestamp="20240208 16:22:35.420" level="INFO">POST Response : url=https://serverest.dev/usuarios 
 status=201, reason=Created 
 headers={'access-control-allow-origin': '*', 'x-dns-prefetch-control': 'off', 'x-frame-options': 'SAMEORIGIN', 'strict-transport-security': 'max-age=15552000; includeSubDomains', 'x-download-options': 'noopen', 'x-content-type-options': 'nosniff', 'x-xss-protection': '1; mode=block', 'content-type': 'application/json; charset=utf-8', 'X-Cloud-Trace-Context': 'dbea8acbc75847fb4be68ad1f6c9419e;o=1', 'Date': 'Thu, 08 Feb 2024 19:22:34 GMT', 'Server': 'Google Frontend', 'Content-Length': '82'} 
 body={
    "message": "Cadastro realizado com sucesso",
    "_id": "DMuWVcfJMQEmi6Ry"
} 
 </msg>
<msg timestamp="20240208 16:22:35.420" level="INFO">C:\Users\Cliente\AppData\Local\Programs\Python\Python312\Lib\site-packages\urllib3\connectionpool.py:1100: InsecureRequestWarning: Unverified HTTPS request is being made to host 'serverest.dev'. Adding certificate verification is strongly advised. See: https://urllib3.readthedocs.io/en/latest/advanced-usage.html#tls-warnings
  warnings.warn(</msg>
<msg timestamp="20240208 16:22:35.420" level="INFO">${dados} = &lt;Response [201]&gt;</msg>
<status status="PASS" starttime="20240208 16:22:34.875" endtime="20240208 16:22:35.420"/>
</kw>
<kw name="Log" library="BuiltIn">
<arg>${dados.json()}</arg>
<doc>Logs the given message with the given level.</doc>
<msg timestamp="20240208 16:22:35.422" level="INFO">{'message': 'Cadastro realizado com sucesso', '_id': 'DMuWVcfJMQEmi6Ry'}</msg>
<status status="PASS" starttime="20240208 16:22:35.421" endtime="20240208 16:22:35.422"/>
</kw>
<if>
<branch type="IF" condition="${dados.status_code} == 201">
<kw name="Set Global Variable" library="BuiltIn">
<arg>${id_usuario}</arg>
<arg>${dados.json()["_id"]}</arg>
<doc>Makes a variable available globally in all tests and suites.</doc>
<msg timestamp="20240208 16:22:35.423" level="INFO">${id_usuario} = DMuWVcfJMQEmi6Ry</msg>
<status status="PASS" starttime="20240208 16:22:35.422" endtime="20240208 16:22:35.423"/>
</kw>
<status status="PASS" starttime="20240208 16:22:35.422" endtime="20240208 16:22:35.423"/>
</branch>
<status status="PASS" starttime="20240208 16:22:35.422" endtime="20240208 16:22:35.423"/>
</if>
<kw name="Set Test Variable" library="BuiltIn">
<arg>${resposta}</arg>
<arg>${dados.json()}</arg>
<doc>Makes a variable available everywhere within the scope of the current test.</doc>
<msg timestamp="20240208 16:22:35.426" level="INFO">${resposta} = {'message': 'Cadastro realizado com sucesso', '_id': 'DMuWVcfJMQEmi6Ry'}</msg>
<status status="PASS" starttime="20240208 16:22:35.424" endtime="20240208 16:22:35.426"/>
</kw>
<status status="PASS" starttime="20240208 16:22:34.872" endtime="20240208 16:22:35.426"/>
</kw>
<kw name="Conferir Cadastro" library="base">
<kw name="Log" library="BuiltIn">
<arg>${resposta}</arg>
<doc>Logs the given message with the given level.</doc>
<msg timestamp="20240208 16:22:35.427" level="INFO">{'message': 'Cadastro realizado com sucesso', '_id': 'DMuWVcfJMQEmi6Ry'}</msg>
<status status="PASS" starttime="20240208 16:22:35.427" endtime="20240208 16:22:35.427"/>
</kw>
<kw name="Dictionary Should Contain Item" library="Collections">
<arg>${resposta}</arg>
<arg>message</arg>
<arg>Cadastro realizado com sucesso</arg>
<doc>An item of ``key`` / ``value`` must be found in a ``dictionary``.</doc>
<status status="PASS" starttime="20240208 16:22:35.428" endtime="20240208 16:22:35.428"/>
</kw>
<kw name="Dictionary Should Contain Key" library="Collections">
<arg>${resposta}</arg>
<arg>_id</arg>
<doc>Fails if ``key`` is not found from ``dictionary``.</doc>
<status status="PASS" starttime="20240208 16:22:35.428" endtime="20240208 16:22:35.428"/>
</kw>
<status status="PASS" starttime="20240208 16:22:35.427" endtime="20240208 16:22:35.428"/>
</kw>
<kw name="Verificar se pode repetir Cadastro" library="base">
<kw name="Cadastrar o usuário na API" library="base">
<arg>email=${email}</arg>
<arg>status_code=400</arg>
<kw name="Create Dictionary" library="BuiltIn">
<var>${body}</var>
<arg>nome=Ciclano da Silva</arg>
<arg>email=${email}</arg>
<arg>password=123456</arg>
<arg>administrador=true</arg>
<doc>Creates and returns a dictionary based on the given ``items``.</doc>
<msg timestamp="20240208 16:22:35.430" level="INFO">${body} = {'nome': 'Ciclano da Silva', 'email': 'wkldetee@emailteste.com', 'password': '123456', 'administrador': 'true'}</msg>
<status status="PASS" starttime="20240208 16:22:35.429" endtime="20240208 16:22:35.430"/>
</kw>
<kw name="Log" library="BuiltIn">
<arg>${body}</arg>
<doc>Logs the given message with the given level.</doc>
<msg timestamp="20240208 16:22:35.430" level="INFO">{'nome': 'Ciclano da Silva', 'email': 'wkldetee@emailteste.com', 'password': '123456', 'administrador': 'true'}</msg>
<status status="PASS" starttime="20240208 16:22:35.430" endtime="20240208 16:22:35.430"/>
</kw>
<kw name="Criar sessão na API" library="base">
<kw name="Create Dictionary" library="BuiltIn">
<var>${headers}</var>
<arg>accept=application/json</arg>
<arg>Content-Type=application/json</arg>
<doc>Creates and returns a dictionary based on the given ``items``.</doc>
<msg timestamp="20240208 16:22:35.431" level="INFO">${headers} = {'accept': 'application/json', 'Content-Type': 'application/json'}</msg>
<status status="PASS" starttime="20240208 16:22:35.431" endtime="20240208 16:22:35.431"/>
</kw>
<kw name="Create Session" library="RequestsLibrary">
<arg>alias=ServeRest</arg>
<arg>url=https://serverest.dev</arg>
<arg>headers=${headers}</arg>
<doc>Create Session: create a HTTP session to a server</doc>
<msg timestamp="20240208 16:22:35.432" level="INFO">Creating Session using : alias=ServeRest, url=https://serverest.dev, headers={'accept': 'application/json', 'Content-Type': 'application/json'},                     cookies={}, auth=None, timeout=None, proxies=None, verify=False,                     debug=0 </msg>
<status status="PASS" starttime="20240208 16:22:35.431" endtime="20240208 16:22:35.432"/>
</kw>
<status status="PASS" starttime="20240208 16:22:35.430" endtime="20240208 16:22:35.432"/>
</kw>
<kw name="POST On Session" library="RequestsLibrary">
<var>${dados}</var>
<arg>alias=ServeRest</arg>
<arg>url=/usuarios</arg>
<arg>json=${body}</arg>
<arg>expected_status=${status_code}</arg>
<doc>Sends a POST request on a previously created HTTP Session.</doc>
<msg timestamp="20240208 16:22:35.965" level="INFO">POST Request : url=https://serverest.dev/usuarios 
 path_url=/usuarios 
 headers={'User-Agent': 'python-requests/2.31.0', 'Accept-Encoding': 'gzip, deflate', 'accept': 'application/json', 'Connection': 'keep-alive', 'Content-Type': 'application/json', 'Content-Length': '111'} 
 body=b'{"nome": "Ciclano da Silva", "email": "wkldetee@emailteste.com", "password": "123456", "administrador": "true"}' 
 </msg>
<msg timestamp="20240208 16:22:35.965" level="INFO">POST Response : url=https://serverest.dev/usuarios 
 status=400, reason=Bad Request 
 headers={'access-control-allow-origin': '*', 'x-dns-prefetch-control': 'off', 'x-frame-options': 'SAMEORIGIN', 'strict-transport-security': 'max-age=15552000; includeSubDomains', 'x-download-options': 'noopen', 'x-content-type-options': 'nosniff', 'x-xss-protection': '1; mode=block', 'content-type': 'application/json; charset=utf-8', 'X-Cloud-Trace-Context': '191e17a0237bc98fbe15fd6da455b7fd', 'Date': 'Thu, 08 Feb 2024 19:22:34 GMT', 'Server': 'Google Frontend', 'Content-Length': '53'} 
 body={
    "message": "Este email já está sendo usado"
} 
 </msg>
<msg timestamp="20240208 16:22:35.965" level="INFO">C:\Users\Cliente\AppData\Local\Programs\Python\Python312\Lib\site-packages\urllib3\connectionpool.py:1100: InsecureRequestWarning: Unverified HTTPS request is being made to host 'serverest.dev'. Adding certificate verification is strongly advised. See: https://urllib3.readthedocs.io/en/latest/advanced-usage.html#tls-warnings
  warnings.warn(</msg>
<msg timestamp="20240208 16:22:35.965" level="INFO">${dados} = &lt;Response [400]&gt;</msg>
<status status="PASS" starttime="20240208 16:22:35.432" endtime="20240208 16:22:35.965"/>
</kw>
<kw name="Log" library="BuiltIn">
<arg>${dados.json()}</arg>
<doc>Logs the given message with the given level.</doc>
<msg timestamp="20240208 16:22:35.967" level="INFO">{'message': 'Este email já está sendo usado'}</msg>
<status status="PASS" starttime="20240208 16:22:35.966" endtime="20240208 16:22:35.967"/>
</kw>
<if>
<branch type="IF" condition="${dados.status_code} == 201">
<kw name="Set Global Variable" library="BuiltIn">
<arg>${id_usuario}</arg>
<arg>${dados.json()["_id"]}</arg>
<doc>Makes a variable available globally in all tests and suites.</doc>
<status status="NOT RUN" starttime="20240208 16:22:35.968" endtime="20240208 16:22:35.968"/>
</kw>
<status status="NOT RUN" starttime="20240208 16:22:35.967" endtime="20240208 16:22:35.968"/>
</branch>
<status status="PASS" starttime="20240208 16:22:35.967" endtime="20240208 16:22:35.968"/>
</if>
<kw name="Set Test Variable" library="BuiltIn">
<arg>${resposta}</arg>
<arg>${dados.json()}</arg>
<doc>Makes a variable available everywhere within the scope of the current test.</doc>
<msg timestamp="20240208 16:22:35.969" level="INFO">${resposta} = {'message': 'Este email já está sendo usado'}</msg>
<status status="PASS" starttime="20240208 16:22:35.968" endtime="20240208 16:22:35.969"/>
</kw>
<status status="PASS" starttime="20240208 16:22:35.429" endtime="20240208 16:22:35.969"/>
</kw>
<status status="PASS" starttime="20240208 16:22:35.429" endtime="20240208 16:22:35.969"/>
</kw>
<kw name="Verificar se a API não permitiu o cadastro repetido" library="base">
<kw name="Dictionary Should Contain Item" library="Collections">
<arg>${resposta}</arg>
<arg>message</arg>
<arg>Este email já está sendo usado</arg>
<doc>An item of ``key`` / ``value`` must be found in a ``dictionary``.</doc>
<status status="PASS" starttime="20240208 16:22:35.970" endtime="20240208 16:22:35.970"/>
</kw>
<status status="PASS" starttime="20240208 16:22:35.970" endtime="20240208 16:22:35.970"/>
</kw>
<kw name="Delete All Sessions" library="RequestsLibrary">
<doc>Removes all the session objects</doc>
<msg timestamp="20240208 16:22:35.971" level="INFO">Deleting All Sessions</msg>
<status status="PASS" starttime="20240208 16:22:35.971" endtime="20240208 16:22:35.972"/>
</kw>
<tag>EXI</tag>
<status status="PASS" starttime="20240208 16:22:34.867" endtime="20240208 16:22:35.973"/>
</test>
<test id="s1-s1-s1-t3" name="Verificar existência do usuário cadastrado - GET" line="26">
<kw name="Criar novo usuário" library="base">
<kw name="Generate Random String" library="String">
<var>${aleatória}</var>
<arg>length=8</arg>
<arg>chars=[LETTERS]</arg>
<doc>Generates a string with a desired ``length`` from the given ``chars``.</doc>
<msg timestamp="20240208 16:22:35.976" level="INFO">${aleatória} = XZIQGSxZ</msg>
<status status="PASS" starttime="20240208 16:22:35.975" endtime="20240208 16:22:35.976"/>
</kw>
<kw name="Convert To Lower Case" library="String">
<var>${aleatória}</var>
<arg>${aleatória}</arg>
<doc>Converts string to lower case.</doc>
<msg timestamp="20240208 16:22:35.976" level="INFO">${aleatória} = xziqgsxz</msg>
<status status="PASS" starttime="20240208 16:22:35.976" endtime="20240208 16:22:35.976"/>
</kw>
<kw name="Set Global Variable" library="BuiltIn">
<arg>${email}</arg>
<arg>${aleatória}@emailteste.com</arg>
<doc>Makes a variable available globally in all tests and suites.</doc>
<msg timestamp="20240208 16:22:35.977" level="INFO">${email} = xziqgsxz@emailteste.com</msg>
<status status="PASS" starttime="20240208 16:22:35.976" endtime="20240208 16:22:35.977"/>
</kw>
<kw name="Log" library="BuiltIn">
<arg>${email}</arg>
<doc>Logs the given message with the given level.</doc>
<msg timestamp="20240208 16:22:35.977" level="INFO">xziqgsxz@emailteste.com</msg>
<status status="PASS" starttime="20240208 16:22:35.977" endtime="20240208 16:22:35.977"/>
</kw>
<status status="PASS" starttime="20240208 16:22:35.975" endtime="20240208 16:22:35.977"/>
</kw>
<kw name="Cadastrar o usuário na API" library="base">
<arg>email=${email}</arg>
<arg>status_code=201</arg>
<kw name="Create Dictionary" library="BuiltIn">
<var>${body}</var>
<arg>nome=Ciclano da Silva</arg>
<arg>email=${email}</arg>
<arg>password=123456</arg>
<arg>administrador=true</arg>
<doc>Creates and returns a dictionary based on the given ``items``.</doc>
<msg timestamp="20240208 16:22:35.979" level="INFO">${body} = {'nome': 'Ciclano da Silva', 'email': 'xziqgsxz@emailteste.com', 'password': '123456', 'administrador': 'true'}</msg>
<status status="PASS" starttime="20240208 16:22:35.978" endtime="20240208 16:22:35.979"/>
</kw>
<kw name="Log" library="BuiltIn">
<arg>${body}</arg>
<doc>Logs the given message with the given level.</doc>
<msg timestamp="20240208 16:22:35.979" level="INFO">{'nome': 'Ciclano da Silva', 'email': 'xziqgsxz@emailteste.com', 'password': '123456', 'administrador': 'true'}</msg>
<status status="PASS" starttime="20240208 16:22:35.979" endtime="20240208 16:22:35.979"/>
</kw>
<kw name="Criar sessão na API" library="base">
<kw name="Create Dictionary" library="BuiltIn">
<var>${headers}</var>
<arg>accept=application/json</arg>
<arg>Content-Type=application/json</arg>
<doc>Creates and returns a dictionary based on the given ``items``.</doc>
<msg timestamp="20240208 16:22:35.980" level="INFO">${headers} = {'accept': 'application/json', 'Content-Type': 'application/json'}</msg>
<status status="PASS" starttime="20240208 16:22:35.979" endtime="20240208 16:22:35.980"/>
</kw>
<kw name="Create Session" library="RequestsLibrary">
<arg>alias=ServeRest</arg>
<arg>url=https://serverest.dev</arg>
<arg>headers=${headers}</arg>
<doc>Create Session: create a HTTP session to a server</doc>
<msg timestamp="20240208 16:22:35.980" level="INFO">Creating Session using : alias=ServeRest, url=https://serverest.dev, headers={'accept': 'application/json', 'Content-Type': 'application/json'},                     cookies={}, auth=None, timeout=None, proxies=None, verify=False,                     debug=0 </msg>
<status status="PASS" starttime="20240208 16:22:35.980" endtime="20240208 16:22:35.980"/>
</kw>
<status status="PASS" starttime="20240208 16:22:35.979" endtime="20240208 16:22:35.980"/>
</kw>
<kw name="POST On Session" library="RequestsLibrary">
<var>${dados}</var>
<arg>alias=ServeRest</arg>
<arg>url=/usuarios</arg>
<arg>json=${body}</arg>
<arg>expected_status=${status_code}</arg>
<doc>Sends a POST request on a previously created HTTP Session.</doc>
<msg timestamp="20240208 16:22:36.583" level="INFO">POST Request : url=https://serverest.dev/usuarios 
 path_url=/usuarios 
 headers={'User-Agent': 'python-requests/2.31.0', 'Accept-Encoding': 'gzip, deflate', 'accept': 'application/json', 'Connection': 'keep-alive', 'Content-Type': 'application/json', 'Content-Length': '111'} 
 body=b'{"nome": "Ciclano da Silva", "email": "xziqgsxz@emailteste.com", "password": "123456", "administrador": "true"}' 
 </msg>
<msg timestamp="20240208 16:22:36.583" level="INFO">POST Response : url=https://serverest.dev/usuarios 
 status=201, reason=Created 
 headers={'access-control-allow-origin': '*', 'x-dns-prefetch-control': 'off', 'x-frame-options': 'SAMEORIGIN', 'strict-transport-security': 'max-age=15552000; includeSubDomains', 'x-download-options': 'noopen', 'x-content-type-options': 'nosniff', 'x-xss-protection': '1; mode=block', 'content-type': 'application/json; charset=utf-8', 'X-Cloud-Trace-Context': 'b944325efb0f21789b4f002680495a23', 'Date': 'Thu, 08 Feb 2024 19:22:35 GMT', 'Server': 'Google Frontend', 'Content-Length': '82'} 
 body={
    "message": "Cadastro realizado com sucesso",
    "_id": "v7sbqOyYgdHwh0yD"
} 
 </msg>
<msg timestamp="20240208 16:22:36.583" level="INFO">C:\Users\Cliente\AppData\Local\Programs\Python\Python312\Lib\site-packages\urllib3\connectionpool.py:1100: InsecureRequestWarning: Unverified HTTPS request is being made to host 'serverest.dev'. Adding certificate verification is strongly advised. See: https://urllib3.readthedocs.io/en/latest/advanced-usage.html#tls-warnings
  warnings.warn(</msg>
<msg timestamp="20240208 16:22:36.583" level="INFO">${dados} = &lt;Response [201]&gt;</msg>
<status status="PASS" starttime="20240208 16:22:35.981" endtime="20240208 16:22:36.583"/>
</kw>
<kw name="Log" library="BuiltIn">
<arg>${dados.json()}</arg>
<doc>Logs the given message with the given level.</doc>
<msg timestamp="20240208 16:22:36.584" level="INFO">{'message': 'Cadastro realizado com sucesso', '_id': 'v7sbqOyYgdHwh0yD'}</msg>
<status status="PASS" starttime="20240208 16:22:36.584" endtime="20240208 16:22:36.584"/>
</kw>
<if>
<branch type="IF" condition="${dados.status_code} == 201">
<kw name="Set Global Variable" library="BuiltIn">
<arg>${id_usuario}</arg>
<arg>${dados.json()["_id"]}</arg>
<doc>Makes a variable available globally in all tests and suites.</doc>
<msg timestamp="20240208 16:22:36.586" level="INFO">${id_usuario} = v7sbqOyYgdHwh0yD</msg>
<status status="PASS" starttime="20240208 16:22:36.585" endtime="20240208 16:22:36.586"/>
</kw>
<status status="PASS" starttime="20240208 16:22:36.585" endtime="20240208 16:22:36.586"/>
</branch>
<status status="PASS" starttime="20240208 16:22:36.585" endtime="20240208 16:22:36.586"/>
</if>
<kw name="Set Test Variable" library="BuiltIn">
<arg>${resposta}</arg>
<arg>${dados.json()}</arg>
<doc>Makes a variable available everywhere within the scope of the current test.</doc>
<msg timestamp="20240208 16:22:36.588" level="INFO">${resposta} = {'message': 'Cadastro realizado com sucesso', '_id': 'v7sbqOyYgdHwh0yD'}</msg>
<status status="PASS" starttime="20240208 16:22:36.586" endtime="20240208 16:22:36.588"/>
</kw>
<status status="PASS" starttime="20240208 16:22:35.978" endtime="20240208 16:22:36.588"/>
</kw>
<kw name="Conferir Cadastro" library="base">
<kw name="Log" library="BuiltIn">
<arg>${resposta}</arg>
<doc>Logs the given message with the given level.</doc>
<msg timestamp="20240208 16:22:36.590" level="INFO">{'message': 'Cadastro realizado com sucesso', '_id': 'v7sbqOyYgdHwh0yD'}</msg>
<status status="PASS" starttime="20240208 16:22:36.589" endtime="20240208 16:22:36.590"/>
</kw>
<kw name="Dictionary Should Contain Item" library="Collections">
<arg>${resposta}</arg>
<arg>message</arg>
<arg>Cadastro realizado com sucesso</arg>
<doc>An item of ``key`` / ``value`` must be found in a ``dictionary``.</doc>
<status status="PASS" starttime="20240208 16:22:36.590" endtime="20240208 16:22:36.590"/>
</kw>
<kw name="Dictionary Should Contain Key" library="Collections">
<arg>${resposta}</arg>
<arg>_id</arg>
<doc>Fails if ``key`` is not found from ``dictionary``.</doc>
<status status="PASS" starttime="20240208 16:22:36.590" endtime="20240208 16:22:36.590"/>
</kw>
<status status="PASS" starttime="20240208 16:22:36.589" endtime="20240208 16:22:36.590"/>
</kw>
<kw name="Confirmar existência dos dados" library="base">
<kw name="GET On Session" library="RequestsLibrary">
<var>${dados_retorno}</var>
<arg>alias=ServeRest</arg>
<arg>url=/usuarios/${id_usuario}</arg>
<arg>expected_status=200</arg>
<doc>Sends a GET request on a previously created HTTP Session.</doc>
<msg timestamp="20240208 16:22:36.808" level="INFO">GET Request : url=https://serverest.dev/usuarios/v7sbqOyYgdHwh0yD 
 path_url=/usuarios/v7sbqOyYgdHwh0yD 
 headers={'User-Agent': 'python-requests/2.31.0', 'Accept-Encoding': 'gzip, deflate', 'accept': 'application/json', 'Connection': 'keep-alive', 'Content-Type': 'application/json'} 
 body=None 
 </msg>
<msg timestamp="20240208 16:22:36.808" level="INFO">GET Response : url=https://serverest.dev/usuarios/v7sbqOyYgdHwh0yD 
 status=200, reason=OK 
 headers={'access-control-allow-origin': '*', 'x-dns-prefetch-control': 'off', 'x-frame-options': 'SAMEORIGIN', 'strict-transport-security': 'max-age=15552000; includeSubDomains', 'x-download-options': 'noopen', 'x-content-type-options': 'nosniff', 'x-xss-protection': '1; mode=block', 'content-type': 'application/json; charset=utf-8', 'X-Cloud-Trace-Context': '733e2d50245e3dae2ae60b862b77744d', 'Date': 'Thu, 08 Feb 2024 19:22:35 GMT', 'Server': 'Google Frontend', 'Content-Length': '160'} 
 body={
    "nome": "Ciclano da Silva",
    "email": "xziqgsxz@emailteste.com",
    "password": "123456",
    "administrador": "true",
    "_id": "v7sbqOyYgdHwh0yD"
} 
 </msg>
<msg timestamp="20240208 16:22:36.808" level="INFO">C:\Users\Cliente\AppData\Local\Programs\Python\Python312\Lib\site-packages\urllib3\connectionpool.py:1100: InsecureRequestWarning: Unverified HTTPS request is being made to host 'serverest.dev'. Adding certificate verification is strongly advised. See: https://urllib3.readthedocs.io/en/latest/advanced-usage.html#tls-warnings
  warnings.warn(</msg>
<msg timestamp="20240208 16:22:36.808" level="INFO">${dados_retorno} = &lt;Response [200]&gt;</msg>
<status status="PASS" starttime="20240208 16:22:36.591" endtime="20240208 16:22:36.808"/>
</kw>
<kw name="Set Test Variable" library="BuiltIn">
<arg>${Resposta}</arg>
<arg>${dados_retorno.json()}</arg>
<doc>Makes a variable available everywhere within the scope of the current test.</doc>
<msg timestamp="20240208 16:22:36.810" level="INFO">${Resposta} = {'nome': 'Ciclano da Silva', 'email': 'xziqgsxz@emailteste.com', 'password': '123456', 'administrador': 'true', '_id': 'v7sbqOyYgdHwh0yD'}</msg>
<status status="PASS" starttime="20240208 16:22:36.809" endtime="20240208 16:22:36.810"/>
</kw>
<status status="PASS" starttime="20240208 16:22:36.591" endtime="20240208 16:22:36.810"/>
</kw>
<kw name="Conferir dados retornados" library="base">
<kw name="Log" library="BuiltIn">
<arg>${Resposta}</arg>
<doc>Logs the given message with the given level.</doc>
<msg timestamp="20240208 16:22:36.811" level="INFO">{'nome': 'Ciclano da Silva', 'email': 'xziqgsxz@emailteste.com', 'password': '123456', 'administrador': 'true', '_id': 'v7sbqOyYgdHwh0yD'}</msg>
<status status="PASS" starttime="20240208 16:22:36.811" endtime="20240208 16:22:36.811"/>
</kw>
<kw name="Dictionary Should Contain Item" library="Collections">
<arg>${Resposta}</arg>
<arg>nome</arg>
<arg>Ciclano da Silva</arg>
<doc>An item of ``key`` / ``value`` must be found in a ``dictionary``.</doc>
<status status="PASS" starttime="20240208 16:22:36.811" endtime="20240208 16:22:36.811"/>
</kw>
<kw name="Dictionary Should Contain Item" library="Collections">
<arg>${Resposta}</arg>
<arg>email</arg>
<arg>${email}</arg>
<doc>An item of ``key`` / ``value`` must be found in a ``dictionary``.</doc>
<status status="PASS" starttime="20240208 16:22:36.811" endtime="20240208 16:22:36.812"/>
</kw>
<kw name="Dictionary Should Contain Item" library="Collections">
<arg>${Resposta}</arg>
<arg>password</arg>
<arg>123456</arg>
<doc>An item of ``key`` / ``value`` must be found in a ``dictionary``.</doc>
<status status="PASS" starttime="20240208 16:22:36.812" endtime="20240208 16:22:36.812"/>
</kw>
<kw name="Dictionary Should Contain Item" library="Collections">
<arg>${Resposta}</arg>
<arg>administrador</arg>
<arg>true</arg>
<doc>An item of ``key`` / ``value`` must be found in a ``dictionary``.</doc>
<status status="PASS" starttime="20240208 16:22:36.812" endtime="20240208 16:22:36.812"/>
</kw>
<kw name="Dictionary Should Contain Item" library="Collections">
<arg>${Resposta}</arg>
<arg>_id</arg>
<arg>${id_usuario}</arg>
<doc>An item of ``key`` / ``value`` must be found in a ``dictionary``.</doc>
<status status="PASS" starttime="20240208 16:22:36.813" endtime="20240208 16:22:36.813"/>
</kw>
<status status="PASS" starttime="20240208 16:22:36.810" endtime="20240208 16:22:36.813"/>
</kw>
<kw name="Delete All Sessions" library="RequestsLibrary">
<doc>Removes all the session objects</doc>
<msg timestamp="20240208 16:22:36.813" level="INFO">Deleting All Sessions</msg>
<status status="PASS" starttime="20240208 16:22:36.813" endtime="20240208 16:22:36.813"/>
</kw>
<tag>GET</tag>
<status status="PASS" starttime="20240208 16:22:35.974" endtime="20240208 16:22:36.814"/>
</test>
<test id="s1-s1-s1-t4" name="Atualizar dados - PUT" line="37">
<kw name="Criar novo usuário" library="base">
<kw name="Generate Random String" library="String">
<var>${aleatória}</var>
<arg>length=8</arg>
<arg>chars=[LETTERS]</arg>
<doc>Generates a string with a desired ``length`` from the given ``chars``.</doc>
<msg timestamp="20240208 16:22:36.817" level="INFO">${aleatória} = JpXyAIvX</msg>
<status status="PASS" starttime="20240208 16:22:36.816" endtime="20240208 16:22:36.817"/>
</kw>
<kw name="Convert To Lower Case" library="String">
<var>${aleatória}</var>
<arg>${aleatória}</arg>
<doc>Converts string to lower case.</doc>
<msg timestamp="20240208 16:22:36.817" level="INFO">${aleatória} = jpxyaivx</msg>
<status status="PASS" starttime="20240208 16:22:36.817" endtime="20240208 16:22:36.817"/>
</kw>
<kw name="Set Global Variable" library="BuiltIn">
<arg>${email}</arg>
<arg>${aleatória}@emailteste.com</arg>
<doc>Makes a variable available globally in all tests and suites.</doc>
<msg timestamp="20240208 16:22:36.818" level="INFO">${email} = jpxyaivx@emailteste.com</msg>
<status status="PASS" starttime="20240208 16:22:36.817" endtime="20240208 16:22:36.818"/>
</kw>
<kw name="Log" library="BuiltIn">
<arg>${email}</arg>
<doc>Logs the given message with the given level.</doc>
<msg timestamp="20240208 16:22:36.818" level="INFO">jpxyaivx@emailteste.com</msg>
<status status="PASS" starttime="20240208 16:22:36.818" endtime="20240208 16:22:36.818"/>
</kw>
<status status="PASS" starttime="20240208 16:22:36.816" endtime="20240208 16:22:36.818"/>
</kw>
<kw name="Cadastrar o usuário na API" library="base">
<arg>email=${email}</arg>
<arg>status_code=201</arg>
<kw name="Create Dictionary" library="BuiltIn">
<var>${body}</var>
<arg>nome=Ciclano da Silva</arg>
<arg>email=${email}</arg>
<arg>password=123456</arg>
<arg>administrador=true</arg>
<doc>Creates and returns a dictionary based on the given ``items``.</doc>
<msg timestamp="20240208 16:22:36.819" level="INFO">${body} = {'nome': 'Ciclano da Silva', 'email': 'jpxyaivx@emailteste.com', 'password': '123456', 'administrador': 'true'}</msg>
<status status="PASS" starttime="20240208 16:22:36.819" endtime="20240208 16:22:36.819"/>
</kw>
<kw name="Log" library="BuiltIn">
<arg>${body}</arg>
<doc>Logs the given message with the given level.</doc>
<msg timestamp="20240208 16:22:36.820" level="INFO">{'nome': 'Ciclano da Silva', 'email': 'jpxyaivx@emailteste.com', 'password': '123456', 'administrador': 'true'}</msg>
<status status="PASS" starttime="20240208 16:22:36.820" endtime="20240208 16:22:36.820"/>
</kw>
<kw name="Criar sessão na API" library="base">
<kw name="Create Dictionary" library="BuiltIn">
<var>${headers}</var>
<arg>accept=application/json</arg>
<arg>Content-Type=application/json</arg>
<doc>Creates and returns a dictionary based on the given ``items``.</doc>
<msg timestamp="20240208 16:22:36.821" level="INFO">${headers} = {'accept': 'application/json', 'Content-Type': 'application/json'}</msg>
<status status="PASS" starttime="20240208 16:22:36.821" endtime="20240208 16:22:36.822"/>
</kw>
<kw name="Create Session" library="RequestsLibrary">
<arg>alias=ServeRest</arg>
<arg>url=https://serverest.dev</arg>
<arg>headers=${headers}</arg>
<doc>Create Session: create a HTTP session to a server</doc>
<msg timestamp="20240208 16:22:36.822" level="INFO">Creating Session using : alias=ServeRest, url=https://serverest.dev, headers={'accept': 'application/json', 'Content-Type': 'application/json'},                     cookies={}, auth=None, timeout=None, proxies=None, verify=False,                     debug=0 </msg>
<status status="PASS" starttime="20240208 16:22:36.822" endtime="20240208 16:22:36.822"/>
</kw>
<status status="PASS" starttime="20240208 16:22:36.820" endtime="20240208 16:22:36.823"/>
</kw>
<kw name="POST On Session" library="RequestsLibrary">
<var>${dados}</var>
<arg>alias=ServeRest</arg>
<arg>url=/usuarios</arg>
<arg>json=${body}</arg>
<arg>expected_status=${status_code}</arg>
<doc>Sends a POST request on a previously created HTTP Session.</doc>
<msg timestamp="20240208 16:22:37.306" level="INFO">POST Request : url=https://serverest.dev/usuarios 
 path_url=/usuarios 
 headers={'User-Agent': 'python-requests/2.31.0', 'Accept-Encoding': 'gzip, deflate', 'accept': 'application/json', 'Connection': 'keep-alive', 'Content-Type': 'application/json', 'Content-Length': '111'} 
 body=b'{"nome": "Ciclano da Silva", "email": "jpxyaivx@emailteste.com", "password": "123456", "administrador": "true"}' 
 </msg>
<msg timestamp="20240208 16:22:37.306" level="INFO">POST Response : url=https://serverest.dev/usuarios 
 status=201, reason=Created 
 headers={'access-control-allow-origin': '*', 'x-dns-prefetch-control': 'off', 'x-frame-options': 'SAMEORIGIN', 'strict-transport-security': 'max-age=15552000; includeSubDomains', 'x-download-options': 'noopen', 'x-content-type-options': 'nosniff', 'x-xss-protection': '1; mode=block', 'content-type': 'application/json; charset=utf-8', 'X-Cloud-Trace-Context': '0af992e823deb539d905a716ae5b127f', 'Date': 'Thu, 08 Feb 2024 19:22:36 GMT', 'Server': 'Google Frontend', 'Content-Length': '82'} 
 body={
    "message": "Cadastro realizado com sucesso",
    "_id": "HfYaUxWXT5FwjVSQ"
} 
 </msg>
<msg timestamp="20240208 16:22:37.307" level="INFO">C:\Users\Cliente\AppData\Local\Programs\Python\Python312\Lib\site-packages\urllib3\connectionpool.py:1100: InsecureRequestWarning: Unverified HTTPS request is being made to host 'serverest.dev'. Adding certificate verification is strongly advised. See: https://urllib3.readthedocs.io/en/latest/advanced-usage.html#tls-warnings
  warnings.warn(</msg>
<msg timestamp="20240208 16:22:37.307" level="INFO">${dados} = &lt;Response [201]&gt;</msg>
<status status="PASS" starttime="20240208 16:22:36.823" endtime="20240208 16:22:37.307"/>
</kw>
<kw name="Log" library="BuiltIn">
<arg>${dados.json()}</arg>
<doc>Logs the given message with the given level.</doc>
<msg timestamp="20240208 16:22:37.308" level="INFO">{'message': 'Cadastro realizado com sucesso', '_id': 'HfYaUxWXT5FwjVSQ'}</msg>
<status status="PASS" starttime="20240208 16:22:37.307" endtime="20240208 16:22:37.308"/>
</kw>
<if>
<branch type="IF" condition="${dados.status_code} == 201">
<kw name="Set Global Variable" library="BuiltIn">
<arg>${id_usuario}</arg>
<arg>${dados.json()["_id"]}</arg>
<doc>Makes a variable available globally in all tests and suites.</doc>
<msg timestamp="20240208 16:22:37.310" level="INFO">${id_usuario} = HfYaUxWXT5FwjVSQ</msg>
<status status="PASS" starttime="20240208 16:22:37.309" endtime="20240208 16:22:37.310"/>
</kw>
<status status="PASS" starttime="20240208 16:22:37.308" endtime="20240208 16:22:37.310"/>
</branch>
<status status="PASS" starttime="20240208 16:22:37.308" endtime="20240208 16:22:37.310"/>
</if>
<kw name="Set Test Variable" library="BuiltIn">
<arg>${resposta}</arg>
<arg>${dados.json()}</arg>
<doc>Makes a variable available everywhere within the scope of the current test.</doc>
<msg timestamp="20240208 16:22:37.312" level="INFO">${resposta} = {'message': 'Cadastro realizado com sucesso', '_id': 'HfYaUxWXT5FwjVSQ'}</msg>
<status status="PASS" starttime="20240208 16:22:37.310" endtime="20240208 16:22:37.312"/>
</kw>
<status status="PASS" starttime="20240208 16:22:36.819" endtime="20240208 16:22:37.312"/>
</kw>
<kw name="Conferir Cadastro" library="base">
<kw name="Log" library="BuiltIn">
<arg>${resposta}</arg>
<doc>Logs the given message with the given level.</doc>
<msg timestamp="20240208 16:22:37.313" level="INFO">{'message': 'Cadastro realizado com sucesso', '_id': 'HfYaUxWXT5FwjVSQ'}</msg>
<status status="PASS" starttime="20240208 16:22:37.313" endtime="20240208 16:22:37.313"/>
</kw>
<kw name="Dictionary Should Contain Item" library="Collections">
<arg>${resposta}</arg>
<arg>message</arg>
<arg>Cadastro realizado com sucesso</arg>
<doc>An item of ``key`` / ``value`` must be found in a ``dictionary``.</doc>
<status status="PASS" starttime="20240208 16:22:37.313" endtime="20240208 16:22:37.314"/>
</kw>
<kw name="Dictionary Should Contain Key" library="Collections">
<arg>${resposta}</arg>
<arg>_id</arg>
<doc>Fails if ``key`` is not found from ``dictionary``.</doc>
<status status="PASS" starttime="20240208 16:22:37.314" endtime="20240208 16:22:37.314"/>
</kw>
<status status="PASS" starttime="20240208 16:22:37.313" endtime="20240208 16:22:37.314"/>
</kw>
<kw name="Atualizar dados já existentes" library="base">
<kw name="Create Dictionary" library="BuiltIn">
<var>${body}</var>
<arg>nome=Beltrado da Silva</arg>
<arg>email=${email}</arg>
<arg>password=1234</arg>
<arg>administrador=true</arg>
<doc>Creates and returns a dictionary based on the given ``items``.</doc>
<msg timestamp="20240208 16:22:37.315" level="INFO">${body} = {'nome': 'Beltrado da Silva', 'email': 'jpxyaivx@emailteste.com', 'password': '1234', 'administrador': 'true'}</msg>
<status status="PASS" starttime="20240208 16:22:37.315" endtime="20240208 16:22:37.315"/>
</kw>
<kw name="Log" library="BuiltIn">
<arg>${body}</arg>
<doc>Logs the given message with the given level.</doc>
<msg timestamp="20240208 16:22:37.316" level="INFO">{'nome': 'Beltrado da Silva', 'email': 'jpxyaivx@emailteste.com', 'password': '1234', 'administrador': 'true'}</msg>
<status status="PASS" starttime="20240208 16:22:37.316" endtime="20240208 16:22:37.316"/>
</kw>
<kw name="PUT On Session" library="RequestsLibrary">
<var>${dados_at}</var>
<arg>alias=ServeRest</arg>
<arg>url=/usuarios/${id_usuario}</arg>
<arg>json=${body}</arg>
<doc>Sends a PUT request on a previously created HTTP Session.</doc>
<msg timestamp="20240208 16:22:37.521" level="INFO">PUT Request : url=https://serverest.dev/usuarios/HfYaUxWXT5FwjVSQ 
 path_url=/usuarios/HfYaUxWXT5FwjVSQ 
 headers={'User-Agent': 'python-requests/2.31.0', 'Accept-Encoding': 'gzip, deflate', 'accept': 'application/json', 'Connection': 'keep-alive', 'Content-Type': 'application/json', 'Content-Length': '110'} 
 body=b'{"nome": "Beltrado da Silva", "email": "jpxyaivx@emailteste.com", "password": "1234", "administrador": "true"}' 
 </msg>
<msg timestamp="20240208 16:22:37.521" level="INFO">PUT Response : url=https://serverest.dev/usuarios/HfYaUxWXT5FwjVSQ 
 status=200, reason=OK 
 headers={'access-control-allow-origin': '*', 'x-dns-prefetch-control': 'off', 'x-frame-options': 'SAMEORIGIN', 'strict-transport-security': 'max-age=15552000; includeSubDomains', 'x-download-options': 'noopen', 'x-content-type-options': 'nosniff', 'x-xss-protection': '1; mode=block', 'content-type': 'application/json; charset=utf-8', 'X-Cloud-Trace-Context': '80cf0dddc01e8899f8a042b870860188', 'Date': 'Thu, 08 Feb 2024 19:22:36 GMT', 'Server': 'Google Frontend', 'Content-Length': '50'} 
 body={
    "message": "Registro alterado com sucesso"
} 
 </msg>
<msg timestamp="20240208 16:22:37.521" level="INFO">C:\Users\Cliente\AppData\Local\Programs\Python\Python312\Lib\site-packages\urllib3\connectionpool.py:1100: InsecureRequestWarning: Unverified HTTPS request is being made to host 'serverest.dev'. Adding certificate verification is strongly advised. See: https://urllib3.readthedocs.io/en/latest/advanced-usage.html#tls-warnings
  warnings.warn(</msg>
<msg timestamp="20240208 16:22:37.522" level="INFO">${dados_at} = &lt;Response [200]&gt;</msg>
<status status="PASS" starttime="20240208 16:22:37.316" endtime="20240208 16:22:37.522"/>
</kw>
<kw name="Set Test Variable" library="BuiltIn">
<arg>${RESPOSTA}</arg>
<arg>${dados_at.json()}</arg>
<doc>Makes a variable available everywhere within the scope of the current test.</doc>
<msg timestamp="20240208 16:22:37.523" level="INFO">${RESPOSTA} = {'message': 'Registro alterado com sucesso'}</msg>
<status status="PASS" starttime="20240208 16:22:37.522" endtime="20240208 16:22:37.523"/>
</kw>
<status status="PASS" starttime="20240208 16:22:37.315" endtime="20240208 16:22:37.523"/>
</kw>
<kw name="Conferir alteração" library="base">
<kw name="Log" library="BuiltIn">
<arg>${RESPOSTA}</arg>
<doc>Logs the given message with the given level.</doc>
<msg timestamp="20240208 16:22:37.524" level="INFO">{'message': 'Registro alterado com sucesso'}</msg>
<status status="PASS" starttime="20240208 16:22:37.524" endtime="20240208 16:22:37.524"/>
</kw>
<kw name="Dictionary Should Contain Item" library="Collections">
<arg>${RESPOSTA}</arg>
<arg>message</arg>
<arg>Registro alterado com sucesso</arg>
<doc>An item of ``key`` / ``value`` must be found in a ``dictionary``.</doc>
<status status="PASS" starttime="20240208 16:22:37.524" endtime="20240208 16:22:37.525"/>
</kw>
<status status="PASS" starttime="20240208 16:22:37.524" endtime="20240208 16:22:37.525"/>
</kw>
<kw name="Delete All Sessions" library="RequestsLibrary">
<doc>Removes all the session objects</doc>
<msg timestamp="20240208 16:22:37.525" level="INFO">Deleting All Sessions</msg>
<status status="PASS" starttime="20240208 16:22:37.525" endtime="20240208 16:22:37.526"/>
</kw>
<tag>PUT</tag>
<status status="PASS" starttime="20240208 16:22:36.815" endtime="20240208 16:22:37.526"/>
</test>
<test id="s1-s1-s1-t5" name="Excluir usuário cadastrado - DELETE" line="48">
<kw name="Criar novo usuário" library="base">
<kw name="Generate Random String" library="String">
<var>${aleatória}</var>
<arg>length=8</arg>
<arg>chars=[LETTERS]</arg>
<doc>Generates a string with a desired ``length`` from the given ``chars``.</doc>
<msg timestamp="20240208 16:22:37.528" level="INFO">${aleatória} = SXBxCLTu</msg>
<status status="PASS" starttime="20240208 16:22:37.528" endtime="20240208 16:22:37.528"/>
</kw>
<kw name="Convert To Lower Case" library="String">
<var>${aleatória}</var>
<arg>${aleatória}</arg>
<doc>Converts string to lower case.</doc>
<msg timestamp="20240208 16:22:37.529" level="INFO">${aleatória} = sxbxcltu</msg>
<status status="PASS" starttime="20240208 16:22:37.528" endtime="20240208 16:22:37.529"/>
</kw>
<kw name="Set Global Variable" library="BuiltIn">
<arg>${email}</arg>
<arg>${aleatória}@emailteste.com</arg>
<doc>Makes a variable available globally in all tests and suites.</doc>
<msg timestamp="20240208 16:22:37.529" level="INFO">${email} = sxbxcltu@emailteste.com</msg>
<status status="PASS" starttime="20240208 16:22:37.529" endtime="20240208 16:22:37.529"/>
</kw>
<kw name="Log" library="BuiltIn">
<arg>${email}</arg>
<doc>Logs the given message with the given level.</doc>
<msg timestamp="20240208 16:22:37.530" level="INFO">sxbxcltu@emailteste.com</msg>
<status status="PASS" starttime="20240208 16:22:37.529" endtime="20240208 16:22:37.530"/>
</kw>
<status status="PASS" starttime="20240208 16:22:37.528" endtime="20240208 16:22:37.530"/>
</kw>
<kw name="Cadastrar o usuário na API" library="base">
<arg>email=${email}</arg>
<arg>status_code=201</arg>
<kw name="Create Dictionary" library="BuiltIn">
<var>${body}</var>
<arg>nome=Ciclano da Silva</arg>
<arg>email=${email}</arg>
<arg>password=123456</arg>
<arg>administrador=true</arg>
<doc>Creates and returns a dictionary based on the given ``items``.</doc>
<msg timestamp="20240208 16:22:37.532" level="INFO">${body} = {'nome': 'Ciclano da Silva', 'email': 'sxbxcltu@emailteste.com', 'password': '123456', 'administrador': 'true'}</msg>
<status status="PASS" starttime="20240208 16:22:37.531" endtime="20240208 16:22:37.532"/>
</kw>
<kw name="Log" library="BuiltIn">
<arg>${body}</arg>
<doc>Logs the given message with the given level.</doc>
<msg timestamp="20240208 16:22:37.532" level="INFO">{'nome': 'Ciclano da Silva', 'email': 'sxbxcltu@emailteste.com', 'password': '123456', 'administrador': 'true'}</msg>
<status status="PASS" starttime="20240208 16:22:37.532" endtime="20240208 16:22:37.532"/>
</kw>
<kw name="Criar sessão na API" library="base">
<kw name="Create Dictionary" library="BuiltIn">
<var>${headers}</var>
<arg>accept=application/json</arg>
<arg>Content-Type=application/json</arg>
<doc>Creates and returns a dictionary based on the given ``items``.</doc>
<msg timestamp="20240208 16:22:37.533" level="INFO">${headers} = {'accept': 'application/json', 'Content-Type': 'application/json'}</msg>
<status status="PASS" starttime="20240208 16:22:37.532" endtime="20240208 16:22:37.533"/>
</kw>
<kw name="Create Session" library="RequestsLibrary">
<arg>alias=ServeRest</arg>
<arg>url=https://serverest.dev</arg>
<arg>headers=${headers}</arg>
<doc>Create Session: create a HTTP session to a server</doc>
<msg timestamp="20240208 16:22:37.533" level="INFO">Creating Session using : alias=ServeRest, url=https://serverest.dev, headers={'accept': 'application/json', 'Content-Type': 'application/json'},                     cookies={}, auth=None, timeout=None, proxies=None, verify=False,                     debug=0 </msg>
<status status="PASS" starttime="20240208 16:22:37.533" endtime="20240208 16:22:37.533"/>
</kw>
<status status="PASS" starttime="20240208 16:22:37.532" endtime="20240208 16:22:37.533"/>
</kw>
<kw name="POST On Session" library="RequestsLibrary">
<var>${dados}</var>
<arg>alias=ServeRest</arg>
<arg>url=/usuarios</arg>
<arg>json=${body}</arg>
<arg>expected_status=${status_code}</arg>
<doc>Sends a POST request on a previously created HTTP Session.</doc>
<msg timestamp="20240208 16:22:38.020" level="INFO">POST Request : url=https://serverest.dev/usuarios 
 path_url=/usuarios 
 headers={'User-Agent': 'python-requests/2.31.0', 'Accept-Encoding': 'gzip, deflate', 'accept': 'application/json', 'Connection': 'keep-alive', 'Content-Type': 'application/json', 'Content-Length': '111'} 
 body=b'{"nome": "Ciclano da Silva", "email": "sxbxcltu@emailteste.com", "password": "123456", "administrador": "true"}' 
 </msg>
<msg timestamp="20240208 16:22:38.020" level="INFO">POST Response : url=https://serverest.dev/usuarios 
 status=201, reason=Created 
 headers={'access-control-allow-origin': '*', 'x-dns-prefetch-control': 'off', 'x-frame-options': 'SAMEORIGIN', 'strict-transport-security': 'max-age=15552000; includeSubDomains', 'x-download-options': 'noopen', 'x-content-type-options': 'nosniff', 'x-xss-protection': '1; mode=block', 'content-type': 'application/json; charset=utf-8', 'X-Cloud-Trace-Context': '114af0812bc6d39ae17fffc9cf60f0d2', 'Date': 'Thu, 08 Feb 2024 19:22:37 GMT', 'Server': 'Google Frontend', 'Content-Length': '82'} 
 body={
    "message": "Cadastro realizado com sucesso",
    "_id": "MBUuga29eILQeluZ"
} 
 </msg>
<msg timestamp="20240208 16:22:38.022" level="INFO">C:\Users\Cliente\AppData\Local\Programs\Python\Python312\Lib\site-packages\urllib3\connectionpool.py:1100: InsecureRequestWarning: Unverified HTTPS request is being made to host 'serverest.dev'. Adding certificate verification is strongly advised. See: https://urllib3.readthedocs.io/en/latest/advanced-usage.html#tls-warnings
  warnings.warn(</msg>
<msg timestamp="20240208 16:22:38.022" level="INFO">${dados} = &lt;Response [201]&gt;</msg>
<status status="PASS" starttime="20240208 16:22:37.534" endtime="20240208 16:22:38.022"/>
</kw>
<kw name="Log" library="BuiltIn">
<arg>${dados.json()}</arg>
<doc>Logs the given message with the given level.</doc>
<msg timestamp="20240208 16:22:38.023" level="INFO">{'message': 'Cadastro realizado com sucesso', '_id': 'MBUuga29eILQeluZ'}</msg>
<status status="PASS" starttime="20240208 16:22:38.022" endtime="20240208 16:22:38.023"/>
</kw>
<if>
<branch type="IF" condition="${dados.status_code} == 201">
<kw name="Set Global Variable" library="BuiltIn">
<arg>${id_usuario}</arg>
<arg>${dados.json()["_id"]}</arg>
<doc>Makes a variable available globally in all tests and suites.</doc>
<msg timestamp="20240208 16:22:38.025" level="INFO">${id_usuario} = MBUuga29eILQeluZ</msg>
<status status="PASS" starttime="20240208 16:22:38.024" endtime="20240208 16:22:38.025"/>
</kw>
<status status="PASS" starttime="20240208 16:22:38.023" endtime="20240208 16:22:38.025"/>
</branch>
<status status="PASS" starttime="20240208 16:22:38.023" endtime="20240208 16:22:38.025"/>
</if>
<kw name="Set Test Variable" library="BuiltIn">
<arg>${resposta}</arg>
<arg>${dados.json()}</arg>
<doc>Makes a variable available everywhere within the scope of the current test.</doc>
<msg timestamp="20240208 16:22:38.027" level="INFO">${resposta} = {'message': 'Cadastro realizado com sucesso', '_id': 'MBUuga29eILQeluZ'}</msg>
<status status="PASS" starttime="20240208 16:22:38.025" endtime="20240208 16:22:38.027"/>
</kw>
<status status="PASS" starttime="20240208 16:22:37.531" endtime="20240208 16:22:38.027"/>
</kw>
<kw name="Conferir Cadastro" library="base">
<kw name="Log" library="BuiltIn">
<arg>${resposta}</arg>
<doc>Logs the given message with the given level.</doc>
<msg timestamp="20240208 16:22:38.028" level="INFO">{'message': 'Cadastro realizado com sucesso', '_id': 'MBUuga29eILQeluZ'}</msg>
<status status="PASS" starttime="20240208 16:22:38.028" endtime="20240208 16:22:38.028"/>
</kw>
<kw name="Dictionary Should Contain Item" library="Collections">
<arg>${resposta}</arg>
<arg>message</arg>
<arg>Cadastro realizado com sucesso</arg>
<doc>An item of ``key`` / ``value`` must be found in a ``dictionary``.</doc>
<status status="PASS" starttime="20240208 16:22:38.028" endtime="20240208 16:22:38.029"/>
</kw>
<kw name="Dictionary Should Contain Key" library="Collections">
<arg>${resposta}</arg>
<arg>_id</arg>
<doc>Fails if ``key`` is not found from ``dictionary``.</doc>
<status status="PASS" starttime="20240208 16:22:38.029" endtime="20240208 16:22:38.029"/>
</kw>
<status status="PASS" starttime="20240208 16:22:38.028" endtime="20240208 16:22:38.029"/>
</kw>
<kw name="Excluir usuário existente" library="base">
<kw name="DELETE On Session" library="RequestsLibrary">
<var>${dados_de}</var>
<arg>alias=ServeRest</arg>
<arg>url=/usuarios/${id_usuario}</arg>
<arg>expected_status=200</arg>
<doc>Sends a DELETE request on a previously created HTTP Session.</doc>
<msg timestamp="20240208 16:22:38.238" level="INFO">DELETE Request : url=https://serverest.dev/usuarios/MBUuga29eILQeluZ 
 path_url=/usuarios/MBUuga29eILQeluZ 
 headers={'User-Agent': 'python-requests/2.31.0', 'Accept-Encoding': 'gzip, deflate', 'accept': 'application/json', 'Connection': 'keep-alive', 'Content-Type': 'application/json', 'Content-Length': '0'} 
 body=None 
 </msg>
<msg timestamp="20240208 16:22:38.239" level="INFO">DELETE Response : url=https://serverest.dev/usuarios/MBUuga29eILQeluZ 
 status=200, reason=OK 
 headers={'access-control-allow-origin': '*', 'x-dns-prefetch-control': 'off', 'x-frame-options': 'SAMEORIGIN', 'strict-transport-security': 'max-age=15552000; includeSubDomains', 'x-download-options': 'noopen', 'x-content-type-options': 'nosniff', 'x-xss-protection': '1; mode=block', 'content-type': 'application/json; charset=utf-8', 'X-Cloud-Trace-Context': 'c861bc6c4c9ec335ab09d0b565c5b87a', 'Date': 'Thu, 08 Feb 2024 19:22:37 GMT', 'Server': 'Google Frontend', 'Content-Length': '51'} 
 body={
    "message": "Registro excluído com sucesso"
} 
 </msg>
<msg timestamp="20240208 16:22:38.239" level="INFO">C:\Users\Cliente\AppData\Local\Programs\Python\Python312\Lib\site-packages\urllib3\connectionpool.py:1100: InsecureRequestWarning: Unverified HTTPS request is being made to host 'serverest.dev'. Adding certificate verification is strongly advised. See: https://urllib3.readthedocs.io/en/latest/advanced-usage.html#tls-warnings
  warnings.warn(</msg>
<msg timestamp="20240208 16:22:38.239" level="INFO">${dados_de} = &lt;Response [200]&gt;</msg>
<status status="PASS" starttime="20240208 16:22:38.030" endtime="20240208 16:22:38.239"/>
</kw>
<kw name="Set Test Variable" library="BuiltIn">
<arg>${reSPOSTa}</arg>
<arg>${dados_de.json()}</arg>
<doc>Makes a variable available everywhere within the scope of the current test.</doc>
<msg timestamp="20240208 16:22:38.240" level="INFO">${reSPOSTa} = {'message': 'Registro excluído com sucesso'}</msg>
<status status="PASS" starttime="20240208 16:22:38.239" endtime="20240208 16:22:38.241"/>
</kw>
<status status="PASS" starttime="20240208 16:22:38.030" endtime="20240208 16:22:38.241"/>
</kw>
<kw name="Conferir exclusão" library="base">
<kw name="Log" library="BuiltIn">
<arg>${reSPOSTa}</arg>
<doc>Logs the given message with the given level.</doc>
<msg timestamp="20240208 16:22:38.241" level="INFO">{'message': 'Registro excluído com sucesso'}</msg>
<status status="PASS" starttime="20240208 16:22:38.241" endtime="20240208 16:22:38.241"/>
</kw>
<kw name="Dictionary Should Contain Item" library="Collections">
<arg>${reSPOSTa}</arg>
<arg>message</arg>
<arg>Registro excluído com sucesso</arg>
<doc>An item of ``key`` / ``value`` must be found in a ``dictionary``.</doc>
<status status="PASS" starttime="20240208 16:22:38.241" endtime="20240208 16:22:38.242"/>
</kw>
<status status="PASS" starttime="20240208 16:22:38.241" endtime="20240208 16:22:38.242"/>
</kw>
<kw name="Delete All Sessions" library="RequestsLibrary">
<doc>Removes all the session objects</doc>
<msg timestamp="20240208 16:22:38.243" level="INFO">Deleting All Sessions</msg>
<status status="PASS" starttime="20240208 16:22:38.243" endtime="20240208 16:22:38.243"/>
</kw>
<tag>DELETE</tag>
<status status="PASS" starttime="20240208 16:22:37.527" endtime="20240208 16:22:38.244"/>
</test>
<test id="s1-s1-s1-t6" name="Realizar login" line="59">
<kw name="Realizar login do usuário" library="base">
<kw name="Create Dictionary" library="BuiltIn">
<var>${body}</var>
<arg>email=fulano@qa.com</arg>
<arg>password=teste</arg>
<doc>Creates and returns a dictionary based on the given ``items``.</doc>
<msg timestamp="20240208 16:22:38.246" level="INFO">${body} = {'email': 'fulano@qa.com', 'password': 'teste'}</msg>
<status status="PASS" starttime="20240208 16:22:38.246" endtime="20240208 16:22:38.246"/>
</kw>
<kw name="Criar sessão na API" library="base">
<kw name="Create Dictionary" library="BuiltIn">
<var>${headers}</var>
<arg>accept=application/json</arg>
<arg>Content-Type=application/json</arg>
<doc>Creates and returns a dictionary based on the given ``items``.</doc>
<msg timestamp="20240208 16:22:38.247" level="INFO">${headers} = {'accept': 'application/json', 'Content-Type': 'application/json'}</msg>
<status status="PASS" starttime="20240208 16:22:38.247" endtime="20240208 16:22:38.247"/>
</kw>
<kw name="Create Session" library="RequestsLibrary">
<arg>alias=ServeRest</arg>
<arg>url=https://serverest.dev</arg>
<arg>headers=${headers}</arg>
<doc>Create Session: create a HTTP session to a server</doc>
<msg timestamp="20240208 16:22:38.248" level="INFO">Creating Session using : alias=ServeRest, url=https://serverest.dev, headers={'accept': 'application/json', 'Content-Type': 'application/json'},                     cookies={}, auth=None, timeout=None, proxies=None, verify=False,                     debug=0 </msg>
<status status="PASS" starttime="20240208 16:22:38.247" endtime="20240208 16:22:38.248"/>
</kw>
<status status="PASS" starttime="20240208 16:22:38.246" endtime="20240208 16:22:38.248"/>
</kw>
<kw name="POST On Session" library="RequestsLibrary">
<var>${dados_log}</var>
<arg>alias=ServeRest</arg>
<arg>url=/login</arg>
<arg>json=${body}</arg>
<arg>expected_status=any</arg>
<doc>Sends a POST request on a previously created HTTP Session.</doc>
<msg timestamp="20240208 16:22:38.708" level="INFO">POST Request : url=https://serverest.dev/login 
 path_url=/login 
 headers={'User-Agent': 'python-requests/2.31.0', 'Accept-Encoding': 'gzip, deflate', 'accept': 'application/json', 'Connection': 'keep-alive', 'Content-Type': 'application/json', 'Content-Length': '47'} 
 body=b'{"email": "fulano@qa.com", "password": "teste"}' 
 </msg>
<msg timestamp="20240208 16:22:38.708" level="INFO">POST Response : url=https://serverest.dev/login 
 status=200, reason=OK 
 headers={'access-control-allow-origin': '*', 'x-dns-prefetch-control': 'off', 'x-frame-options': 'SAMEORIGIN', 'strict-transport-security': 'max-age=15552000; includeSubDomains', 'x-download-options': 'noopen', 'x-content-type-options': 'nosniff', 'x-xss-protection': '1; mode=block', 'content-type': 'application/json; charset=utf-8', 'X-Cloud-Trace-Context': '0c7a5042a97ba9a8103d46318df3ef5e', 'Date': 'Thu, 08 Feb 2024 19:22:37 GMT', 'Server': 'Google Frontend', 'Content-Length': '265'} 
 body={
    "message": "Login realizado com sucesso",
    "authorization": "Bearer eyJhbGciOiJIUzI1NiIsInR5cCI6IkpXVCJ9.eyJlbWFpbCI6ImZ1bGFub0BxYS5jb20iLCJwYXNzd29yZCI6InRlc3RlIiwiaWF0IjoxNzA3NDIwMTU3LCJleHAiOjE3MDc0MjA3NTd9.Z9bF6DGzE44ssj8JEe4phFUk8irlgMWFj-bDtW1riY8"
} 
 </msg>
<msg timestamp="20240208 16:22:38.708" level="INFO">C:\Users\Cliente\AppData\Local\Programs\Python\Python312\Lib\site-packages\urllib3\connectionpool.py:1100: InsecureRequestWarning: Unverified HTTPS request is being made to host 'serverest.dev'. Adding certificate verification is strongly advised. See: https://urllib3.readthedocs.io/en/latest/advanced-usage.html#tls-warnings
  warnings.warn(</msg>
<msg timestamp="20240208 16:22:38.708" level="INFO">${dados_log} = &lt;Response [200]&gt;</msg>
<status status="PASS" starttime="20240208 16:22:38.248" endtime="20240208 16:22:38.708"/>
</kw>
<kw name="Set Test Variable" library="BuiltIn">
<arg>${RESPOSTA1}</arg>
<arg>${dados_log.json()}</arg>
<doc>Makes a variable available everywhere within the scope of the current test.</doc>
<msg timestamp="20240208 16:22:38.710" level="INFO">${RESPOSTA1} = {'message': 'Login realizado com sucesso', 'authorization': 'Bearer eyJhbGciOiJIUzI1NiIsInR5cCI6IkpXVCJ9.eyJlbWFpbCI6ImZ1bGFub0BxYS5jb20iLCJwYXNzd29yZCI6InRlc3RlIiwiaWF0IjoxNzA3NDIwMTU3LCJleHAiOjE3MDc...</msg>
<status status="PASS" starttime="20240208 16:22:38.709" endtime="20240208 16:22:38.710"/>
</kw>
<status status="PASS" starttime="20240208 16:22:38.246" endtime="20240208 16:22:38.710"/>
</kw>
<kw name="Conferir se o Login ocorreu com sucesso" library="base">
<kw name="Log" library="BuiltIn">
<arg>${RESPOSTA1}</arg>
<doc>Logs the given message with the given level.</doc>
<msg timestamp="20240208 16:22:38.711" level="INFO">{'message': 'Login realizado com sucesso', 'authorization': 'Bearer eyJhbGciOiJIUzI1NiIsInR5cCI6IkpXVCJ9.eyJlbWFpbCI6ImZ1bGFub0BxYS5jb20iLCJwYXNzd29yZCI6InRlc3RlIiwiaWF0IjoxNzA3NDIwMTU3LCJleHAiOjE3MDc0MjA3NTd9.Z9bF6DGzE44ssj8JEe4phFUk8irlgMWFj-bDtW1riY8'}</msg>
<status status="PASS" starttime="20240208 16:22:38.711" endtime="20240208 16:22:38.711"/>
</kw>
<kw name="Dictionary Should Contain Item" library="Collections">
<arg>${RESPOSTA1}</arg>
<arg>message</arg>
<arg>Login realizado com sucesso</arg>
<doc>An item of ``key`` / ``value`` must be found in a ``dictionary``.</doc>
<status status="PASS" starttime="20240208 16:22:38.711" endtime="20240208 16:22:38.712"/>
</kw>
<kw name="Dictionary Should Contain Key" library="Collections">
<arg>${RESPOSTA1}</arg>
<arg>authorization</arg>
<doc>Fails if ``key`` is not found from ``dictionary``.</doc>
<status status="PASS" starttime="20240208 16:22:38.712" endtime="20240208 16:22:38.712"/>
</kw>
<status status="PASS" starttime="20240208 16:22:38.711" endtime="20240208 16:22:38.712"/>
</kw>
<kw name="Delete All Sessions" library="RequestsLibrary">
<doc>Removes all the session objects</doc>
<msg timestamp="20240208 16:22:38.713" level="INFO">Deleting All Sessions</msg>
<status status="PASS" starttime="20240208 16:22:38.713" endtime="20240208 16:22:38.713"/>
</kw>
<tag>LOGIN</tag>
<status status="PASS" starttime="20240208 16:22:38.245" endtime="20240208 16:22:38.714"/>
</test>
<doc>Crud Completo na Api</doc>
<status status="PASS" starttime="20240208 16:22:34.115" endtime="20240208 16:22:38.715"/>
</suite>
<status status="PASS" starttime="20240208 16:22:34.110" endtime="20240208 16:22:38.718"/>
</suite>
<status status="PASS" starttime="20240208 16:22:34.072" endtime="20240208 16:22:38.720"/>
</suite>
<statistics>
<total>
<stat pass="6" fail="0" skip="0">All Tests</stat>
</total>
<tag>
<stat pass="1" fail="0" skip="0">DELETE</stat>
<stat pass="1" fail="0" skip="0">EXI</stat>
<stat pass="1" fail="0" skip="0">GET</stat>
<stat pass="1" fail="0" skip="0">LOGIN</stat>
<stat pass="1" fail="0" skip="0">POST</stat>
<stat pass="1" fail="0" skip="0">PUT</stat>
</tag>
<suite>
<stat pass="6" fail="0" skip="0" id="s1" name="Testeapi-crud">Testeapi-crud</stat>
<stat pass="6" fail="0" skip="0" id="s1-s1" name="Tests">Testeapi-crud.Tests</stat>
<stat pass="6" fail="0" skip="0" id="s1-s1-s1" name="Api Crud">Testeapi-crud.Tests.Api Crud</stat>
</suite>
</statistics>
<errors>
</errors>
</robot>
