<?xml version="1.0" encoding="UTF-8"?>
<robot generator="Robot 6.1.1 (Python 3.12.0 on win32)" generated="20240208 16:51:54.995" rpa="false" schemaversion="4">
<suite id="s1" name="Yodapp-Robot" source="C:\QAx\projects-mobile\yodapp-robot">
<suite id="s1-s1" name="Tests" source="C:\QAx\projects-mobile\yodapp-robot\tests">
<suite id="s1-s1-s1" name="Cadastro" source="C:\QAx\projects-mobile\yodapp-robot\tests\cadastro.robot">
<test id="s1-s1-s1-t1" name="Deve cadastrar uma conta e selecionar o nível Jedi" line="17">
<kw name="Start Session" library="base">
<kw name="Open Application" library="AppiumLibrary">
<arg>http://localhost:4723</arg>
<arg>platformName=Android</arg>
<arg>deviceName=Android Emulator</arg>
<arg>automationName=UiAutomator2</arg>
<arg>app=${EXECDIR}/app/yodapp-beta.apk</arg>
<arg>udid=emulator-5554</arg>
<arg>ignoreHiddenApiPolicyError=true</arg>
<arg>autoGrantPermissions=true</arg>
<doc>Opens a new application to given Appium server.
Capabilities of appium server, Android and iOS,
Please check https://github.com/appium/appium/blob/master/docs/en/writing-running-appium/server-args.md
| *Option*            | *Man.* | *Description*     |
| remote_url          | Yes    | Appium server url |
| alias               | no     | alias             |
| strict_ssl          | No     | allows you to send commands to an invalid certificate host like a self-signed one. |</doc>
<status status="PASS" starttime="20240208 16:51:55.589" endtime="20240208 16:52:52.412"/>
</kw>
<status status="PASS" starttime="20240208 16:51:55.588" endtime="20240208 16:52:52.413"/>
</kw>
<kw name="Get started" library="base">
<kw name="Wait Until Page Contains" library="AppiumLibrary">
<arg>QAX</arg>
<arg>20</arg>
<doc>Waits until `text` appears on current page.</doc>
<status status="PASS" starttime="20240208 16:52:52.414" endtime="20240208 16:53:01.702"/>
</kw>
<kw name="Click Text" library="AppiumLibrary">
<arg>QAX</arg>
<doc>Click text identified by ``text``.</doc>
<msg timestamp="20240208 16:53:09.082" level="INFO">xpath criteria: //*[contains(@text,"QAX")]</msg>
<status status="PASS" starttime="20240208 16:53:01.703" endtime="20240208 16:53:09.082"/>
</kw>
<status status="PASS" starttime="20240208 16:52:52.413" endtime="20240208 16:53:09.082"/>
</kw>
<kw name="Navigate to" library="base">
<arg>Formulários</arg>
<kw name="Set Variable" library="BuiltIn">
<var>${hamburguer}</var>
<arg>xpath=//android.widget.ImageButton[@content-desc="Open navigation drawer"]</arg>
<doc>Returns the given values which can then be assigned to a variables.</doc>
<msg timestamp="20240208 16:53:09.085" level="INFO">${hamburguer} = xpath=//android.widget.ImageButton[@content-desc="Open navigation drawer"]</msg>
<status status="PASS" starttime="20240208 16:53:09.084" endtime="20240208 16:53:09.085"/>
</kw>
<kw name="Wait Until Element Is Visible" library="AppiumLibrary">
<arg>${hamburguer}</arg>
<arg>20</arg>
<doc>Waits until element specified with `locator` is visible.</doc>
<msg timestamp="20240208 16:53:11.740" level="INFO">xpath criteria: //android.widget.ImageButton[@content-desc="Open navigation drawer"]</msg>
<status status="PASS" starttime="20240208 16:53:09.085" endtime="20240208 16:53:11.740"/>
</kw>
<kw name="Click Element" library="AppiumLibrary">
<arg>${hamburguer}</arg>
<doc>Click element identified by `locator`.</doc>
<msg timestamp="20240208 16:53:11.743" level="INFO">Clicking element 'xpath=//android.widget.ImageButton[@content-desc="Open navigation drawer"]'.</msg>
<msg timestamp="20240208 16:53:12.512" level="INFO">xpath criteria: //android.widget.ImageButton[@content-desc="Open navigation drawer"]</msg>
<status status="PASS" starttime="20240208 16:53:11.741" endtime="20240208 16:53:12.512"/>
</kw>
<kw name="Set Variable" library="BuiltIn">
<var>${menu_item}</var>
<arg>xpath=//*[@resource-id="com.qaxperience.yodapp:id/navView"]//*[@text="${item_text}"]</arg>
<doc>Returns the given values which can then be assigned to a variables.</doc>
<msg timestamp="20240208 16:53:12.513" level="INFO">${menu_item} = xpath=//*[@resource-id="com.qaxperience.yodapp:id/navView"]//*[@text="Formulários"]</msg>
<status status="PASS" starttime="20240208 16:53:12.512" endtime="20240208 16:53:12.513"/>
</kw>
<kw name="Wait Until Element Is Visible" library="AppiumLibrary">
<arg>${menu_item}</arg>
<arg>20</arg>
<doc>Waits until element specified with `locator` is visible.</doc>
<msg timestamp="20240208 16:53:15.224" level="INFO">xpath criteria: //*[@resource-id="com.qaxperience.yodapp:id/navView"]//*[@text="Formulários"]</msg>
<status status="PASS" starttime="20240208 16:53:12.513" endtime="20240208 16:53:15.224"/>
</kw>
<kw name="Click Element" library="AppiumLibrary">
<arg>${menu_item}</arg>
<doc>Click element identified by `locator`.</doc>
<msg timestamp="20240208 16:53:15.230" level="INFO">Clicking element 'xpath=//*[@resource-id="com.qaxperience.yodapp:id/navView"]//*[@text="Formulários"]'.</msg>
<msg timestamp="20240208 16:53:16.274" level="INFO">xpath criteria: //*[@resource-id="com.qaxperience.yodapp:id/navView"]//*[@text="Formulários"]</msg>
<status status="PASS" starttime="20240208 16:53:15.225" endtime="20240208 16:53:16.274"/>
</kw>
<status status="PASS" starttime="20240208 16:53:09.083" endtime="20240208 16:53:16.274"/>
</kw>
<kw name="Go to item" library="base">
<arg>Cadastro</arg>
<arg>Crie sua conta</arg>
<kw name="Wait Until Page Contains" library="AppiumLibrary">
<arg>${item}</arg>
<arg>20</arg>
<doc>Waits until `text` appears on current page.</doc>
<status status="PASS" starttime="20240208 16:53:16.276" endtime="20240208 16:53:17.961"/>
</kw>
<kw name="Click Text" library="AppiumLibrary">
<arg>${item}</arg>
<doc>Click text identified by ``text``.</doc>
<msg timestamp="20240208 16:53:19.012" level="INFO">xpath criteria: //*[contains(@text,"Cadastro")]</msg>
<status status="PASS" starttime="20240208 16:53:17.961" endtime="20240208 16:53:19.012"/>
</kw>
<kw name="Wait Until Page Contains" library="AppiumLibrary">
<arg>${checkpoint}</arg>
<arg>20</arg>
<doc>Waits until `text` appears on current page.</doc>
<status status="PASS" starttime="20240208 16:53:19.012" endtime="20240208 16:53:23.377"/>
</kw>
<status status="PASS" starttime="20240208 16:53:16.275" endtime="20240208 16:53:23.378"/>
</kw>
<kw name="Input Text" library="AppiumLibrary">
<arg>id=com.qaxperience.yodapp:id/etUsername</arg>
<arg>Samuel</arg>
<doc>Types the given `text` into text field identified by `locator`.</doc>
<msg timestamp="20240208 16:53:23.380" level="INFO">Typing text 'Samuel' into text field 'id=com.qaxperience.yodapp:id/etUsername'</msg>
<msg timestamp="20240208 16:53:23.807" level="INFO">criteria is com.qaxperience.yodapp:id/etUsername</msg>
<status status="PASS" starttime="20240208 16:53:23.378" endtime="20240208 16:53:23.807"/>
</kw>
<kw name="Input Text" library="AppiumLibrary">
<arg>id=com.qaxperience.yodapp:id/etEmail</arg>
<arg>samuel@qax.com</arg>
<doc>Types the given `text` into text field identified by `locator`.</doc>
<msg timestamp="20240208 16:53:23.810" level="INFO">Typing text 'samuel@qax.com' into text field 'id=com.qaxperience.yodapp:id/etEmail'</msg>
<msg timestamp="20240208 16:53:25.099" level="INFO">criteria is com.qaxperience.yodapp:id/etEmail</msg>
<status status="PASS" starttime="20240208 16:53:23.807" endtime="20240208 16:53:25.099"/>
</kw>
<kw name="Input Text" library="AppiumLibrary">
<arg>id=com.qaxperience.yodapp:id/etPassword</arg>
<arg>123456</arg>
<doc>Types the given `text` into text field identified by `locator`.</doc>
<msg timestamp="20240208 16:53:25.105" level="INFO">Typing text '123456' into text field 'id=com.qaxperience.yodapp:id/etPassword'</msg>
<msg timestamp="20240208 16:53:26.256" level="INFO">criteria is com.qaxperience.yodapp:id/etPassword</msg>
<status status="PASS" starttime="20240208 16:53:25.100" endtime="20240208 16:53:26.256"/>
</kw>
<kw name="Select level">
<arg>Jedi</arg>
<kw name="Click Element" library="AppiumLibrary">
<arg>id=com.qaxperience.yodapp:id/spinnerJob</arg>
<doc>Click element identified by `locator`.</doc>
<msg timestamp="20240208 16:53:26.260" level="INFO">Clicking element 'id=com.qaxperience.yodapp:id/spinnerJob'.</msg>
<msg timestamp="20240208 16:53:26.910" level="INFO">criteria is com.qaxperience.yodapp:id/spinnerJob</msg>
<status status="PASS" starttime="20240208 16:53:26.257" endtime="20240208 16:53:26.910"/>
</kw>
<kw name="Wait Until Element Is Visible" library="AppiumLibrary">
<arg>class=android.widget.ListView</arg>
<doc>Waits until element specified with `locator` is visible.</doc>
<status status="PASS" starttime="20240208 16:53:26.911" endtime="20240208 16:53:28.560"/>
</kw>
<kw name="Click Text" library="AppiumLibrary">
<arg>${level}</arg>
<doc>Click text identified by ``text``.</doc>
<msg timestamp="20240208 16:53:30.202" level="INFO">xpath criteria: //*[contains(@text,"Jedi")]</msg>
<status status="PASS" starttime="20240208 16:53:28.560" endtime="20240208 16:53:30.202"/>
</kw>
<status status="PASS" starttime="20240208 16:53:26.256" endtime="20240208 16:53:30.202"/>
</kw>
<kw name="Close session" library="base">
<kw name="Close Application" library="AppiumLibrary">
<doc>Closes the current application and also close webdriver session.</doc>
<status status="PASS" starttime="20240208 16:53:30.203" endtime="20240208 16:53:33.176"/>
</kw>
<status status="PASS" starttime="20240208 16:53:30.202" endtime="20240208 16:53:33.176"/>
</kw>
<status status="PASS" starttime="20240208 16:51:55.587" endtime="20240208 16:53:33.177"/>
</test>
<test id="s1-s1-s1-t2" name="Deve cadastrar uma conta e selecionar o nível Padawan" line="32">
<kw name="Start Session" library="base">
<kw name="Open Application" library="AppiumLibrary">
<arg>http://localhost:4723</arg>
<arg>platformName=Android</arg>
<arg>deviceName=Android Emulator</arg>
<arg>automationName=UiAutomator2</arg>
<arg>app=${EXECDIR}/app/yodapp-beta.apk</arg>
<arg>udid=emulator-5554</arg>
<arg>ignoreHiddenApiPolicyError=true</arg>
<arg>autoGrantPermissions=true</arg>
<doc>Opens a new application to given Appium server.
Capabilities of appium server, Android and iOS,
Please check https://github.com/appium/appium/blob/master/docs/en/writing-running-appium/server-args.md
| *Option*            | *Man.* | *Description*     |
| remote_url          | Yes    | Appium server url |
| alias               | no     | alias             |
| strict_ssl          | No     | allows you to send commands to an invalid certificate host like a self-signed one. |</doc>
<status status="PASS" starttime="20240208 16:53:33.180" endtime="20240208 16:54:30.737"/>
</kw>
<status status="PASS" starttime="20240208 16:53:33.179" endtime="20240208 16:54:30.737"/>
</kw>
<kw name="Get started" library="base">
<kw name="Wait Until Page Contains" library="AppiumLibrary">
<arg>QAX</arg>
<arg>20</arg>
<doc>Waits until `text` appears on current page.</doc>
<status status="PASS" starttime="20240208 16:54:30.738" endtime="20240208 16:54:37.799"/>
</kw>
<kw name="Click Text" library="AppiumLibrary">
<arg>QAX</arg>
<doc>Click text identified by ``text``.</doc>
<msg timestamp="20240208 16:54:44.707" level="INFO">xpath criteria: //*[contains(@text,"QAX")]</msg>
<status status="PASS" starttime="20240208 16:54:37.800" endtime="20240208 16:54:44.708"/>
</kw>
<status status="PASS" starttime="20240208 16:54:30.738" endtime="20240208 16:54:44.708"/>
</kw>
<kw name="Navigate to" library="base">
<arg>Formulários</arg>
<kw name="Set Variable" library="BuiltIn">
<var>${hamburguer}</var>
<arg>xpath=//android.widget.ImageButton[@content-desc="Open navigation drawer"]</arg>
<doc>Returns the given values which can then be assigned to a variables.</doc>
<msg timestamp="20240208 16:54:44.709" level="INFO">${hamburguer} = xpath=//android.widget.ImageButton[@content-desc="Open navigation drawer"]</msg>
<status status="PASS" starttime="20240208 16:54:44.709" endtime="20240208 16:54:44.709"/>
</kw>
<kw name="Wait Until Element Is Visible" library="AppiumLibrary">
<arg>${hamburguer}</arg>
<arg>20</arg>
<doc>Waits until element specified with `locator` is visible.</doc>
<msg timestamp="20240208 16:54:47.006" level="INFO">xpath criteria: //android.widget.ImageButton[@content-desc="Open navigation drawer"]
xpath criteria: //android.widget.ImageButton[@content-desc="Open navigation drawer"]</msg>
<status status="PASS" starttime="20240208 16:54:44.709" endtime="20240208 16:54:47.006"/>
</kw>
<kw name="Click Element" library="AppiumLibrary">
<arg>${hamburguer}</arg>
<doc>Click element identified by `locator`.</doc>
<msg timestamp="20240208 16:54:47.009" level="INFO">Clicking element 'xpath=//android.widget.ImageButton[@content-desc="Open navigation drawer"]'.</msg>
<msg timestamp="20240208 16:54:48.929" level="INFO">xpath criteria: //android.widget.ImageButton[@content-desc="Open navigation drawer"]</msg>
<status status="PASS" starttime="20240208 16:54:47.007" endtime="20240208 16:54:48.929"/>
</kw>
<kw name="Set Variable" library="BuiltIn">
<var>${menu_item}</var>
<arg>xpath=//*[@resource-id="com.qaxperience.yodapp:id/navView"]//*[@text="${item_text}"]</arg>
<doc>Returns the given values which can then be assigned to a variables.</doc>
<msg timestamp="20240208 16:54:48.930" level="INFO">${menu_item} = xpath=//*[@resource-id="com.qaxperience.yodapp:id/navView"]//*[@text="Formulários"]</msg>
<status status="PASS" starttime="20240208 16:54:48.930" endtime="20240208 16:54:48.930"/>
</kw>
<kw name="Wait Until Element Is Visible" library="AppiumLibrary">
<arg>${menu_item}</arg>
<arg>20</arg>
<doc>Waits until element specified with `locator` is visible.</doc>
<msg timestamp="20240208 16:54:50.296" level="INFO">xpath criteria: //*[@resource-id="com.qaxperience.yodapp:id/navView"]//*[@text="Formulários"]</msg>
<status status="PASS" starttime="20240208 16:54:48.930" endtime="20240208 16:54:50.296"/>
</kw>
<kw name="Click Element" library="AppiumLibrary">
<arg>${menu_item}</arg>
<doc>Click element identified by `locator`.</doc>
<msg timestamp="20240208 16:54:50.299" level="INFO">Clicking element 'xpath=//*[@resource-id="com.qaxperience.yodapp:id/navView"]//*[@text="Formulários"]'.</msg>
<msg timestamp="20240208 16:54:51.632" level="INFO">xpath criteria: //*[@resource-id="com.qaxperience.yodapp:id/navView"]//*[@text="Formulários"]</msg>
<status status="PASS" starttime="20240208 16:54:50.296" endtime="20240208 16:54:51.633"/>
</kw>
<status status="PASS" starttime="20240208 16:54:44.708" endtime="20240208 16:54:51.633"/>
</kw>
<kw name="Go to item" library="base">
<arg>Cadastro</arg>
<arg>Crie sua conta</arg>
<kw name="Wait Until Page Contains" library="AppiumLibrary">
<arg>${item}</arg>
<arg>20</arg>
<doc>Waits until `text` appears on current page.</doc>
<status status="PASS" starttime="20240208 16:54:51.634" endtime="20240208 16:54:52.777"/>
</kw>
<kw name="Click Text" library="AppiumLibrary">
<arg>${item}</arg>
<doc>Click text identified by ``text``.</doc>
<msg timestamp="20240208 16:54:53.585" level="INFO">xpath criteria: //*[contains(@text,"Cadastro")]</msg>
<status status="PASS" starttime="20240208 16:54:52.778" endtime="20240208 16:54:53.585"/>
</kw>
<kw name="Wait Until Page Contains" library="AppiumLibrary">
<arg>${checkpoint}</arg>
<arg>20</arg>
<doc>Waits until `text` appears on current page.</doc>
<status status="PASS" starttime="20240208 16:54:53.585" endtime="20240208 16:54:57.384"/>
</kw>
<status status="PASS" starttime="20240208 16:54:51.633" endtime="20240208 16:54:57.385"/>
</kw>
<kw name="Input Text" library="AppiumLibrary">
<arg>id=com.qaxperience.yodapp:id/etUsername</arg>
<arg>Rubem</arg>
<doc>Types the given `text` into text field identified by `locator`.</doc>
<msg timestamp="20240208 16:54:57.387" level="INFO">Typing text 'Rubem' into text field 'id=com.qaxperience.yodapp:id/etUsername'</msg>
<msg timestamp="20240208 16:54:58.126" level="INFO">criteria is com.qaxperience.yodapp:id/etUsername</msg>
<status status="PASS" starttime="20240208 16:54:57.385" endtime="20240208 16:54:58.126"/>
</kw>
<kw name="Input Text" library="AppiumLibrary">
<arg>id=com.qaxperience.yodapp:id/etEmail</arg>
<arg>rubem@gmail.com</arg>
<doc>Types the given `text` into text field identified by `locator`.</doc>
<msg timestamp="20240208 16:54:58.129" level="INFO">Typing text 'rubem@gmail.com' into text field 'id=com.qaxperience.yodapp:id/etEmail'</msg>
<msg timestamp="20240208 16:54:58.761" level="INFO">criteria is com.qaxperience.yodapp:id/etEmail</msg>
<status status="PASS" starttime="20240208 16:54:58.127" endtime="20240208 16:54:58.761"/>
</kw>
<kw name="Input Text" library="AppiumLibrary">
<arg>id=com.qaxperience.yodapp:id/etPassword</arg>
<arg>23d12</arg>
<doc>Types the given `text` into text field identified by `locator`.</doc>
<msg timestamp="20240208 16:54:58.765" level="INFO">Typing text '23d12' into text field 'id=com.qaxperience.yodapp:id/etPassword'</msg>
<msg timestamp="20240208 16:55:00.238" level="INFO">criteria is com.qaxperience.yodapp:id/etPassword</msg>
<status status="PASS" starttime="20240208 16:54:58.761" endtime="20240208 16:55:00.238"/>
</kw>
<kw name="Select level">
<arg>Padawan</arg>
<kw name="Click Element" library="AppiumLibrary">
<arg>id=com.qaxperience.yodapp:id/spinnerJob</arg>
<doc>Click element identified by `locator`.</doc>
<msg timestamp="20240208 16:55:00.240" level="INFO">Clicking element 'id=com.qaxperience.yodapp:id/spinnerJob'.</msg>
<msg timestamp="20240208 16:55:00.770" level="INFO">criteria is com.qaxperience.yodapp:id/spinnerJob</msg>
<status status="PASS" starttime="20240208 16:55:00.239" endtime="20240208 16:55:00.770"/>
</kw>
<kw name="Wait Until Element Is Visible" library="AppiumLibrary">
<arg>class=android.widget.ListView</arg>
<doc>Waits until element specified with `locator` is visible.</doc>
<status status="PASS" starttime="20240208 16:55:00.770" endtime="20240208 16:55:02.074"/>
</kw>
<kw name="Click Text" library="AppiumLibrary">
<arg>${level}</arg>
<doc>Click text identified by ``text``.</doc>
<msg timestamp="20240208 16:55:03.610" level="INFO">xpath criteria: //*[contains(@text,"Padawan")]</msg>
<status status="PASS" starttime="20240208 16:55:02.075" endtime="20240208 16:55:03.610"/>
</kw>
<status status="PASS" starttime="20240208 16:55:00.238" endtime="20240208 16:55:03.611"/>
</kw>
<kw name="Close session" library="base">
<kw name="Close Application" library="AppiumLibrary">
<doc>Closes the current application and also close webdriver session.</doc>
<status status="PASS" starttime="20240208 16:55:03.611" endtime="20240208 16:55:07.235"/>
</kw>
<status status="PASS" starttime="20240208 16:55:03.611" endtime="20240208 16:55:07.235"/>
</kw>
<status status="PASS" starttime="20240208 16:53:33.178" endtime="20240208 16:55:07.236"/>
</test>
<test id="s1-s1-s1-t3" name="Deve cadastrar uma conta e selecionar o nível Sith" line="47">
<kw name="Start Session" library="base">
<kw name="Open Application" library="AppiumLibrary">
<arg>http://localhost:4723</arg>
<arg>platformName=Android</arg>
<arg>deviceName=Android Emulator</arg>
<arg>automationName=UiAutomator2</arg>
<arg>app=${EXECDIR}/app/yodapp-beta.apk</arg>
<arg>udid=emulator-5554</arg>
<arg>ignoreHiddenApiPolicyError=true</arg>
<arg>autoGrantPermissions=true</arg>
<doc>Opens a new application to given Appium server.
Capabilities of appium server, Android and iOS,
Please check https://github.com/appium/appium/blob/master/docs/en/writing-running-appium/server-args.md
| *Option*            | *Man.* | *Description*     |
| remote_url          | Yes    | Appium server url |
| alias               | no     | alias             |
| strict_ssl          | No     | allows you to send commands to an invalid certificate host like a self-signed one. |</doc>
<status status="PASS" starttime="20240208 16:55:07.238" endtime="20240208 16:56:09.159"/>
</kw>
<status status="PASS" starttime="20240208 16:55:07.238" endtime="20240208 16:56:09.159"/>
</kw>
<kw name="Get started" library="base">
<kw name="Wait Until Page Contains" library="AppiumLibrary">
<arg>QAX</arg>
<arg>20</arg>
<doc>Waits until `text` appears on current page.</doc>
<status status="PASS" starttime="20240208 16:56:09.160" endtime="20240208 16:56:18.952"/>
</kw>
<kw name="Click Text" library="AppiumLibrary">
<arg>QAX</arg>
<doc>Click text identified by ``text``.</doc>
<msg timestamp="20240208 16:56:26.171" level="INFO">xpath criteria: //*[contains(@text,"QAX")]</msg>
<status status="PASS" starttime="20240208 16:56:18.953" endtime="20240208 16:56:26.172"/>
</kw>
<status status="PASS" starttime="20240208 16:56:09.159" endtime="20240208 16:56:26.172"/>
</kw>
<kw name="Navigate to" library="base">
<arg>Formulários</arg>
<kw name="Set Variable" library="BuiltIn">
<var>${hamburguer}</var>
<arg>xpath=//android.widget.ImageButton[@content-desc="Open navigation drawer"]</arg>
<doc>Returns the given values which can then be assigned to a variables.</doc>
<msg timestamp="20240208 16:56:26.188" level="INFO">${hamburguer} = xpath=//android.widget.ImageButton[@content-desc="Open navigation drawer"]</msg>
<status status="PASS" starttime="20240208 16:56:26.187" endtime="20240208 16:56:26.188"/>
</kw>
<kw name="Wait Until Element Is Visible" library="AppiumLibrary">
<arg>${hamburguer}</arg>
<arg>20</arg>
<doc>Waits until element specified with `locator` is visible.</doc>
<msg timestamp="20240208 16:56:29.053" level="INFO">xpath criteria: //android.widget.ImageButton[@content-desc="Open navigation drawer"]
xpath criteria: //android.widget.ImageButton[@content-desc="Open navigation drawer"]</msg>
<status status="PASS" starttime="20240208 16:56:26.188" endtime="20240208 16:56:29.053"/>
</kw>
<kw name="Click Element" library="AppiumLibrary">
<arg>${hamburguer}</arg>
<doc>Click element identified by `locator`.</doc>
<msg timestamp="20240208 16:56:29.058" level="INFO">Clicking element 'xpath=//android.widget.ImageButton[@content-desc="Open navigation drawer"]'.</msg>
<msg timestamp="20240208 16:56:29.814" level="INFO">xpath criteria: //android.widget.ImageButton[@content-desc="Open navigation drawer"]</msg>
<status status="PASS" starttime="20240208 16:56:29.053" endtime="20240208 16:56:29.814"/>
</kw>
<kw name="Set Variable" library="BuiltIn">
<var>${menu_item}</var>
<arg>xpath=//*[@resource-id="com.qaxperience.yodapp:id/navView"]//*[@text="${item_text}"]</arg>
<doc>Returns the given values which can then be assigned to a variables.</doc>
<msg timestamp="20240208 16:56:29.815" level="INFO">${menu_item} = xpath=//*[@resource-id="com.qaxperience.yodapp:id/navView"]//*[@text="Formulários"]</msg>
<status status="PASS" starttime="20240208 16:56:29.815" endtime="20240208 16:56:29.815"/>
</kw>
<kw name="Wait Until Element Is Visible" library="AppiumLibrary">
<arg>${menu_item}</arg>
<arg>20</arg>
<doc>Waits until element specified with `locator` is visible.</doc>
<msg timestamp="20240208 16:56:32.232" level="INFO">xpath criteria: //*[@resource-id="com.qaxperience.yodapp:id/navView"]//*[@text="Formulários"]</msg>
<status status="PASS" starttime="20240208 16:56:29.816" endtime="20240208 16:56:32.232"/>
</kw>
<kw name="Click Element" library="AppiumLibrary">
<arg>${menu_item}</arg>
<doc>Click element identified by `locator`.</doc>
<msg timestamp="20240208 16:56:32.236" level="INFO">Clicking element 'xpath=//*[@resource-id="com.qaxperience.yodapp:id/navView"]//*[@text="Formulários"]'.</msg>
<msg timestamp="20240208 16:56:33.850" level="INFO">xpath criteria: //*[@resource-id="com.qaxperience.yodapp:id/navView"]//*[@text="Formulários"]</msg>
<status status="PASS" starttime="20240208 16:56:32.233" endtime="20240208 16:56:33.851"/>
</kw>
<status status="PASS" starttime="20240208 16:56:26.187" endtime="20240208 16:56:33.851"/>
</kw>
<kw name="Go to item" library="base">
<arg>Cadastro</arg>
<arg>Crie sua conta</arg>
<kw name="Wait Until Page Contains" library="AppiumLibrary">
<arg>${item}</arg>
<arg>20</arg>
<doc>Waits until `text` appears on current page.</doc>
<status status="PASS" starttime="20240208 16:56:33.852" endtime="20240208 16:56:35.319"/>
</kw>
<kw name="Click Text" library="AppiumLibrary">
<arg>${item}</arg>
<doc>Click text identified by ``text``.</doc>
<msg timestamp="20240208 16:56:35.863" level="INFO">xpath criteria: //*[contains(@text,"Cadastro")]</msg>
<status status="PASS" starttime="20240208 16:56:35.319" endtime="20240208 16:56:35.863"/>
</kw>
<kw name="Wait Until Page Contains" library="AppiumLibrary">
<arg>${checkpoint}</arg>
<arg>20</arg>
<doc>Waits until `text` appears on current page.</doc>
<status status="PASS" starttime="20240208 16:56:35.864" endtime="20240208 16:56:40.928"/>
</kw>
<status status="PASS" starttime="20240208 16:56:33.851" endtime="20240208 16:56:40.928"/>
</kw>
<kw name="Input Text" library="AppiumLibrary">
<arg>id=com.qaxperience.yodapp:id/etUsername</arg>
<arg>josiane</arg>
<doc>Types the given `text` into text field identified by `locator`.</doc>
<msg timestamp="20240208 16:56:40.931" level="INFO">Typing text 'josiane' into text field 'id=com.qaxperience.yodapp:id/etUsername'</msg>
<msg timestamp="20240208 16:56:41.664" level="INFO">criteria is com.qaxperience.yodapp:id/etUsername</msg>
<status status="PASS" starttime="20240208 16:56:40.929" endtime="20240208 16:56:41.664"/>
</kw>
<kw name="Input Text" library="AppiumLibrary">
<arg>id=com.qaxperience.yodapp:id/etEmail</arg>
<arg>josiane@hotmail.com</arg>
<doc>Types the given `text` into text field identified by `locator`.</doc>
<msg timestamp="20240208 16:56:41.669" level="INFO">Typing text 'josiane@hotmail.com' into text field 'id=com.qaxperience.yodapp:id/etEmail'</msg>
<msg timestamp="20240208 16:56:42.225" level="INFO">criteria is com.qaxperience.yodapp:id/etEmail</msg>
<status status="PASS" starttime="20240208 16:56:41.665" endtime="20240208 16:56:42.225"/>
</kw>
<kw name="Input Text" library="AppiumLibrary">
<arg>id=com.qaxperience.yodapp:id/etPassword</arg>
<arg>14677*8</arg>
<doc>Types the given `text` into text field identified by `locator`.</doc>
<msg timestamp="20240208 16:56:42.228" level="INFO">Typing text '14677*8' into text field 'id=com.qaxperience.yodapp:id/etPassword'</msg>
<msg timestamp="20240208 16:56:43.488" level="INFO">criteria is com.qaxperience.yodapp:id/etPassword</msg>
<status status="PASS" starttime="20240208 16:56:42.226" endtime="20240208 16:56:43.493"/>
</kw>
<kw name="Select level">
<arg>Sith</arg>
<kw name="Click Element" library="AppiumLibrary">
<arg>id=com.qaxperience.yodapp:id/spinnerJob</arg>
<doc>Click element identified by `locator`.</doc>
<msg timestamp="20240208 16:56:43.502" level="INFO">Clicking element 'id=com.qaxperience.yodapp:id/spinnerJob'.</msg>
<msg timestamp="20240208 16:56:44.151" level="INFO">criteria is com.qaxperience.yodapp:id/spinnerJob</msg>
<status status="PASS" starttime="20240208 16:56:43.494" endtime="20240208 16:56:44.151"/>
</kw>
<kw name="Wait Until Element Is Visible" library="AppiumLibrary">
<arg>class=android.widget.ListView</arg>
<doc>Waits until element specified with `locator` is visible.</doc>
<status status="PASS" starttime="20240208 16:56:44.151" endtime="20240208 16:56:45.671"/>
</kw>
<kw name="Click Text" library="AppiumLibrary">
<arg>${level}</arg>
<doc>Click text identified by ``text``.</doc>
<msg timestamp="20240208 16:56:47.560" level="INFO">xpath criteria: //*[contains(@text,"Sith")]</msg>
<status status="PASS" starttime="20240208 16:56:45.671" endtime="20240208 16:56:47.560"/>
</kw>
<status status="PASS" starttime="20240208 16:56:43.494" endtime="20240208 16:56:47.561"/>
</kw>
<kw name="Close session" library="base">
<kw name="Close Application" library="AppiumLibrary">
<doc>Closes the current application and also close webdriver session.</doc>
<status status="PASS" starttime="20240208 16:56:47.562" endtime="20240208 16:56:50.756"/>
</kw>
<status status="PASS" starttime="20240208 16:56:47.561" endtime="20240208 16:56:50.757"/>
</kw>
<status status="PASS" starttime="20240208 16:55:07.237" endtime="20240208 16:56:50.758"/>
</test>
<test id="s1-s1-s1-t4" name="Deve cadastrar uma conta e selecionar o nível Outros" line="62">
<kw name="Start Session" library="base">
<kw name="Open Application" library="AppiumLibrary">
<arg>http://localhost:4723</arg>
<arg>platformName=Android</arg>
<arg>deviceName=Android Emulator</arg>
<arg>automationName=UiAutomator2</arg>
<arg>app=${EXECDIR}/app/yodapp-beta.apk</arg>
<arg>udid=emulator-5554</arg>
<arg>ignoreHiddenApiPolicyError=true</arg>
<arg>autoGrantPermissions=true</arg>
<doc>Opens a new application to given Appium server.
Capabilities of appium server, Android and iOS,
Please check https://github.com/appium/appium/blob/master/docs/en/writing-running-appium/server-args.md
| *Option*            | *Man.* | *Description*     |
| remote_url          | Yes    | Appium server url |
| alias               | no     | alias             |
| strict_ssl          | No     | allows you to send commands to an invalid certificate host like a self-signed one. |</doc>
<status status="PASS" starttime="20240208 16:56:50.761" endtime="20240208 16:57:52.315"/>
</kw>
<status status="PASS" starttime="20240208 16:56:50.760" endtime="20240208 16:57:52.316"/>
</kw>
<kw name="Get started" library="base">
<kw name="Wait Until Page Contains" library="AppiumLibrary">
<arg>QAX</arg>
<arg>20</arg>
<doc>Waits until `text` appears on current page.</doc>
<status status="PASS" starttime="20240208 16:57:52.317" endtime="20240208 16:58:00.479"/>
</kw>
<kw name="Click Text" library="AppiumLibrary">
<arg>QAX</arg>
<doc>Click text identified by ``text``.</doc>
<msg timestamp="20240208 16:58:07.231" level="INFO">xpath criteria: //*[contains(@text,"QAX")]</msg>
<status status="PASS" starttime="20240208 16:58:00.479" endtime="20240208 16:58:07.231"/>
</kw>
<status status="PASS" starttime="20240208 16:57:52.316" endtime="20240208 16:58:07.231"/>
</kw>
<kw name="Navigate to" library="base">
<arg>Formulários</arg>
<kw name="Set Variable" library="BuiltIn">
<var>${hamburguer}</var>
<arg>xpath=//android.widget.ImageButton[@content-desc="Open navigation drawer"]</arg>
<doc>Returns the given values which can then be assigned to a variables.</doc>
<msg timestamp="20240208 16:58:07.234" level="INFO">${hamburguer} = xpath=//android.widget.ImageButton[@content-desc="Open navigation drawer"]</msg>
<status status="PASS" starttime="20240208 16:58:07.233" endtime="20240208 16:58:07.234"/>
</kw>
<kw name="Wait Until Element Is Visible" library="AppiumLibrary">
<arg>${hamburguer}</arg>
<arg>20</arg>
<doc>Waits until element specified with `locator` is visible.</doc>
<msg timestamp="20240208 16:58:09.540" level="INFO">xpath criteria: //android.widget.ImageButton[@content-desc="Open navigation drawer"]
xpath criteria: //android.widget.ImageButton[@content-desc="Open navigation drawer"]</msg>
<status status="PASS" starttime="20240208 16:58:07.234" endtime="20240208 16:58:09.540"/>
</kw>
<kw name="Click Element" library="AppiumLibrary">
<arg>${hamburguer}</arg>
<doc>Click element identified by `locator`.</doc>
<msg timestamp="20240208 16:58:09.546" level="INFO">Clicking element 'xpath=//android.widget.ImageButton[@content-desc="Open navigation drawer"]'.</msg>
<msg timestamp="20240208 16:58:10.027" level="INFO">xpath criteria: //android.widget.ImageButton[@content-desc="Open navigation drawer"]</msg>
<status status="PASS" starttime="20240208 16:58:09.541" endtime="20240208 16:58:10.027"/>
</kw>
<kw name="Set Variable" library="BuiltIn">
<var>${menu_item}</var>
<arg>xpath=//*[@resource-id="com.qaxperience.yodapp:id/navView"]//*[@text="${item_text}"]</arg>
<doc>Returns the given values which can then be assigned to a variables.</doc>
<msg timestamp="20240208 16:58:10.028" level="INFO">${menu_item} = xpath=//*[@resource-id="com.qaxperience.yodapp:id/navView"]//*[@text="Formulários"]</msg>
<status status="PASS" starttime="20240208 16:58:10.027" endtime="20240208 16:58:10.028"/>
</kw>
<kw name="Wait Until Element Is Visible" library="AppiumLibrary">
<arg>${menu_item}</arg>
<arg>20</arg>
<doc>Waits until element specified with `locator` is visible.</doc>
<msg timestamp="20240208 16:58:13.122" level="INFO">xpath criteria: //*[@resource-id="com.qaxperience.yodapp:id/navView"]//*[@text="Formulários"]</msg>
<status status="PASS" starttime="20240208 16:58:10.028" endtime="20240208 16:58:13.122"/>
</kw>
<kw name="Click Element" library="AppiumLibrary">
<arg>${menu_item}</arg>
<doc>Click element identified by `locator`.</doc>
<msg timestamp="20240208 16:58:13.125" level="INFO">Clicking element 'xpath=//*[@resource-id="com.qaxperience.yodapp:id/navView"]//*[@text="Formulários"]'.</msg>
<msg timestamp="20240208 16:58:14.309" level="INFO">xpath criteria: //*[@resource-id="com.qaxperience.yodapp:id/navView"]//*[@text="Formulários"]</msg>
<status status="PASS" starttime="20240208 16:58:13.123" endtime="20240208 16:58:14.309"/>
</kw>
<status status="PASS" starttime="20240208 16:58:07.233" endtime="20240208 16:58:14.309"/>
</kw>
<kw name="Go to item" library="base">
<arg>Cadastro</arg>
<arg>Crie sua conta</arg>
<kw name="Wait Until Page Contains" library="AppiumLibrary">
<arg>${item}</arg>
<arg>20</arg>
<doc>Waits until `text` appears on current page.</doc>
<status status="PASS" starttime="20240208 16:58:14.311" endtime="20240208 16:58:15.655"/>
</kw>
<kw name="Click Text" library="AppiumLibrary">
<arg>${item}</arg>
<doc>Click text identified by ``text``.</doc>
<msg timestamp="20240208 16:58:16.692" level="INFO">xpath criteria: //*[contains(@text,"Cadastro")]</msg>
<status status="PASS" starttime="20240208 16:58:15.655" endtime="20240208 16:58:16.693"/>
</kw>
<kw name="Wait Until Page Contains" library="AppiumLibrary">
<arg>${checkpoint}</arg>
<arg>20</arg>
<doc>Waits until `text` appears on current page.</doc>
<status status="PASS" starttime="20240208 16:58:16.693" endtime="20240208 16:58:21.395"/>
</kw>
<status status="PASS" starttime="20240208 16:58:14.310" endtime="20240208 16:58:21.396"/>
</kw>
<kw name="Input Text" library="AppiumLibrary">
<arg>id=com.qaxperience.yodapp:id/etUsername</arg>
<arg>Emily</arg>
<doc>Types the given `text` into text field identified by `locator`.</doc>
<msg timestamp="20240208 16:58:21.402" level="INFO">Typing text 'Emily' into text field 'id=com.qaxperience.yodapp:id/etUsername'</msg>
<msg timestamp="20240208 16:58:22.276" level="INFO">criteria is com.qaxperience.yodapp:id/etUsername</msg>
<status status="PASS" starttime="20240208 16:58:21.397" endtime="20240208 16:58:22.276"/>
</kw>
<kw name="Input Text" library="AppiumLibrary">
<arg>id=com.qaxperience.yodapp:id/etEmail</arg>
<arg>emilygabriela22@gmail.com</arg>
<doc>Types the given `text` into text field identified by `locator`.</doc>
<msg timestamp="20240208 16:58:22.282" level="INFO">Typing text 'emilygabriela22@gmail.com' into text field 'id=com.qaxperience.yodapp:id/etEmail'</msg>
<msg timestamp="20240208 16:58:23.275" level="INFO">criteria is com.qaxperience.yodapp:id/etEmail</msg>
<status status="PASS" starttime="20240208 16:58:22.276" endtime="20240208 16:58:23.275"/>
</kw>
<kw name="Input Text" library="AppiumLibrary">
<arg>id=com.qaxperience.yodapp:id/etPassword</arg>
<arg>123321</arg>
<doc>Types the given `text` into text field identified by `locator`.</doc>
<msg timestamp="20240208 16:58:23.278" level="INFO">Typing text '123321' into text field 'id=com.qaxperience.yodapp:id/etPassword'</msg>
<msg timestamp="20240208 16:58:23.779" level="INFO">criteria is com.qaxperience.yodapp:id/etPassword</msg>
<status status="PASS" starttime="20240208 16:58:23.276" endtime="20240208 16:58:23.779"/>
</kw>
<kw name="Select level">
<arg>Outros</arg>
<kw name="Click Element" library="AppiumLibrary">
<arg>id=com.qaxperience.yodapp:id/spinnerJob</arg>
<doc>Click element identified by `locator`.</doc>
<msg timestamp="20240208 16:58:23.783" level="INFO">Clicking element 'id=com.qaxperience.yodapp:id/spinnerJob'.</msg>
<msg timestamp="20240208 16:58:24.410" level="INFO">criteria is com.qaxperience.yodapp:id/spinnerJob</msg>
<status status="PASS" starttime="20240208 16:58:23.780" endtime="20240208 16:58:24.410"/>
</kw>
<kw name="Wait Until Element Is Visible" library="AppiumLibrary">
<arg>class=android.widget.ListView</arg>
<doc>Waits until element specified with `locator` is visible.</doc>
<status status="PASS" starttime="20240208 16:58:24.410" endtime="20240208 16:58:26.032"/>
</kw>
<kw name="Click Text" library="AppiumLibrary">
<arg>${level}</arg>
<doc>Click text identified by ``text``.</doc>
<msg timestamp="20240208 16:58:27.560" level="INFO">xpath criteria: //*[contains(@text,"Outros")]</msg>
<status status="PASS" starttime="20240208 16:58:26.033" endtime="20240208 16:58:27.560"/>
</kw>
<status status="PASS" starttime="20240208 16:58:23.779" endtime="20240208 16:58:27.560"/>
</kw>
<kw name="Close session" library="base">
<kw name="Close Application" library="AppiumLibrary">
<doc>Closes the current application and also close webdriver session.</doc>
<status status="PASS" starttime="20240208 16:58:27.561" endtime="20240208 16:58:30.545"/>
</kw>
<status status="PASS" starttime="20240208 16:58:27.561" endtime="20240208 16:58:30.545"/>
</kw>
<status status="PASS" starttime="20240208 16:56:50.759" endtime="20240208 16:58:30.546"/>
</test>
<doc>Automação de cadastro</doc>
<status status="PASS" starttime="20240208 16:51:55.060" endtime="20240208 16:58:30.547"/>
</suite>
<suite id="s1-s1-s2" name="Checkbox-Radio" source="C:\QAx\projects-mobile\yodapp-robot\tests\checkbox-radio.robot">
<test id="s1-s1-s2-t1" name="Deve marcar todas que usam Appium" line="8">
<kw name="Start Session" library="base">
<kw name="Open Application" library="AppiumLibrary">
<arg>http://localhost:4723</arg>
<arg>platformName=Android</arg>
<arg>deviceName=Android Emulator</arg>
<arg>automationName=UiAutomator2</arg>
<arg>app=${EXECDIR}/app/yodapp-beta.apk</arg>
<arg>udid=emulator-5554</arg>
<arg>ignoreHiddenApiPolicyError=true</arg>
<arg>autoGrantPermissions=true</arg>
<doc>Opens a new application to given Appium server.
Capabilities of appium server, Android and iOS,
Please check https://github.com/appium/appium/blob/master/docs/en/writing-running-appium/server-args.md
| *Option*            | *Man.* | *Description*     |
| remote_url          | Yes    | Appium server url |
| alias               | no     | alias             |
| strict_ssl          | No     | allows you to send commands to an invalid certificate host like a self-signed one. |</doc>
<status status="PASS" starttime="20240208 16:58:30.567" endtime="20240208 16:59:28.051"/>
</kw>
<status status="PASS" starttime="20240208 16:58:30.566" endtime="20240208 16:59:28.051"/>
</kw>
<kw name="Get started" library="base">
<kw name="Wait Until Page Contains" library="AppiumLibrary">
<arg>QAX</arg>
<arg>20</arg>
<doc>Waits until `text` appears on current page.</doc>
<status status="PASS" starttime="20240208 16:59:28.052" endtime="20240208 16:59:35.540"/>
</kw>
<kw name="Click Text" library="AppiumLibrary">
<arg>QAX</arg>
<doc>Click text identified by ``text``.</doc>
<msg timestamp="20240208 16:59:42.072" level="INFO">xpath criteria: //*[contains(@text,"QAX")]</msg>
<status status="PASS" starttime="20240208 16:59:35.540" endtime="20240208 16:59:42.073"/>
</kw>
<status status="PASS" starttime="20240208 16:59:28.052" endtime="20240208 16:59:42.073"/>
</kw>
<kw name="Navigate to" library="base">
<arg>Check e Radio</arg>
<kw name="Set Variable" library="BuiltIn">
<var>${hamburguer}</var>
<arg>xpath=//android.widget.ImageButton[@content-desc="Open navigation drawer"]</arg>
<doc>Returns the given values which can then be assigned to a variables.</doc>
<msg timestamp="20240208 16:59:42.075" level="INFO">${hamburguer} = xpath=//android.widget.ImageButton[@content-desc="Open navigation drawer"]</msg>
<status status="PASS" starttime="20240208 16:59:42.074" endtime="20240208 16:59:42.075"/>
</kw>
<kw name="Wait Until Element Is Visible" library="AppiumLibrary">
<arg>${hamburguer}</arg>
<arg>20</arg>
<doc>Waits until element specified with `locator` is visible.</doc>
<msg timestamp="20240208 16:59:44.389" level="INFO">xpath criteria: //android.widget.ImageButton[@content-desc="Open navigation drawer"]
xpath criteria: //android.widget.ImageButton[@content-desc="Open navigation drawer"]</msg>
<status status="PASS" starttime="20240208 16:59:42.075" endtime="20240208 16:59:44.389"/>
</kw>
<kw name="Click Element" library="AppiumLibrary">
<arg>${hamburguer}</arg>
<doc>Click element identified by `locator`.</doc>
<msg timestamp="20240208 16:59:44.393" level="INFO">Clicking element 'xpath=//android.widget.ImageButton[@content-desc="Open navigation drawer"]'.</msg>
<msg timestamp="20240208 16:59:44.799" level="INFO">xpath criteria: //android.widget.ImageButton[@content-desc="Open navigation drawer"]</msg>
<status status="PASS" starttime="20240208 16:59:44.389" endtime="20240208 16:59:44.799"/>
</kw>
<kw name="Set Variable" library="BuiltIn">
<var>${menu_item}</var>
<arg>xpath=//*[@resource-id="com.qaxperience.yodapp:id/navView"]//*[@text="${item_text}"]</arg>
<doc>Returns the given values which can then be assigned to a variables.</doc>
<msg timestamp="20240208 16:59:44.800" level="INFO">${menu_item} = xpath=//*[@resource-id="com.qaxperience.yodapp:id/navView"]//*[@text="Check e Radio"]</msg>
<status status="PASS" starttime="20240208 16:59:44.799" endtime="20240208 16:59:44.800"/>
</kw>
<kw name="Wait Until Element Is Visible" library="AppiumLibrary">
<arg>${menu_item}</arg>
<arg>20</arg>
<doc>Waits until element specified with `locator` is visible.</doc>
<msg timestamp="20240208 16:59:47.655" level="INFO">xpath criteria: //*[@resource-id="com.qaxperience.yodapp:id/navView"]//*[@text="Check e Radio"]</msg>
<status status="PASS" starttime="20240208 16:59:44.800" endtime="20240208 16:59:47.655"/>
</kw>
<kw name="Click Element" library="AppiumLibrary">
<arg>${menu_item}</arg>
<doc>Click element identified by `locator`.</doc>
<msg timestamp="20240208 16:59:47.657" level="INFO">Clicking element 'xpath=//*[@resource-id="com.qaxperience.yodapp:id/navView"]//*[@text="Check e Radio"]'.</msg>
<msg timestamp="20240208 16:59:48.854" level="INFO">xpath criteria: //*[@resource-id="com.qaxperience.yodapp:id/navView"]//*[@text="Check e Radio"]</msg>
<status status="PASS" starttime="20240208 16:59:47.655" endtime="20240208 16:59:48.855"/>
</kw>
<status status="PASS" starttime="20240208 16:59:42.073" endtime="20240208 16:59:48.855"/>
</kw>
<kw name="Go to item" library="base">
<arg>Checkbox</arg>
<arg>Marque as techs que usam Appium</arg>
<kw name="Wait Until Page Contains" library="AppiumLibrary">
<arg>${item}</arg>
<arg>20</arg>
<doc>Waits until `text` appears on current page.</doc>
<status status="PASS" starttime="20240208 16:59:48.856" endtime="20240208 16:59:50.130"/>
</kw>
<kw name="Click Text" library="AppiumLibrary">
<arg>${item}</arg>
<doc>Click text identified by ``text``.</doc>
<msg timestamp="20240208 16:59:50.597" level="INFO">xpath criteria: //*[contains(@text,"Checkbox")]</msg>
<status status="PASS" starttime="20240208 16:59:50.130" endtime="20240208 16:59:50.597"/>
</kw>
<kw name="Wait Until Page Contains" library="AppiumLibrary">
<arg>${checkpoint}</arg>
<arg>20</arg>
<doc>Waits until `text` appears on current page.</doc>
<status status="PASS" starttime="20240208 16:59:50.597" endtime="20240208 16:59:54.362"/>
</kw>
<status status="PASS" starttime="20240208 16:59:48.855" endtime="20240208 16:59:54.363"/>
</kw>
<kw name="Create List" library="BuiltIn">
<var>@{techs}</var>
<arg>Ruby</arg>
<arg>Python</arg>
<arg>Java</arg>
<arg>Javascript</arg>
<arg>C#</arg>
<arg>Robot Framework</arg>
<doc>Returns a list containing given items.</doc>
<msg timestamp="20240208 16:59:54.364" level="INFO">@{techs} = [ Ruby | Python | Java | Javascript | C# | Robot Framework ]</msg>
<status status="PASS" starttime="20240208 16:59:54.363" endtime="20240208 16:59:54.364"/>
</kw>
<for flavor="IN">
<var>${tech}</var>
<value>@{techs}</value>
<iter>
<var name="${tech}">Ruby</var>
<kw name="Click Element" library="AppiumLibrary">
<arg>xpath=//android.widget.CheckBox[contains(@text, "${tech}")]</arg>
<doc>Click element identified by `locator`.</doc>
<msg timestamp="20240208 16:59:54.369" level="INFO">Clicking element 'xpath=//android.widget.CheckBox[contains(@text, "Ruby")]'.</msg>
<msg timestamp="20240208 16:59:56.164" level="INFO">xpath criteria: //android.widget.CheckBox[contains(@text, "Ruby")]</msg>
<status status="PASS" starttime="20240208 16:59:54.365" endtime="20240208 16:59:56.164"/>
</kw>
<status status="PASS" starttime="20240208 16:59:54.365" endtime="20240208 16:59:56.164"/>
</iter>
<iter>
<var name="${tech}">Python</var>
<kw name="Click Element" library="AppiumLibrary">
<arg>xpath=//android.widget.CheckBox[contains(@text, "${tech}")]</arg>
<doc>Click element identified by `locator`.</doc>
<msg timestamp="20240208 16:59:56.169" level="INFO">Clicking element 'xpath=//android.widget.CheckBox[contains(@text, "Python")]'.</msg>
<msg timestamp="20240208 16:59:56.979" level="INFO">xpath criteria: //android.widget.CheckBox[contains(@text, "Python")]</msg>
<status status="PASS" starttime="20240208 16:59:56.165" endtime="20240208 16:59:56.979"/>
</kw>
<status status="PASS" starttime="20240208 16:59:56.165" endtime="20240208 16:59:56.979"/>
</iter>
<iter>
<var name="${tech}">Java</var>
<kw name="Click Element" library="AppiumLibrary">
<arg>xpath=//android.widget.CheckBox[contains(@text, "${tech}")]</arg>
<doc>Click element identified by `locator`.</doc>
<msg timestamp="20240208 16:59:56.984" level="INFO">Clicking element 'xpath=//android.widget.CheckBox[contains(@text, "Java")]'.</msg>
<msg timestamp="20240208 16:59:58.681" level="INFO">xpath criteria: //android.widget.CheckBox[contains(@text, "Java")]</msg>
<status status="PASS" starttime="20240208 16:59:56.979" endtime="20240208 16:59:58.681"/>
</kw>
<status status="PASS" starttime="20240208 16:59:56.979" endtime="20240208 16:59:58.681"/>
</iter>
<iter>
<var name="${tech}">Javascript</var>
<kw name="Click Element" library="AppiumLibrary">
<arg>xpath=//android.widget.CheckBox[contains(@text, "${tech}")]</arg>
<doc>Click element identified by `locator`.</doc>
<msg timestamp="20240208 16:59:58.684" level="INFO">Clicking element 'xpath=//android.widget.CheckBox[contains(@text, "Javascript")]'.</msg>
<msg timestamp="20240208 17:00:00.457" level="INFO">xpath criteria: //android.widget.CheckBox[contains(@text, "Javascript")]</msg>
<status status="PASS" starttime="20240208 16:59:58.681" endtime="20240208 17:00:00.457"/>
</kw>
<status status="PASS" starttime="20240208 16:59:58.681" endtime="20240208 17:00:00.457"/>
</iter>
<iter>
<var name="${tech}">C#</var>
<kw name="Click Element" library="AppiumLibrary">
<arg>xpath=//android.widget.CheckBox[contains(@text, "${tech}")]</arg>
<doc>Click element identified by `locator`.</doc>
<msg timestamp="20240208 17:00:00.461" level="INFO">Clicking element 'xpath=//android.widget.CheckBox[contains(@text, "C#")]'.</msg>
<msg timestamp="20240208 17:00:02.381" level="INFO">xpath criteria: //android.widget.CheckBox[contains(@text, "C#")]</msg>
<status status="PASS" starttime="20240208 17:00:00.457" endtime="20240208 17:00:02.381"/>
</kw>
<status status="PASS" starttime="20240208 17:00:00.457" endtime="20240208 17:00:02.381"/>
</iter>
<iter>
<var name="${tech}">Robot Framework</var>
<kw name="Click Element" library="AppiumLibrary">
<arg>xpath=//android.widget.CheckBox[contains(@text, "${tech}")]</arg>
<doc>Click element identified by `locator`.</doc>
<msg timestamp="20240208 17:00:02.384" level="INFO">Clicking element 'xpath=//android.widget.CheckBox[contains(@text, "Robot Framework")]'.</msg>
<msg timestamp="20240208 17:00:03.757" level="INFO">xpath criteria: //android.widget.CheckBox[contains(@text, "Robot Framework")]</msg>
<status status="PASS" starttime="20240208 17:00:02.382" endtime="20240208 17:00:03.757"/>
</kw>
<status status="PASS" starttime="20240208 17:00:02.381" endtime="20240208 17:00:03.757"/>
</iter>
<status status="PASS" starttime="20240208 16:59:54.364" endtime="20240208 17:00:03.758"/>
</for>
<kw name="Close session" library="base">
<kw name="Close Application" library="AppiumLibrary">
<doc>Closes the current application and also close webdriver session.</doc>
<status status="PASS" starttime="20240208 17:00:03.759" endtime="20240208 17:00:07.949"/>
</kw>
<status status="PASS" starttime="20240208 17:00:03.758" endtime="20240208 17:00:07.949"/>
</kw>
<status status="PASS" starttime="20240208 16:58:30.565" endtime="20240208 17:00:07.950"/>
</test>
<test id="s1-s1-s2-t2" name="Deve selecionar a linguagem preferida" line="30">
<kw name="Start Session" library="base">
<kw name="Open Application" library="AppiumLibrary">
<arg>http://localhost:4723</arg>
<arg>platformName=Android</arg>
<arg>deviceName=Android Emulator</arg>
<arg>automationName=UiAutomator2</arg>
<arg>app=${EXECDIR}/app/yodapp-beta.apk</arg>
<arg>udid=emulator-5554</arg>
<arg>ignoreHiddenApiPolicyError=true</arg>
<arg>autoGrantPermissions=true</arg>
<doc>Opens a new application to given Appium server.
Capabilities of appium server, Android and iOS,
Please check https://github.com/appium/appium/blob/master/docs/en/writing-running-appium/server-args.md
| *Option*            | *Man.* | *Description*     |
| remote_url          | Yes    | Appium server url |
| alias               | no     | alias             |
| strict_ssl          | No     | allows you to send commands to an invalid certificate host like a self-signed one. |</doc>
<status status="PASS" starttime="20240208 17:00:07.951" endtime="20240208 17:01:06.040"/>
</kw>
<status status="PASS" starttime="20240208 17:00:07.951" endtime="20240208 17:01:06.040"/>
</kw>
<kw name="Get started" library="base">
<kw name="Wait Until Page Contains" library="AppiumLibrary">
<arg>QAX</arg>
<arg>20</arg>
<doc>Waits until `text` appears on current page.</doc>
<status status="PASS" starttime="20240208 17:01:06.041" endtime="20240208 17:01:14.491"/>
</kw>
<kw name="Click Text" library="AppiumLibrary">
<arg>QAX</arg>
<doc>Click text identified by ``text``.</doc>
<msg timestamp="20240208 17:01:21.183" level="INFO">xpath criteria: //*[contains(@text,"QAX")]</msg>
<status status="PASS" starttime="20240208 17:01:14.491" endtime="20240208 17:01:21.184"/>
</kw>
<status status="PASS" starttime="20240208 17:01:06.041" endtime="20240208 17:01:21.184"/>
</kw>
<kw name="Navigate to" library="base">
<arg>Check e Radio</arg>
<kw name="Set Variable" library="BuiltIn">
<var>${hamburguer}</var>
<arg>xpath=//android.widget.ImageButton[@content-desc="Open navigation drawer"]</arg>
<doc>Returns the given values which can then be assigned to a variables.</doc>
<msg timestamp="20240208 17:01:21.185" level="INFO">${hamburguer} = xpath=//android.widget.ImageButton[@content-desc="Open navigation drawer"]</msg>
<status status="PASS" starttime="20240208 17:01:21.185" endtime="20240208 17:01:21.185"/>
</kw>
<kw name="Wait Until Element Is Visible" library="AppiumLibrary">
<arg>${hamburguer}</arg>
<arg>20</arg>
<doc>Waits until element specified with `locator` is visible.</doc>
<msg timestamp="20240208 17:01:22.946" level="INFO">xpath criteria: //android.widget.ImageButton[@content-desc="Open navigation drawer"]</msg>
<status status="PASS" starttime="20240208 17:01:21.185" endtime="20240208 17:01:22.946"/>
</kw>
<kw name="Click Element" library="AppiumLibrary">
<arg>${hamburguer}</arg>
<doc>Click element identified by `locator`.</doc>
<msg timestamp="20240208 17:01:22.949" level="INFO">Clicking element 'xpath=//android.widget.ImageButton[@content-desc="Open navigation drawer"]'.</msg>
<msg timestamp="20240208 17:01:23.547" level="INFO">xpath criteria: //android.widget.ImageButton[@content-desc="Open navigation drawer"]</msg>
<status status="PASS" starttime="20240208 17:01:22.946" endtime="20240208 17:01:23.547"/>
</kw>
<kw name="Set Variable" library="BuiltIn">
<var>${menu_item}</var>
<arg>xpath=//*[@resource-id="com.qaxperience.yodapp:id/navView"]//*[@text="${item_text}"]</arg>
<doc>Returns the given values which can then be assigned to a variables.</doc>
<msg timestamp="20240208 17:01:23.547" level="INFO">${menu_item} = xpath=//*[@resource-id="com.qaxperience.yodapp:id/navView"]//*[@text="Check e Radio"]</msg>
<status status="PASS" starttime="20240208 17:01:23.547" endtime="20240208 17:01:23.548"/>
</kw>
<kw name="Wait Until Element Is Visible" library="AppiumLibrary">
<arg>${menu_item}</arg>
<arg>20</arg>
<doc>Waits until element specified with `locator` is visible.</doc>
<msg timestamp="20240208 17:01:25.771" level="INFO">xpath criteria: //*[@resource-id="com.qaxperience.yodapp:id/navView"]//*[@text="Check e Radio"]</msg>
<status status="PASS" starttime="20240208 17:01:23.548" endtime="20240208 17:01:25.771"/>
</kw>
<kw name="Click Element" library="AppiumLibrary">
<arg>${menu_item}</arg>
<doc>Click element identified by `locator`.</doc>
<msg timestamp="20240208 17:01:25.774" level="INFO">Clicking element 'xpath=//*[@resource-id="com.qaxperience.yodapp:id/navView"]//*[@text="Check e Radio"]'.</msg>
<msg timestamp="20240208 17:01:27.129" level="INFO">xpath criteria: //*[@resource-id="com.qaxperience.yodapp:id/navView"]//*[@text="Check e Radio"]</msg>
<status status="PASS" starttime="20240208 17:01:25.771" endtime="20240208 17:01:27.129"/>
</kw>
<status status="PASS" starttime="20240208 17:01:21.184" endtime="20240208 17:01:27.129"/>
</kw>
<kw name="Go to item" library="base">
<arg>Botões de radio</arg>
<arg>Escolha sua linguagem preferida</arg>
<kw name="Wait Until Page Contains" library="AppiumLibrary">
<arg>${item}</arg>
<arg>20</arg>
<doc>Waits until `text` appears on current page.</doc>
<status status="PASS" starttime="20240208 17:01:27.130" endtime="20240208 17:01:29.146"/>
</kw>
<kw name="Click Text" library="AppiumLibrary">
<arg>${item}</arg>
<doc>Click text identified by ``text``.</doc>
<msg timestamp="20240208 17:01:30.169" level="INFO">xpath criteria: //*[contains(@text,"Botões de radio")]</msg>
<status status="PASS" starttime="20240208 17:01:29.146" endtime="20240208 17:01:30.169"/>
</kw>
<kw name="Wait Until Page Contains" library="AppiumLibrary">
<arg>${checkpoint}</arg>
<arg>20</arg>
<doc>Waits until `text` appears on current page.</doc>
<status status="PASS" starttime="20240208 17:01:30.170" endtime="20240208 17:01:32.758"/>
</kw>
<status status="PASS" starttime="20240208 17:01:27.130" endtime="20240208 17:01:32.758"/>
</kw>
<kw name="Click Element" library="AppiumLibrary">
<arg>xpath=//android.widget.RadioButton[contains(@text, "Python")]</arg>
<doc>Click element identified by `locator`.</doc>
<msg timestamp="20240208 17:01:32.760" level="INFO">Clicking element 'xpath=//android.widget.RadioButton[contains(@text, "Python")]'.</msg>
<msg timestamp="20240208 17:01:33.719" level="INFO">xpath criteria: //android.widget.RadioButton[contains(@text, "Python")]</msg>
<status status="PASS" starttime="20240208 17:01:32.758" endtime="20240208 17:01:33.719"/>
</kw>
<kw name="Close session" library="base">
<kw name="Close Application" library="AppiumLibrary">
<doc>Closes the current application and also close webdriver session.</doc>
<status status="PASS" starttime="20240208 17:01:33.720" endtime="20240208 17:01:36.965"/>
</kw>
<status status="PASS" starttime="20240208 17:01:33.719" endtime="20240208 17:01:36.965"/>
</kw>
<tag>Radio</tag>
<status status="PASS" starttime="20240208 17:00:07.951" endtime="20240208 17:01:36.965"/>
</test>
<doc>Automação de botões de checkbox e radio</doc>
<status status="PASS" starttime="20240208 16:58:30.550" endtime="20240208 17:01:36.967"/>
</suite>
<suite id="s1-s1-s3" name="Click" source="C:\QAx\projects-mobile\yodapp-robot\tests\click.robot">
<test id="s1-s1-s3-t1" name="Deve realizar um clique simples" line="8">
<kw name="Start Session" library="base">
<kw name="Open Application" library="AppiumLibrary">
<arg>http://localhost:4723</arg>
<arg>platformName=Android</arg>
<arg>deviceName=Android Emulator</arg>
<arg>automationName=UiAutomator2</arg>
<arg>app=${EXECDIR}/app/yodapp-beta.apk</arg>
<arg>udid=emulator-5554</arg>
<arg>ignoreHiddenApiPolicyError=true</arg>
<arg>autoGrantPermissions=true</arg>
<doc>Opens a new application to given Appium server.
Capabilities of appium server, Android and iOS,
Please check https://github.com/appium/appium/blob/master/docs/en/writing-running-appium/server-args.md
| *Option*            | *Man.* | *Description*     |
| remote_url          | Yes    | Appium server url |
| alias               | no     | alias             |
| strict_ssl          | No     | allows you to send commands to an invalid certificate host like a self-signed one. |</doc>
<status status="PASS" starttime="20240208 17:01:36.981" endtime="20240208 17:02:29.410"/>
</kw>
<status status="PASS" starttime="20240208 17:01:36.980" endtime="20240208 17:02:29.410"/>
</kw>
<kw name="Get started" library="base">
<kw name="Wait Until Page Contains" library="AppiumLibrary">
<arg>QAX</arg>
<arg>20</arg>
<doc>Waits until `text` appears on current page.</doc>
<status status="PASS" starttime="20240208 17:02:29.411" endtime="20240208 17:02:37.420"/>
</kw>
<kw name="Click Text" library="AppiumLibrary">
<arg>QAX</arg>
<doc>Click text identified by ``text``.</doc>
<msg timestamp="20240208 17:02:43.442" level="INFO">xpath criteria: //*[contains(@text,"QAX")]</msg>
<status status="PASS" starttime="20240208 17:02:37.420" endtime="20240208 17:02:43.443"/>
</kw>
<status status="PASS" starttime="20240208 17:02:29.411" endtime="20240208 17:02:43.443"/>
</kw>
<kw name="Navigate to" library="base">
<arg>Clique em Botões</arg>
<kw name="Set Variable" library="BuiltIn">
<var>${hamburguer}</var>
<arg>xpath=//android.widget.ImageButton[@content-desc="Open navigation drawer"]</arg>
<doc>Returns the given values which can then be assigned to a variables.</doc>
<msg timestamp="20240208 17:02:43.449" level="INFO">${hamburguer} = xpath=//android.widget.ImageButton[@content-desc="Open navigation drawer"]</msg>
<status status="PASS" starttime="20240208 17:02:43.449" endtime="20240208 17:02:43.449"/>
</kw>
<kw name="Wait Until Element Is Visible" library="AppiumLibrary">
<arg>${hamburguer}</arg>
<arg>20</arg>
<doc>Waits until element specified with `locator` is visible.</doc>
<msg timestamp="20240208 17:02:45.590" level="INFO">xpath criteria: //android.widget.ImageButton[@content-desc="Open navigation drawer"]
xpath criteria: //android.widget.ImageButton[@content-desc="Open navigation drawer"]</msg>
<status status="PASS" starttime="20240208 17:02:43.449" endtime="20240208 17:02:45.590"/>
</kw>
<kw name="Click Element" library="AppiumLibrary">
<arg>${hamburguer}</arg>
<doc>Click element identified by `locator`.</doc>
<msg timestamp="20240208 17:02:45.592" level="INFO">Clicking element 'xpath=//android.widget.ImageButton[@content-desc="Open navigation drawer"]'.</msg>
<msg timestamp="20240208 17:02:46.508" level="INFO">xpath criteria: //android.widget.ImageButton[@content-desc="Open navigation drawer"]</msg>
<status status="PASS" starttime="20240208 17:02:45.590" endtime="20240208 17:02:46.508"/>
</kw>
<kw name="Set Variable" library="BuiltIn">
<var>${menu_item}</var>
<arg>xpath=//*[@resource-id="com.qaxperience.yodapp:id/navView"]//*[@text="${item_text}"]</arg>
<doc>Returns the given values which can then be assigned to a variables.</doc>
<msg timestamp="20240208 17:02:46.508" level="INFO">${menu_item} = xpath=//*[@resource-id="com.qaxperience.yodapp:id/navView"]//*[@text="Clique em Botões"]</msg>
<status status="PASS" starttime="20240208 17:02:46.508" endtime="20240208 17:02:46.508"/>
</kw>
<kw name="Wait Until Element Is Visible" library="AppiumLibrary">
<arg>${menu_item}</arg>
<arg>20</arg>
<doc>Waits until element specified with `locator` is visible.</doc>
<msg timestamp="20240208 17:02:49.036" level="INFO">xpath criteria: //*[@resource-id="com.qaxperience.yodapp:id/navView"]//*[@text="Clique em Botões"]</msg>
<status status="PASS" starttime="20240208 17:02:46.508" endtime="20240208 17:02:49.036"/>
</kw>
<kw name="Click Element" library="AppiumLibrary">
<arg>${menu_item}</arg>
<doc>Click element identified by `locator`.</doc>
<msg timestamp="20240208 17:02:49.038" level="INFO">Clicking element 'xpath=//*[@resource-id="com.qaxperience.yodapp:id/navView"]//*[@text="Clique em Botões"]'.</msg>
<msg timestamp="20240208 17:02:50.097" level="INFO">xpath criteria: //*[@resource-id="com.qaxperience.yodapp:id/navView"]//*[@text="Clique em Botões"]</msg>
<status status="PASS" starttime="20240208 17:02:49.036" endtime="20240208 17:02:50.098"/>
</kw>
<status status="PASS" starttime="20240208 17:02:43.448" endtime="20240208 17:02:50.098"/>
</kw>
<kw name="Go to item" library="base">
<arg>Clique simples</arg>
<arg>Botão clique simples</arg>
<kw name="Wait Until Page Contains" library="AppiumLibrary">
<arg>${item}</arg>
<arg>20</arg>
<doc>Waits until `text` appears on current page.</doc>
<status status="PASS" starttime="20240208 17:02:50.099" endtime="20240208 17:02:51.135"/>
</kw>
<kw name="Click Text" library="AppiumLibrary">
<arg>${item}</arg>
<doc>Click text identified by ``text``.</doc>
<msg timestamp="20240208 17:02:51.670" level="INFO">xpath criteria: //*[contains(@text,"Clique simples")]</msg>
<status status="PASS" starttime="20240208 17:02:51.135" endtime="20240208 17:02:51.670"/>
</kw>
<kw name="Wait Until Page Contains" library="AppiumLibrary">
<arg>${checkpoint}</arg>
<arg>20</arg>
<doc>Waits until `text` appears on current page.</doc>
<status status="PASS" starttime="20240208 17:02:51.670" endtime="20240208 17:02:54.162"/>
</kw>
<status status="PASS" starttime="20240208 17:02:50.098" endtime="20240208 17:02:54.162"/>
</kw>
<kw name="Click Text" library="AppiumLibrary">
<arg>CLIQUE SIMPLES</arg>
<doc>Click text identified by ``text``.</doc>
<msg timestamp="20240208 17:02:54.556" level="INFO">xpath criteria: //*[contains(@text,"CLIQUE SIMPLES")]</msg>
<status status="PASS" starttime="20240208 17:02:54.163" endtime="20240208 17:02:54.556"/>
</kw>
<kw name="Wait Until Page Contains" library="AppiumLibrary">
<arg>Isso é um clique simples</arg>
<doc>Waits until `text` appears on current page.</doc>
<status status="PASS" starttime="20240208 17:02:54.556" endtime="20240208 17:02:55.269"/>
</kw>
<kw name="Close session" library="base">
<kw name="Close Application" library="AppiumLibrary">
<doc>Closes the current application and also close webdriver session.</doc>
<status status="PASS" starttime="20240208 17:02:55.270" endtime="20240208 17:02:58.405"/>
</kw>
<status status="PASS" starttime="20240208 17:02:55.270" endtime="20240208 17:02:58.405"/>
</kw>
<status status="PASS" starttime="20240208 17:01:36.979" endtime="20240208 17:02:58.406"/>
</test>
<test id="s1-s1-s3-t2" name="Deve realizar um clique longo" line="20">
<kw name="Start Session" library="base">
<kw name="Open Application" library="AppiumLibrary">
<arg>http://localhost:4723</arg>
<arg>platformName=Android</arg>
<arg>deviceName=Android Emulator</arg>
<arg>automationName=UiAutomator2</arg>
<arg>app=${EXECDIR}/app/yodapp-beta.apk</arg>
<arg>udid=emulator-5554</arg>
<arg>ignoreHiddenApiPolicyError=true</arg>
<arg>autoGrantPermissions=true</arg>
<doc>Opens a new application to given Appium server.
Capabilities of appium server, Android and iOS,
Please check https://github.com/appium/appium/blob/master/docs/en/writing-running-appium/server-args.md
| *Option*            | *Man.* | *Description*     |
| remote_url          | Yes    | Appium server url |
| alias               | no     | alias             |
| strict_ssl          | No     | allows you to send commands to an invalid certificate host like a self-signed one. |</doc>
<status status="PASS" starttime="20240208 17:02:58.408" endtime="20240208 17:03:54.211"/>
</kw>
<status status="PASS" starttime="20240208 17:02:58.408" endtime="20240208 17:03:54.211"/>
</kw>
<kw name="Get started" library="base">
<kw name="Wait Until Page Contains" library="AppiumLibrary">
<arg>QAX</arg>
<arg>20</arg>
<doc>Waits until `text` appears on current page.</doc>
<status status="PASS" starttime="20240208 17:03:54.212" endtime="20240208 17:04:02.372"/>
</kw>
<kw name="Click Text" library="AppiumLibrary">
<arg>QAX</arg>
<doc>Click text identified by ``text``.</doc>
<msg timestamp="20240208 17:04:08.175" level="INFO">xpath criteria: //*[contains(@text,"QAX")]</msg>
<status status="PASS" starttime="20240208 17:04:02.372" endtime="20240208 17:04:08.175"/>
</kw>
<status status="PASS" starttime="20240208 17:03:54.212" endtime="20240208 17:04:08.175"/>
</kw>
<kw name="Navigate to" library="base">
<arg>Clique em Botões</arg>
<kw name="Set Variable" library="BuiltIn">
<var>${hamburguer}</var>
<arg>xpath=//android.widget.ImageButton[@content-desc="Open navigation drawer"]</arg>
<doc>Returns the given values which can then be assigned to a variables.</doc>
<msg timestamp="20240208 17:04:08.176" level="INFO">${hamburguer} = xpath=//android.widget.ImageButton[@content-desc="Open navigation drawer"]</msg>
<status status="PASS" starttime="20240208 17:04:08.176" endtime="20240208 17:04:08.176"/>
</kw>
<kw name="Wait Until Element Is Visible" library="AppiumLibrary">
<arg>${hamburguer}</arg>
<arg>20</arg>
<doc>Waits until element specified with `locator` is visible.</doc>
<msg timestamp="20240208 17:04:11.060" level="INFO">xpath criteria: //android.widget.ImageButton[@content-desc="Open navigation drawer"]
xpath criteria: //android.widget.ImageButton[@content-desc="Open navigation drawer"]</msg>
<status status="PASS" starttime="20240208 17:04:08.177" endtime="20240208 17:04:11.060"/>
</kw>
<kw name="Click Element" library="AppiumLibrary">
<arg>${hamburguer}</arg>
<doc>Click element identified by `locator`.</doc>
<msg timestamp="20240208 17:04:11.063" level="INFO">Clicking element 'xpath=//android.widget.ImageButton[@content-desc="Open navigation drawer"]'.</msg>
<msg timestamp="20240208 17:04:11.719" level="INFO">xpath criteria: //android.widget.ImageButton[@content-desc="Open navigation drawer"]</msg>
<status status="PASS" starttime="20240208 17:04:11.060" endtime="20240208 17:04:11.719"/>
</kw>
<kw name="Set Variable" library="BuiltIn">
<var>${menu_item}</var>
<arg>xpath=//*[@resource-id="com.qaxperience.yodapp:id/navView"]//*[@text="${item_text}"]</arg>
<doc>Returns the given values which can then be assigned to a variables.</doc>
<msg timestamp="20240208 17:04:11.720" level="INFO">${menu_item} = xpath=//*[@resource-id="com.qaxperience.yodapp:id/navView"]//*[@text="Clique em Botões"]</msg>
<status status="PASS" starttime="20240208 17:04:11.720" endtime="20240208 17:04:11.720"/>
</kw>
<kw name="Wait Until Element Is Visible" library="AppiumLibrary">
<arg>${menu_item}</arg>
<arg>20</arg>
<doc>Waits until element specified with `locator` is visible.</doc>
<msg timestamp="20240208 17:04:14.541" level="INFO">xpath criteria: //*[@resource-id="com.qaxperience.yodapp:id/navView"]//*[@text="Clique em Botões"]</msg>
<status status="PASS" starttime="20240208 17:04:11.720" endtime="20240208 17:04:14.542"/>
</kw>
<kw name="Click Element" library="AppiumLibrary">
<arg>${menu_item}</arg>
<doc>Click element identified by `locator`.</doc>
<msg timestamp="20240208 17:04:14.544" level="INFO">Clicking element 'xpath=//*[@resource-id="com.qaxperience.yodapp:id/navView"]//*[@text="Clique em Botões"]'.</msg>
<msg timestamp="20240208 17:04:15.544" level="INFO">xpath criteria: //*[@resource-id="com.qaxperience.yodapp:id/navView"]//*[@text="Clique em Botões"]</msg>
<status status="PASS" starttime="20240208 17:04:14.542" endtime="20240208 17:04:15.544"/>
</kw>
<status status="PASS" starttime="20240208 17:04:08.176" endtime="20240208 17:04:15.544"/>
</kw>
<kw name="Go to item" library="base">
<arg>Clique longo</arg>
<arg>Botão clique longo</arg>
<kw name="Wait Until Page Contains" library="AppiumLibrary">
<arg>${item}</arg>
<arg>20</arg>
<doc>Waits until `text` appears on current page.</doc>
<status status="PASS" starttime="20240208 17:04:15.545" endtime="20240208 17:04:17.822"/>
</kw>
<kw name="Click Text" library="AppiumLibrary">
<arg>${item}</arg>
<doc>Click text identified by ``text``.</doc>
<msg timestamp="20240208 17:04:19.180" level="INFO">xpath criteria: //*[contains(@text,"Clique longo")]</msg>
<status status="PASS" starttime="20240208 17:04:17.822" endtime="20240208 17:04:19.180"/>
</kw>
<kw name="Wait Until Page Contains" library="AppiumLibrary">
<arg>${checkpoint}</arg>
<arg>20</arg>
<doc>Waits until `text` appears on current page.</doc>
<status status="PASS" starttime="20240208 17:04:19.180" endtime="20240208 17:04:20.919"/>
</kw>
<status status="PASS" starttime="20240208 17:04:15.545" endtime="20240208 17:04:20.920"/>
</kw>
<kw name="Set Variable" library="BuiltIn">
<var>${locator}</var>
<arg>id=com.qaxperience.yodapp:id/long_click</arg>
<doc>Returns the given values which can then be assigned to a variables.</doc>
<msg timestamp="20240208 17:04:20.920" level="INFO">${locator} = id=com.qaxperience.yodapp:id/long_click</msg>
<status status="PASS" starttime="20240208 17:04:20.920" endtime="20240208 17:04:20.920"/>
</kw>
<kw name="Get Element Location" library="AppiumLibrary">
<var>${positions}</var>
<arg>${locator}</arg>
<doc>Get element location</doc>
<msg timestamp="20240208 17:04:21.152" level="INFO">Element 'id=com.qaxperience.yodapp:id/long_click' location: {'x': 88, 'y': 672} </msg>
<msg timestamp="20240208 17:04:21.152" level="INFO">criteria is com.qaxperience.yodapp:id/long_click</msg>
<msg timestamp="20240208 17:04:21.152" level="INFO">${positions} = {'x': 88, 'y': 672}</msg>
<status status="PASS" starttime="20240208 17:04:20.921" endtime="20240208 17:04:21.152"/>
</kw>
<kw name="Tap With Positions" library="AppiumLibrary">
<arg>3000</arg>
<arg>${${positions}[x],${positions}[y]}</arg>
<doc>Taps on a particular place with up to five fingers, holding for a
certain time</doc>
<status status="PASS" starttime="20240208 17:04:21.153" endtime="20240208 17:04:24.601"/>
</kw>
<kw name="Close session" library="base">
<kw name="Close Application" library="AppiumLibrary">
<doc>Closes the current application and also close webdriver session.</doc>
<status status="PASS" starttime="20240208 17:04:24.602" endtime="20240208 17:04:27.859"/>
</kw>
<status status="PASS" starttime="20240208 17:04:24.602" endtime="20240208 17:04:27.859"/>
</kw>
<tag>longo</tag>
<status status="PASS" starttime="20240208 17:02:58.407" endtime="20240208 17:04:27.859"/>
</test>
<doc>Automação de cliques</doc>
<status status="PASS" starttime="20240208 17:01:36.970" endtime="20240208 17:04:27.860"/>
</suite>
<suite id="s1-s1-s4" name="Dragdrop" source="C:\QAx\projects-mobile\yodapp-robot\tests\dragdrop.robot">
<test id="s1-s1-s4-t1" name="Deve arrastar o skywalker e soltar no topo da lista" line="8">
<kw name="Start Session" library="base">
<kw name="Open Application" library="AppiumLibrary">
<arg>http://localhost:4723</arg>
<arg>platformName=Android</arg>
<arg>deviceName=Android Emulator</arg>
<arg>automationName=UiAutomator2</arg>
<arg>app=${EXECDIR}/app/yodapp-beta.apk</arg>
<arg>udid=emulator-5554</arg>
<arg>ignoreHiddenApiPolicyError=true</arg>
<arg>autoGrantPermissions=true</arg>
<doc>Opens a new application to given Appium server.
Capabilities of appium server, Android and iOS,
Please check https://github.com/appium/appium/blob/master/docs/en/writing-running-appium/server-args.md
| *Option*            | *Man.* | *Description*     |
| remote_url          | Yes    | Appium server url |
| alias               | no     | alias             |
| strict_ssl          | No     | allows you to send commands to an invalid certificate host like a self-signed one. |</doc>
<status status="PASS" starttime="20240208 17:04:27.882" endtime="20240208 17:05:27.350"/>
</kw>
<status status="PASS" starttime="20240208 17:04:27.882" endtime="20240208 17:05:27.350"/>
</kw>
<kw name="Get started" library="base">
<kw name="Wait Until Page Contains" library="AppiumLibrary">
<arg>QAX</arg>
<arg>20</arg>
<doc>Waits until `text` appears on current page.</doc>
<status status="PASS" starttime="20240208 17:05:27.351" endtime="20240208 17:05:35.331"/>
</kw>
<kw name="Click Text" library="AppiumLibrary">
<arg>QAX</arg>
<doc>Click text identified by ``text``.</doc>
<msg timestamp="20240208 17:05:41.890" level="INFO">xpath criteria: //*[contains(@text,"QAX")]</msg>
<status status="PASS" starttime="20240208 17:05:35.331" endtime="20240208 17:05:41.890"/>
</kw>
<status status="PASS" starttime="20240208 17:05:27.351" endtime="20240208 17:05:41.890"/>
</kw>
<kw name="Navigate to" library="base">
<arg>Star Wars</arg>
<kw name="Set Variable" library="BuiltIn">
<var>${hamburguer}</var>
<arg>xpath=//android.widget.ImageButton[@content-desc="Open navigation drawer"]</arg>
<doc>Returns the given values which can then be assigned to a variables.</doc>
<msg timestamp="20240208 17:05:41.893" level="INFO">${hamburguer} = xpath=//android.widget.ImageButton[@content-desc="Open navigation drawer"]</msg>
<status status="PASS" starttime="20240208 17:05:41.892" endtime="20240208 17:05:41.893"/>
</kw>
<kw name="Wait Until Element Is Visible" library="AppiumLibrary">
<arg>${hamburguer}</arg>
<arg>20</arg>
<doc>Waits until element specified with `locator` is visible.</doc>
<msg timestamp="20240208 17:05:43.831" level="INFO">xpath criteria: //android.widget.ImageButton[@content-desc="Open navigation drawer"]
xpath criteria: //android.widget.ImageButton[@content-desc="Open navigation drawer"]</msg>
<status status="PASS" starttime="20240208 17:05:41.893" endtime="20240208 17:05:43.831"/>
</kw>
<kw name="Click Element" library="AppiumLibrary">
<arg>${hamburguer}</arg>
<doc>Click element identified by `locator`.</doc>
<msg timestamp="20240208 17:05:43.833" level="INFO">Clicking element 'xpath=//android.widget.ImageButton[@content-desc="Open navigation drawer"]'.</msg>
<msg timestamp="20240208 17:05:44.269" level="INFO">xpath criteria: //android.widget.ImageButton[@content-desc="Open navigation drawer"]</msg>
<status status="PASS" starttime="20240208 17:05:43.831" endtime="20240208 17:05:44.269"/>
</kw>
<kw name="Set Variable" library="BuiltIn">
<var>${menu_item}</var>
<arg>xpath=//*[@resource-id="com.qaxperience.yodapp:id/navView"]//*[@text="${item_text}"]</arg>
<doc>Returns the given values which can then be assigned to a variables.</doc>
<msg timestamp="20240208 17:05:44.270" level="INFO">${menu_item} = xpath=//*[@resource-id="com.qaxperience.yodapp:id/navView"]//*[@text="Star Wars"]</msg>
<status status="PASS" starttime="20240208 17:05:44.270" endtime="20240208 17:05:44.270"/>
</kw>
<kw name="Wait Until Element Is Visible" library="AppiumLibrary">
<arg>${menu_item}</arg>
<arg>20</arg>
<doc>Waits until element specified with `locator` is visible.</doc>
<msg timestamp="20240208 17:05:46.865" level="INFO">xpath criteria: //*[@resource-id="com.qaxperience.yodapp:id/navView"]//*[@text="Star Wars"]</msg>
<status status="PASS" starttime="20240208 17:05:44.271" endtime="20240208 17:05:46.865"/>
</kw>
<kw name="Click Element" library="AppiumLibrary">
<arg>${menu_item}</arg>
<doc>Click element identified by `locator`.</doc>
<msg timestamp="20240208 17:05:46.869" level="INFO">Clicking element 'xpath=//*[@resource-id="com.qaxperience.yodapp:id/navView"]//*[@text="Star Wars"]'.</msg>
<msg timestamp="20240208 17:05:48.269" level="INFO">xpath criteria: //*[@resource-id="com.qaxperience.yodapp:id/navView"]//*[@text="Star Wars"]</msg>
<status status="PASS" starttime="20240208 17:05:46.865" endtime="20240208 17:05:48.269"/>
</kw>
<status status="PASS" starttime="20240208 17:05:41.892" endtime="20240208 17:05:48.270"/>
</kw>
<kw name="Go to item" library="base">
<arg>Lista</arg>
<arg>Luke Skywalker</arg>
<kw name="Wait Until Page Contains" library="AppiumLibrary">
<arg>${item}</arg>
<arg>20</arg>
<doc>Waits until `text` appears on current page.</doc>
<status status="PASS" starttime="20240208 17:05:48.271" endtime="20240208 17:05:49.561"/>
</kw>
<kw name="Click Text" library="AppiumLibrary">
<arg>${item}</arg>
<doc>Click text identified by ``text``.</doc>
<msg timestamp="20240208 17:05:50.494" level="INFO">xpath criteria: //*[contains(@text,"Lista")]</msg>
<status status="PASS" starttime="20240208 17:05:49.562" endtime="20240208 17:05:50.494"/>
</kw>
<kw name="Wait Until Page Contains" library="AppiumLibrary">
<arg>${checkpoint}</arg>
<arg>20</arg>
<doc>Waits until `text` appears on current page.</doc>
<status status="PASS" starttime="20240208 17:05:50.494" endtime="20240208 17:05:53.929"/>
</kw>
<status status="PASS" starttime="20240208 17:05:48.270" endtime="20240208 17:05:53.929"/>
</kw>
<kw name="Set Variable" library="BuiltIn">
<var>${origem}</var>
<arg>//android.widget.TextView[@text="@skywalker"]/../../..//*[contains(@resource-id, "drag_handle")]</arg>
<doc>Returns the given values which can then be assigned to a variables.</doc>
<msg timestamp="20240208 17:05:53.929" level="INFO">${origem} = //android.widget.TextView[@text="@skywalker"]/../../..//*[contains(@resource-id, "drag_handle")]</msg>
<status status="PASS" starttime="20240208 17:05:53.929" endtime="20240208 17:05:53.929"/>
</kw>
<kw name="Set Variable" library="BuiltIn">
<var>${destino}</var>
<arg>//android.widget.TextView[@text="@mando"]/../../..//*[contains(@resource-id, "drag_handle")]</arg>
<doc>Returns the given values which can then be assigned to a variables.</doc>
<msg timestamp="20240208 17:05:53.930" level="INFO">${destino} = //android.widget.TextView[@text="@mando"]/../../..//*[contains(@resource-id, "drag_handle")]</msg>
<status status="PASS" starttime="20240208 17:05:53.930" endtime="20240208 17:05:53.930"/>
</kw>
<kw name="My Drag And Drop" library="extend">
<arg>${origem}</arg>
<arg>${destino}</arg>
<status status="PASS" starttime="20240208 17:05:53.930" endtime="20240208 17:06:04.337"/>
</kw>
<kw name="Close session" library="base">
<kw name="Close Application" library="AppiumLibrary">
<doc>Closes the current application and also close webdriver session.</doc>
<status status="PASS" starttime="20240208 17:06:04.339" endtime="20240208 17:06:08.157"/>
</kw>
<status status="PASS" starttime="20240208 17:06:04.338" endtime="20240208 17:06:08.157"/>
</kw>
<status status="PASS" starttime="20240208 17:04:27.881" endtime="20240208 17:06:08.158"/>
</test>
<doc>Automação do drag and drop</doc>
<status status="PASS" starttime="20240208 17:04:27.862" endtime="20240208 17:06:08.159"/>
</suite>
<suite id="s1-s1-s5" name="Home" source="C:\QAx\projects-mobile\yodapp-robot\tests\home.robot">
<test id="s1-s1-s5-t1" name="Deve abrir a tela principal" line="9">
<kw name="Open Application" library="AppiumLibrary">
<arg>http://localhost:4723</arg>
<arg>platformName=Android</arg>
<arg>deviceName=Android Emulator</arg>
<arg>automationName=UiAutomator2</arg>
[...]
<status status="PASS" starttime="20240208 17:08:43.613" endtime="20240208 17:08:46.998"/>
</kw>
<status status="PASS" starttime="20240208 17:08:43.613" endtime="20240208 17:08:46.998"/>
</kw>
<status status="PASS" starttime="20240208 17:07:13.534" endtime="20240208 17:08:46.999"/>
</test>
<test id="s1-s1-s6-t2" name="Não deve logar com senha incorreta" line="23">
<kw name="Start Session" library="base">
<kw name="Open Application" library="AppiumLibrary">
<arg>http://localhost:4723</arg>
<arg>platformName=Android</arg>
<arg>deviceName=Android Emulator</arg>
<arg>automationName=UiAutomator2</arg>
<arg>app=${EXECDIR}/app/yodapp-beta.apk</arg>
<arg>udid=emulator-5554</arg>
<arg>ignoreHiddenApiPolicyError=true</arg>
<arg>autoGrantPermissions=true</arg>
<doc>Opens a new application to given Appium server.
Capabilities of appium server, Android and iOS,
Please check https://github.com/appium/appium/blob/master/docs/en/writing-running-appium/server-args.md
| *Option*            | *Man.* | *Description*     |
| remote_url          | Yes    | Appium server url |
| alias               | no     | alias             |
| strict_ssl          | No     | allows you to send commands to an invalid certificate host like a self-signed one. |</doc>
<status status="PASS" starttime="20240208 17:08:47.002" endtime="20240208 17:09:46.041"/>
</kw>
<status status="PASS" starttime="20240208 17:08:47.001" endtime="20240208 17:09:46.041"/>
</kw>
<kw name="Get started" library="base">
<kw name="Wait Until Page Contains" library="AppiumLibrary">
<arg>QAX</arg>
<arg>20</arg>
<doc>Waits until `text` appears on current page.</doc>
<status status="PASS" starttime="20240208 17:09:46.042" endtime="20240208 17:09:54.283"/>
</kw>
<kw name="Click Text" library="AppiumLibrary">
<arg>QAX</arg>
<doc>Click text identified by ``text``.</doc>
<msg timestamp="20240208 17:10:00.297" level="INFO">xpath criteria: //*[contains(@text,"QAX")]</msg>
<status status="PASS" starttime="20240208 17:09:54.284" endtime="20240208 17:10:00.297"/>
</kw>
<status status="PASS" starttime="20240208 17:09:46.041" endtime="20240208 17:10:00.297"/>
</kw>
<kw name="Navigate to" library="base">
<arg>Formulários</arg>
<kw name="Set Variable" library="BuiltIn">
<var>${hamburguer}</var>
<arg>xpath=//android.widget.ImageButton[@content-desc="Open navigation drawer"]</arg>
<doc>Returns the given values which can then be assigned to a variables.</doc>
<msg timestamp="20240208 17:10:00.299" level="INFO">${hamburguer} = xpath=//android.widget.ImageButton[@content-desc="Open navigation drawer"]</msg>
<status status="PASS" starttime="20240208 17:10:00.299" endtime="20240208 17:10:00.299"/>
</kw>
<kw name="Wait Until Element Is Visible" library="AppiumLibrary">
<arg>${hamburguer}</arg>
<arg>20</arg>
<doc>Waits until element specified with `locator` is visible.</doc>
<msg timestamp="20240208 17:10:02.271" level="INFO">xpath criteria: //android.widget.ImageButton[@content-desc="Open navigation drawer"]</msg>
<status status="PASS" starttime="20240208 17:10:00.299" endtime="20240208 17:10:02.272"/>
</kw>
<kw name="Click Element" library="AppiumLibrary">
<arg>${hamburguer}</arg>
<doc>Click element identified by `locator`.</doc>
<msg timestamp="20240208 17:10:02.275" level="INFO">Clicking element 'xpath=//android.widget.ImageButton[@content-desc="Open navigation drawer"]'.</msg>
<msg timestamp="20240208 17:10:03.127" level="INFO">xpath criteria: //android.widget.ImageButton[@content-desc="Open navigation drawer"]</msg>
<status status="PASS" starttime="20240208 17:10:02.272" endtime="20240208 17:10:03.127"/>
</kw>
<kw name="Set Variable" library="BuiltIn">
<var>${menu_item}</var>
<arg>xpath=//*[@resource-id="com.qaxperience.yodapp:id/navView"]//*[@text="${item_text}"]</arg>
<doc>Returns the given values which can then be assigned to a variables.</doc>
<msg timestamp="20240208 17:10:03.128" level="INFO">${menu_item} = xpath=//*[@resource-id="com.qaxperience.yodapp:id/navView"]//*[@text="Formulários"]</msg>
<status status="PASS" starttime="20240208 17:10:03.128" endtime="20240208 17:10:03.128"/>
</kw>
<kw name="Wait Until Element Is Visible" library="AppiumLibrary">
<arg>${menu_item}</arg>
<arg>20</arg>
<doc>Waits until element specified with `locator` is visible.</doc>
<msg timestamp="20240208 17:10:05.961" level="INFO">xpath criteria: //*[@resource-id="com.qaxperience.yodapp:id/navView"]//*[@text="Formulários"]</msg>
<status status="PASS" starttime="20240208 17:10:03.128" endtime="20240208 17:10:05.961"/>
</kw>
<kw name="Click Element" library="AppiumLibrary">
<arg>${menu_item}</arg>
<doc>Click element identified by `locator`.</doc>
<msg timestamp="20240208 17:10:05.966" level="INFO">Clicking element 'xpath=//*[@resource-id="com.qaxperience.yodapp:id/navView"]//*[@text="Formulários"]'.</msg>
<msg timestamp="20240208 17:10:06.936" level="INFO">xpath criteria: //*[@resource-id="com.qaxperience.yodapp:id/navView"]//*[@text="Formulários"]</msg>
<status status="PASS" starttime="20240208 17:10:05.962" endtime="20240208 17:10:06.936"/>
</kw>
<status status="PASS" starttime="20240208 17:10:00.298" endtime="20240208 17:10:06.936"/>
</kw>
<kw name="Go to item" library="base">
<arg>Login</arg>
<arg>Olá Padawan, vamos testar o login?</arg>
<kw name="Wait Until Page Contains" library="AppiumLibrary">
<arg>${item}</arg>
<arg>20</arg>
<doc>Waits until `text` appears on current page.</doc>
<status status="PASS" starttime="20240208 17:10:06.938" endtime="20240208 17:10:08.312"/>
</kw>
<kw name="Click Text" library="AppiumLibrary">
<arg>${item}</arg>
<doc>Click text identified by ``text``.</doc>
<msg timestamp="20240208 17:10:09.149" level="INFO">xpath criteria: //*[contains(@text,"Login")]</msg>
<status status="PASS" starttime="20240208 17:10:08.312" endtime="20240208 17:10:09.149"/>
</kw>
<kw name="Wait Until Page Contains" library="AppiumLibrary">
<arg>${checkpoint}</arg>
<arg>20</arg>
<doc>Waits until `text` appears on current page.</doc>
<status status="PASS" starttime="20240208 17:10:09.149" endtime="20240208 17:10:13.494"/>
</kw>
<status status="PASS" starttime="20240208 17:10:06.937" endtime="20240208 17:10:13.494"/>
</kw>
<kw name="Input Text" library="AppiumLibrary">
<arg>id=com.qaxperience.yodapp:id/etEmail</arg>
<arg>yoda@qax.com</arg>
<doc>Types the given `text` into text field identified by `locator`.</doc>
<msg timestamp="20240208 17:10:13.499" level="INFO">Typing text 'yoda@qax.com' into text field 'id=com.qaxperience.yodapp:id/etEmail'</msg>
<msg timestamp="20240208 17:10:14.745" level="INFO">criteria is com.qaxperience.yodapp:id/etEmail</msg>
<status status="PASS" starttime="20240208 17:10:13.495" endtime="20240208 17:10:14.745"/>
</kw>
<kw name="Input Text" library="AppiumLibrary">
<arg>id=com.qaxperience.yodapp:id/etPassword</arg>
<arg>pão</arg>
<doc>Types the given `text` into text field identified by `locator`.</doc>
<msg timestamp="20240208 17:10:14.751" level="INFO">Typing text 'pão' into text field 'id=com.qaxperience.yodapp:id/etPassword'</msg>
<msg timestamp="20240208 17:10:15.679" level="INFO">criteria is com.qaxperience.yodapp:id/etPassword</msg>
<status status="PASS" starttime="20240208 17:10:14.747" endtime="20240208 17:10:15.679"/>
</kw>
<kw name="Click Element" library="AppiumLibrary">
<arg>id=com.qaxperience.yodapp:id/btnSubmit</arg>
<doc>Click element identified by `locator`.</doc>
<msg timestamp="20240208 17:10:15.684" level="INFO">Clicking element 'id=com.qaxperience.yodapp:id/btnSubmit'.</msg>
<msg timestamp="20240208 17:10:16.878" level="INFO">criteria is com.qaxperience.yodapp:id/btnSubmit</msg>
<status status="PASS" starttime="20240208 17:10:15.681" endtime="20240208 17:10:16.878"/>
</kw>
<kw name="Wait Until Page Contains" library="AppiumLibrary">
<arg>Oops! Credenciais incorretas.</arg>
<arg>10</arg>
<doc>Waits until `text` appears on current page.</doc>
<status status="PASS" starttime="20240208 17:10:16.880" endtime="20240208 17:10:17.452"/>
</kw>
<kw name="Close session" library="base">
<kw name="Close Application" library="AppiumLibrary">
<doc>Closes the current application and also close webdriver session.</doc>
<status status="PASS" starttime="20240208 17:10:17.454" endtime="20240208 17:10:22.026"/>
</kw>
<status status="PASS" starttime="20240208 17:10:17.453" endtime="20240208 17:10:22.026"/>
</kw>
<status status="PASS" starttime="20240208 17:08:47.001" endtime="20240208 17:10:22.027"/>
</test>
<doc>Automação de login</doc>
<status status="PASS" starttime="20240208 17:07:13.523" endtime="20240208 17:10:22.028"/>
</suite>
<suite id="s1-s1-s7" name="Swipe" source="C:\QAx\projects-mobile\yodapp-robot\tests\swipe.robot">
<test id="s1-s1-s7-t1" name="Deve poder remover o Darth Vader" line="7">
<kw name="Start Session" library="base">
<kw name="Open Application" library="AppiumLibrary">
<arg>http://localhost:4723</arg>
<arg>platformName=Android</arg>
<arg>deviceName=Android Emulator</arg>
<arg>automationName=UiAutomator2</arg>
<arg>app=${EXECDIR}/app/yodapp-beta.apk</arg>
<arg>udid=emulator-5554</arg>
<arg>ignoreHiddenApiPolicyError=true</arg>
<arg>autoGrantPermissions=true</arg>
<doc>Opens a new application to given Appium server.
Capabilities of appium server, Android and iOS,
Please check https://github.com/appium/appium/blob/master/docs/en/writing-running-appium/server-args.md
| *Option*            | *Man.* | *Description*     |
| remote_url          | Yes    | Appium server url |
| alias               | no     | alias             |
| strict_ssl          | No     | allows you to send commands to an invalid certificate host like a self-signed one. |</doc>
<status status="PASS" starttime="20240208 17:10:22.040" endtime="20240208 17:11:20.906"/>
</kw>
<status status="PASS" starttime="20240208 17:10:22.040" endtime="20240208 17:11:20.906"/>
</kw>
<kw name="Get started" library="base">
<kw name="Wait Until Page Contains" library="AppiumLibrary">
<arg>QAX</arg>
<arg>20</arg>
<doc>Waits until `text` appears on current page.</doc>
<status status="PASS" starttime="20240208 17:11:20.907" endtime="20240208 17:11:28.559"/>
</kw>
<kw name="Click Text" library="AppiumLibrary">
<arg>QAX</arg>
<doc>Click text identified by ``text``.</doc>
<msg timestamp="20240208 17:11:35.050" level="INFO">xpath criteria: //*[contains(@text,"QAX")]</msg>
<status status="PASS" starttime="20240208 17:11:28.559" endtime="20240208 17:11:35.051"/>
</kw>
<status status="PASS" starttime="20240208 17:11:20.907" endtime="20240208 17:11:35.051"/>
</kw>
<kw name="Navigate to" library="base">
<arg>Star Wars</arg>
<kw name="Set Variable" library="BuiltIn">
<var>${hamburguer}</var>
<arg>xpath=//android.widget.ImageButton[@content-desc="Open navigation drawer"]</arg>
<doc>Returns the given values which can then be assigned to a variables.</doc>
<msg timestamp="20240208 17:11:35.052" level="INFO">${hamburguer} = xpath=//android.widget.ImageButton[@content-desc="Open navigation drawer"]</msg>
<status status="PASS" starttime="20240208 17:11:35.052" endtime="20240208 17:11:35.052"/>
</kw>
<kw name="Wait Until Element Is Visible" library="AppiumLibrary">
<arg>${hamburguer}</arg>
<arg>20</arg>
<doc>Waits until element specified with `locator` is visible.</doc>
<msg timestamp="20240208 17:11:37.145" level="INFO">xpath criteria: //android.widget.ImageButton[@content-desc="Open navigation drawer"]
xpath criteria: //android.widget.ImageButton[@content-desc="Open navigation drawer"]</msg>
<status status="PASS" starttime="20240208 17:11:35.052" endtime="20240208 17:11:37.145"/>
</kw>
<kw name="Click Element" library="AppiumLibrary">
<arg>${hamburguer}</arg>
<doc>Click element identified by `locator`.</doc>
<msg timestamp="20240208 17:11:37.151" level="INFO">Clicking element 'xpath=//android.widget.ImageButton[@content-desc="Open navigation drawer"]'.</msg>
<msg timestamp="20240208 17:11:37.648" level="INFO">xpath criteria: //android.widget.ImageButton[@content-desc="Open navigation drawer"]</msg>
<status status="PASS" starttime="20240208 17:11:37.146" endtime="20240208 17:11:37.648"/>
</kw>
<kw name="Set Variable" library="BuiltIn">
<var>${menu_item}</var>
<arg>xpath=//*[@resource-id="com.qaxperience.yodapp:id/navView"]//*[@text="${item_text}"]</arg>
<doc>Returns the given values which can then be assigned to a variables.</doc>
<msg timestamp="20240208 17:11:37.650" level="INFO">${menu_item} = xpath=//*[@resource-id="com.qaxperience.yodapp:id/navView"]//*[@text="Star Wars"]</msg>
<status status="PASS" starttime="20240208 17:11:37.649" endtime="20240208 17:11:37.650"/>
</kw>
<kw name="Wait Until Element Is Visible" library="AppiumLibrary">
<arg>${menu_item}</arg>
<arg>20</arg>
<doc>Waits until element specified with `locator` is visible.</doc>
<msg timestamp="20240208 17:11:40.585" level="INFO">xpath criteria: //*[@resource-id="com.qaxperience.yodapp:id/navView"]//*[@text="Star Wars"]</msg>
<status status="PASS" starttime="20240208 17:11:37.650" endtime="20240208 17:11:40.585"/>
</kw>
<kw name="Click Element" library="AppiumLibrary">
<arg>${menu_item}</arg>
<doc>Click element identified by `locator`.</doc>
<msg timestamp="20240208 17:11:40.587" level="INFO">Clicking element 'xpath=//*[@resource-id="com.qaxperience.yodapp:id/navView"]//*[@text="Star Wars"]'.</msg>
<msg timestamp="20240208 17:11:41.639" level="INFO">xpath criteria: //*[@resource-id="com.qaxperience.yodapp:id/navView"]//*[@text="Star Wars"]</msg>
<status status="PASS" starttime="20240208 17:11:40.585" endtime="20240208 17:11:41.639"/>
</kw>
<status status="PASS" starttime="20240208 17:11:35.051" endtime="20240208 17:11:41.640"/>
</kw>
<kw name="Go to item" library="base">
<arg>Lista</arg>
<arg>Darth Vader</arg>
<kw name="Wait Until Page Contains" library="AppiumLibrary">
<arg>${item}</arg>
<arg>20</arg>
<doc>Waits until `text` appears on current page.</doc>
<status status="PASS" starttime="20240208 17:11:41.641" endtime="20240208 17:11:42.817"/>
</kw>
<kw name="Click Text" library="AppiumLibrary">
<arg>${item}</arg>
<doc>Click text identified by ``text``.</doc>
<msg timestamp="20240208 17:11:43.824" level="INFO">xpath criteria: //*[contains(@text,"Lista")]</msg>
<status status="PASS" starttime="20240208 17:11:42.817" endtime="20240208 17:11:43.824"/>
</kw>
<kw name="Wait Until Page Contains" library="AppiumLibrary">
<arg>${checkpoint}</arg>
<arg>20</arg>
<doc>Waits until `text` appears on current page.</doc>
<status status="PASS" starttime="20240208 17:11:43.824" endtime="20240208 17:11:48.233"/>
</kw>
<status status="PASS" starttime="20240208 17:11:41.640" endtime="20240208 17:11:48.233"/>
</kw>
<kw name="Get Element Location" library="AppiumLibrary">
<var>${positions}</var>
<arg>xpath=//android.widget.TextView[@text="@darthvader"]/../../..//*[contains(@resource-id, "indicator")]</arg>
<doc>Get element location</doc>
<msg timestamp="20240208 17:11:48.844" level="INFO">Element 'xpath=//android.widget.TextView[@text="@darthvader"]/../../..//*[contains(@resource-id, "indicator")]' location: {'x': 640, 'y': 420} </msg>
<msg timestamp="20240208 17:11:48.844" level="INFO">xpath criteria: //android.widget.TextView[@text="@darthvader"]/../../..//*[contains(@resource-id, "indicator")]</msg>
<msg timestamp="20240208 17:11:48.844" level="INFO">${positions} = {'x': 640, 'y': 420}</msg>
<status status="PASS" starttime="20240208 17:11:48.234" endtime="20240208 17:11:48.844"/>
</kw>
<kw name="Set Variable" library="BuiltIn">
<var>${start_x}</var>
<arg>${positions}[x]</arg>
<doc>Returns the given values which can then be assigned to a variables.</doc>
<msg timestamp="20240208 17:11:48.845" level="INFO">${start_x} = 640</msg>
<status status="PASS" starttime="20240208 17:11:48.845" endtime="20240208 17:11:48.845"/>
</kw>
<kw name="Set Variable" library="BuiltIn">
<var>${start_y}</var>
<arg>${positions}[y]</arg>
<doc>Returns the given values which can then be assigned to a variables.</doc>
<msg timestamp="20240208 17:11:48.846" level="INFO">${start_y} = 420</msg>
<status status="PASS" starttime="20240208 17:11:48.845" endtime="20240208 17:11:48.846"/>
</kw>
<kw name="Evaluate" library="BuiltIn">
<var>${offset_x}</var>
<arg>${positions}[x] - 1200</arg>
<doc>Evaluates the given expression in Python and returns the result.</doc>
<msg timestamp="20240208 17:11:48.848" level="INFO">${offset_x} = -560</msg>
<status status="PASS" starttime="20240208 17:11:48.847" endtime="20240208 17:11:48.848"/>
</kw>
<kw name="Set Variable" library="BuiltIn">
<var>${offset_y}</var>
<arg>${positions}[y]</arg>
<doc>Returns the given values which can then be assigned to a variables.</doc>
<msg timestamp="20240208 17:11:48.849" level="INFO">${offset_y} = 420</msg>
<status status="PASS" starttime="20240208 17:11:48.848" endtime="20240208 17:11:48.849"/>
</kw>
<kw name="Swipe" library="AppiumLibrary">
<arg>${start_x}</arg>
<arg>${start_y}</arg>
<arg>${offset_x}</arg>
<arg>${offset_y}</arg>
<doc>Swipe from one point to another point, for an optional duration.</doc>
<status status="PASS" starttime="20240208 17:11:48.850" endtime="20240208 17:11:51.493"/>
</kw>
<kw name="Click Element" library="AppiumLibrary">
<arg>id=com.qaxperience.yodapp:id/btnRemove</arg>
<doc>Click element identified by `locator`.</doc>
<msg timestamp="20240208 17:11:51.496" level="INFO">Clicking element 'id=com.qaxperience.yodapp:id/btnRemove'.</msg>
<msg timestamp="20240208 17:11:52.275" level="INFO">criteria is com.qaxperience.yodapp:id/btnRemove</msg>
<status status="PASS" starttime="20240208 17:11:51.494" endtime="20240208 17:11:52.275"/>
</kw>
<kw name="Wait Until Page Does Not Contain" library="AppiumLibrary">
<arg>Darth Vader</arg>
<arg>10</arg>
<doc>Waits until `text` disappears from current page.</doc>
<status status="PASS" starttime="20240208 17:11:52.276" endtime="20240208 17:11:53.997"/>
</kw>
<kw name="Close session" library="base">
<kw name="Close Application" library="AppiumLibrary">
<doc>Closes the current application and also close webdriver session.</doc>
<status status="PASS" starttime="20240208 17:11:53.998" endtime="20240208 17:11:57.673"/>
</kw>
<status status="PASS" starttime="20240208 17:11:53.998" endtime="20240208 17:11:57.673"/>
</kw>
<status status="PASS" starttime="20240208 17:10:22.039" endtime="20240208 17:11:57.673"/>
</test>
<doc>Automação do swipe</doc>
<status status="PASS" starttime="20240208 17:10:22.030" endtime="20240208 17:11:57.675"/>
</suite>
<status status="PASS" starttime="20240208 16:51:55.052" endtime="20240208 17:11:57.679"/>
</suite>
<status status="PASS" starttime="20240208 16:51:54.998" endtime="20240208 17:11:57.684"/>
</suite>
<statistics>
<total>
<stat pass="13" fail="0" skip="0">All Tests</stat>
</total>
<tag>
<stat pass="1" fail="0" skip="0">longo</stat>
<stat pass="1" fail="0" skip="0">Radio</stat>
</tag>
<suite>
<stat pass="13" fail="0" skip="0" id="s1" name="Yodapp-Robot">Yodapp-Robot</stat>
<stat pass="13" fail="0" skip="0" id="s1-s1" name="Tests">Yodapp-Robot.Tests</stat>
<stat pass="4" fail="0" skip="0" id="s1-s1-s1" name="Cadastro">Yodapp-Robot.Tests.Cadastro</stat>
<stat pass="2" fail="0" skip="0" id="s1-s1-s2" name="Checkbox-Radio">Yodapp-Robot.Tests.Checkbox-Radio</stat>
<stat pass="2" fail="0" skip="0" id="s1-s1-s3" name="Click">Yodapp-Robot.Tests.Click</stat>
<stat pass="1" fail="0" skip="0" id="s1-s1-s4" name="Dragdrop">Yodapp-Robot.Tests.Dragdrop</stat>
<stat pass="1" fail="0" skip="0" id="s1-s1-s5" name="Home">Yodapp-Robot.Tests.Home</stat>
<stat pass="2" fail="0" skip="0" id="s1-s1-s6" name="Login">Yodapp-Robot.Tests.Login</stat>
<stat pass="1" fail="0" skip="0" id="s1-s1-s7" name="Swipe">Yodapp-Robot.Tests.Swipe</stat>
</suite>
</statistics>
<errors>
</errors>
</robot>
